<?xml version="1.0" encoding="UTF-8"?>
<coverage generated="1667869943865" clover="3.2.0">
  <project timestamp="1667869943865" name="All files">
    <metrics statements="2036" coveredstatements="1002" conditionals="1409" coveredconditionals="340" methods="542" coveredmethods="161" elements="3987" coveredelements="1503" complexity="0" loc="2036" ncloc="2036" packages="176" files="265" classes="265"/>
    <package name="commons.src.components.AlertModal">
      <metrics statements="3" coveredstatements="2" conditionals="1" coveredconditionals="0" methods="1" coveredmethods="0"/>
      <file name="AlertModal.tsx" path="/Volumes/macData/Projects/Braze/beacon/packages/commons/src/components/AlertModal/AlertModal.tsx">
        <metrics statements="3" coveredstatements="2" conditionals="1" coveredconditionals="0" methods="1" coveredmethods="0"/>
        <line num="9" count="49" type="stmt"/>
        <line num="16" count="0" type="stmt"/>
        <line num="27" count="49" type="stmt"/>
      </file>
    </package>
    <package name="commons.src.components.AlertModal.useAlertModal">
      <metrics statements="4" coveredstatements="1" conditionals="1" coveredconditionals="0" methods="2" coveredmethods="0"/>
      <file name="useAlertModal.ts" path="/Volumes/macData/Projects/Braze/beacon/packages/commons/src/components/AlertModal/useAlertModal/useAlertModal.ts">
        <metrics statements="4" coveredstatements="1" conditionals="1" coveredconditionals="0" methods="2" coveredmethods="0"/>
        <line num="5" count="49" type="cond" truecount="0" falsecount="1"/>
        <line num="6" count="0" type="stmt"/>
        <line num="7" count="0" type="stmt"/>
        <line num="9" count="0" type="stmt"/>
      </file>
    </package>
    <package name="commons.src.components.AlertModalBody">
      <metrics statements="3" coveredstatements="2" conditionals="0" coveredconditionals="0" methods="1" coveredmethods="0"/>
      <file name="AlertModalBody.tsx" path="/Volumes/macData/Projects/Braze/beacon/packages/commons/src/components/AlertModalBody/AlertModalBody.tsx">
        <metrics statements="3" coveredstatements="2" conditionals="0" coveredconditionals="0" methods="1" coveredmethods="0"/>
        <line num="6" count="49" type="stmt"/>
        <line num="8" count="0" type="stmt"/>
        <line num="10" count="49" type="stmt"/>
      </file>
    </package>
    <package name="commons.src.components.AlertModalButton">
      <metrics statements="4" coveredstatements="2" conditionals="0" coveredconditionals="0" methods="1" coveredmethods="0"/>
      <file name="AlertModalButton.tsx" path="/Volumes/macData/Projects/Braze/beacon/packages/commons/src/components/AlertModalButton/AlertModalButton.tsx">
        <metrics statements="4" coveredstatements="2" conditionals="0" coveredconditionals="0" methods="1" coveredmethods="0"/>
        <line num="8" count="49" type="stmt"/>
        <line num="11" count="0" type="stmt"/>
        <line num="13" count="0" type="stmt"/>
        <line num="16" count="49" type="stmt"/>
      </file>
    </package>
    <package name="commons.src.components.AlertModalFooter">
      <metrics statements="3" coveredstatements="2" conditionals="0" coveredconditionals="0" methods="1" coveredmethods="0"/>
      <file name="AlertModalFooter.tsx" path="/Volumes/macData/Projects/Braze/beacon/packages/commons/src/components/AlertModalFooter/AlertModalFooter.tsx">
        <metrics statements="3" coveredstatements="2" conditionals="0" coveredconditionals="0" methods="1" coveredmethods="0"/>
        <line num="6" count="49" type="stmt"/>
        <line num="8" count="0" type="stmt"/>
        <line num="10" count="49" type="stmt"/>
      </file>
    </package>
    <package name="commons.src.components.AlertModalHeading">
      <metrics statements="4" coveredstatements="2" conditionals="0" coveredconditionals="0" methods="1" coveredmethods="0"/>
      <file name="AlertModalHeading.tsx" path="/Volumes/macData/Projects/Braze/beacon/packages/commons/src/components/AlertModalHeading/AlertModalHeading.tsx">
        <metrics statements="4" coveredstatements="2" conditionals="0" coveredconditionals="0" methods="1" coveredmethods="0"/>
        <line num="12" count="49" type="stmt"/>
        <line num="16" count="0" type="stmt"/>
        <line num="18" count="0" type="stmt"/>
        <line num="28" count="49" type="stmt"/>
      </file>
    </package>
    <package name="commons.src.components.AlertModalIntentContext">
      <metrics statements="1" coveredstatements="1" conditionals="0" coveredconditionals="0" methods="0" coveredmethods="0"/>
      <file name="AlertModalIntentContext.tsx" path="/Volumes/macData/Projects/Braze/beacon/packages/commons/src/components/AlertModalIntentContext/AlertModalIntentContext.tsx">
        <metrics statements="1" coveredstatements="1" conditionals="0" coveredconditionals="0" methods="0" coveredmethods="0"/>
        <line num="6" count="49" type="stmt"/>
      </file>
    </package>
    <package name="commons.src.components.IconCircle">
      <metrics statements="12" coveredstatements="4" conditionals="6" coveredconditionals="0" methods="4" coveredmethods="0"/>
      <file name="IconCircle.tsx" path="/Volumes/macData/Projects/Braze/beacon/packages/commons/src/components/IconCircle/IconCircle.tsx">
        <metrics statements="9" coveredstatements="3" conditionals="6" coveredconditionals="0" methods="2" coveredmethods="0"/>
        <line num="8" count="49" type="stmt"/>
        <line num="11" count="0" type="cond" truecount="0" falsecount="5"/>
        <line num="13" count="0" type="stmt"/>
        <line num="15" count="0" type="stmt"/>
        <line num="17" count="0" type="stmt"/>
        <line num="20" count="0" type="stmt"/>
        <line num="24" count="49" type="stmt"/>
        <line num="29" count="0" type="stmt"/>
        <line num="38" count="49" type="stmt"/>
      </file>
      <file name="StyledIconCircle.ts" path="/Volumes/macData/Projects/Braze/beacon/packages/commons/src/components/IconCircle/StyledIconCircle.ts">
        <metrics statements="3" coveredstatements="1" conditionals="0" coveredconditionals="0" methods="2" coveredmethods="0"/>
        <line num="7" count="49" type="stmt"/>
        <line num="12" count="0" type="stmt"/>
        <line num="20" count="0" type="stmt"/>
      </file>
    </package>
    <package name="commons.src.components.InfoIcon">
      <metrics statements="3" coveredstatements="2" conditionals="4" coveredconditionals="0" methods="1" coveredmethods="0"/>
      <file name="InfoIcon.tsx" path="/Volumes/macData/Projects/Braze/beacon/packages/commons/src/components/InfoIcon/InfoIcon.tsx">
        <metrics statements="3" coveredstatements="2" conditionals="4" coveredconditionals="0" methods="1" coveredmethods="0"/>
        <line num="8" count="49" type="stmt"/>
        <line num="18" count="0" type="stmt"/>
        <line num="33" count="49" type="stmt"/>
      </file>
    </package>
    <package name="core.src.components.Annotation">
      <metrics statements="12" coveredstatements="2" conditionals="11" coveredconditionals="0" methods="3" coveredmethods="0"/>
      <file name="Annotation.tsx" path="/Volumes/macData/Projects/Braze/beacon/packages/core/src/components/Annotation/Annotation.tsx">
        <metrics statements="7" coveredstatements="1" conditionals="7" coveredconditionals="0" methods="2" coveredmethods="0"/>
        <line num="11" count="0" type="cond" truecount="0" falsecount="4"/>
        <line num="14" count="0" type="stmt"/>
        <line num="17" count="0" type="stmt"/>
        <line num="21" count="49" type="stmt"/>
        <line num="28" count="0" type="cond" truecount="0" falsecount="2"/>
        <line num="29" count="0" type="stmt"/>
        <line num="32" count="0" type="stmt"/>
      </file>
      <file name="StyledAnnotation.ts" path="/Volumes/macData/Projects/Braze/beacon/packages/core/src/components/Annotation/StyledAnnotation.ts">
        <metrics statements="5" coveredstatements="1" conditionals="4" coveredconditionals="0" methods="1" coveredmethods="0"/>
        <line num="9" count="0" type="cond" truecount="0" falsecount="4"/>
        <line num="11" count="0" type="stmt"/>
        <line num="19" count="0" type="stmt"/>
        <line num="28" count="0" type="stmt"/>
        <line num="38" count="49" type="stmt"/>
      </file>
    </package>
    <package name="core.src.components.BannerAlert">
      <metrics statements="6" coveredstatements="4" conditionals="2" coveredconditionals="0" methods="2" coveredmethods="0"/>
      <file name="BannerAlert.tsx" path="/Volumes/macData/Projects/Braze/beacon/packages/core/src/components/BannerAlert/BannerAlert.tsx">
        <metrics statements="3" coveredstatements="2" conditionals="0" coveredconditionals="0" methods="1" coveredmethods="0"/>
        <line num="9" count="49" type="stmt"/>
        <line num="16" count="0" type="stmt"/>
        <line num="29" count="49" type="stmt"/>
      </file>
      <file name="StyledBannerTransition.ts" path="/Volumes/macData/Projects/Braze/beacon/packages/core/src/components/BannerAlert/StyledBannerTransition.ts">
        <metrics statements="3" coveredstatements="2" conditionals="2" coveredconditionals="0" methods="1" coveredmethods="0"/>
        <line num="9" count="49" type="stmt"/>
        <line num="17" count="49" type="stmt"/>
        <line num="22" count="0" type="cond" truecount="0" falsecount="2"/>
      </file>
    </package>
    <package name="core.src.components.BannerAlert.IntentContext">
      <metrics statements="4" coveredstatements="3" conditionals="0" coveredconditionals="0" methods="1" coveredmethods="0"/>
      <file name="IntentContext.tsx" path="/Volumes/macData/Projects/Braze/beacon/packages/core/src/components/BannerAlert/IntentContext/IntentContext.tsx">
        <metrics statements="4" coveredstatements="3" conditionals="0" coveredconditionals="0" methods="1" coveredmethods="0"/>
        <line num="8" count="49" type="stmt"/>
        <line num="10" count="49" type="stmt"/>
        <line num="14" count="0" type="stmt"/>
        <line num="17" count="49" type="stmt"/>
      </file>
    </package>
    <package name="core.src.components.BannerAlert.getIntentColor">
      <metrics statements="3" coveredstatements="2" conditionals="2" coveredconditionals="0" methods="2" coveredmethods="1"/>
      <file name="getIntentColor.ts" path="/Volumes/macData/Projects/Braze/beacon/packages/core/src/components/BannerAlert/getIntentColor/getIntentColor.ts">
        <metrics statements="3" coveredstatements="2" conditionals="2" coveredconditionals="0" methods="2" coveredmethods="1"/>
        <line num="14" count="49" type="stmt"/>
        <line num="15" count="294" type="stmt"/>
        <line num="16" count="0" type="cond" truecount="0" falsecount="2"/>
      </file>
    </package>
    <package name="core.src.components.BannerAlertAccordion">
      <metrics statements="9" coveredstatements="4" conditionals="4" coveredconditionals="0" methods="2" coveredmethods="0"/>
      <file name="BannerAlertAccordion.tsx" path="/Volumes/macData/Projects/Braze/beacon/packages/core/src/components/BannerAlertAccordion/BannerAlertAccordion.tsx">
        <metrics statements="6" coveredstatements="2" conditionals="4" coveredconditionals="0" methods="1" coveredmethods="0"/>
        <line num="9" count="49" type="stmt"/>
        <line num="15" count="0" type="stmt"/>
        <line num="17" count="0" type="cond" truecount="0" falsecount="2"/>
        <line num="18" count="0" type="stmt"/>
        <line num="21" count="0" type="stmt"/>
        <line num="31" count="49" type="stmt"/>
      </file>
      <file name="StyledAccordion.ts" path="/Volumes/macData/Projects/Braze/beacon/packages/core/src/components/BannerAlertAccordion/StyledAccordion.ts">
        <metrics statements="3" coveredstatements="2" conditionals="0" coveredconditionals="0" methods="1" coveredmethods="0"/>
        <line num="15" count="49" type="stmt"/>
        <line num="17" count="49" type="stmt"/>
        <line num="20" count="0" type="stmt"/>
      </file>
    </package>
    <package name="core.src.components.BannerAlertAccordionBody">
      <metrics statements="4" coveredstatements="3" conditionals="0" coveredconditionals="0" methods="1" coveredmethods="0"/>
      <file name="BannerAlertAccordionBody.ts" path="/Volumes/macData/Projects/Braze/beacon/packages/core/src/components/BannerAlertAccordionBody/BannerAlertAccordionBody.ts">
        <metrics statements="4" coveredstatements="3" conditionals="0" coveredconditionals="0" methods="1" coveredmethods="0"/>
        <line num="7" count="49" type="stmt"/>
        <line num="9" count="0" type="stmt"/>
        <line num="13" count="49" type="stmt"/>
        <line num="20" count="49" type="stmt"/>
      </file>
    </package>
    <package name="core.src.components.BannerAlertAccordionFooter">
      <metrics statements="3" coveredstatements="3" conditionals="0" coveredconditionals="0" methods="1" coveredmethods="0"/>
      <file name="BannerAlertAccordionFooter.ts" path="/Volumes/macData/Projects/Braze/beacon/packages/core/src/components/BannerAlertAccordionFooter/BannerAlertAccordionFooter.ts">
        <metrics statements="3" coveredstatements="3" conditionals="0" coveredconditionals="0" methods="1" coveredmethods="0"/>
        <line num="7" count="49" type="stmt"/>
        <line num="11" count="49" type="stmt"/>
        <line num="19" count="49" type="stmt"/>
      </file>
    </package>
    <package name="core.src.components.BannerAlertAccordionHeader">
      <metrics statements="4" coveredstatements="3" conditionals="0" coveredconditionals="0" methods="1" coveredmethods="0"/>
      <file name="BannerAlertAccordionHeader.tsx" path="/Volumes/macData/Projects/Braze/beacon/packages/core/src/components/BannerAlertAccordionHeader/BannerAlertAccordionHeader.tsx">
        <metrics statements="3" coveredstatements="2" conditionals="0" coveredconditionals="0" methods="1" coveredmethods="0"/>
        <line num="7" count="49" type="stmt"/>
        <line num="11" count="0" type="stmt"/>
        <line num="18" count="49" type="stmt"/>
      </file>
      <file name="StyledBannerAlertAccordionHeader.ts" path="/Volumes/macData/Projects/Braze/beacon/packages/core/src/components/BannerAlertAccordionHeader/StyledBannerAlertAccordionHeader.ts">
        <metrics statements="1" coveredstatements="1" conditionals="0" coveredconditionals="0" methods="0" coveredmethods="0"/>
        <line num="8" count="49" type="stmt"/>
      </file>
    </package>
    <package name="core.src.components.BannerAlertAction">
      <metrics statements="4" coveredstatements="2" conditionals="2" coveredconditionals="0" methods="1" coveredmethods="0"/>
      <file name="BannerAlertAction.tsx" path="/Volumes/macData/Projects/Braze/beacon/packages/core/src/components/BannerAlertAction/BannerAlertAction.tsx">
        <metrics statements="4" coveredstatements="2" conditionals="2" coveredconditionals="0" methods="1" coveredmethods="0"/>
        <line num="9" count="49" type="stmt"/>
        <line num="14" count="0" type="stmt"/>
        <line num="16" count="0" type="stmt"/>
        <line num="27" count="49" type="stmt"/>
      </file>
    </package>
    <package name="core.src.components.BannerAlertBody">
      <metrics statements="10" coveredstatements="6" conditionals="6" coveredconditionals="0" methods="2" coveredmethods="0"/>
      <file name="BannerAlertBody.tsx" path="/Volumes/macData/Projects/Braze/beacon/packages/core/src/components/BannerAlertBody/BannerAlertBody.tsx">
        <metrics statements="4" coveredstatements="2" conditionals="4" coveredconditionals="0" methods="1" coveredmethods="0"/>
        <line num="12" count="49" type="stmt"/>
        <line num="18" count="0" type="stmt"/>
        <line num="20" count="0" type="stmt"/>
        <line num="39" count="49" type="stmt"/>
      </file>
      <file name="StyledBannerBody.ts" path="/Volumes/macData/Projects/Braze/beacon/packages/core/src/components/BannerAlertBody/StyledBannerBody.ts">
        <metrics statements="1" coveredstatements="1" conditionals="0" coveredconditionals="0" methods="0" coveredmethods="0"/>
        <line num="3" count="49" type="stmt"/>
      </file>
      <file name="StyledBannerBodyWrapper.ts" path="/Volumes/macData/Projects/Braze/beacon/packages/core/src/components/BannerAlertBody/StyledBannerBodyWrapper.ts">
        <metrics statements="4" coveredstatements="2" conditionals="2" coveredconditionals="0" methods="1" coveredmethods="0"/>
        <line num="6" count="49" type="stmt"/>
        <line num="7" count="0" type="cond" truecount="0" falsecount="2"/>
        <line num="9" count="0" type="stmt"/>
        <line num="14" count="49" type="stmt"/>
      </file>
      <file name="StyledBodyWrapper.ts" path="/Volumes/macData/Projects/Braze/beacon/packages/core/src/components/BannerAlertBody/StyledBodyWrapper.ts">
        <metrics statements="1" coveredstatements="1" conditionals="0" coveredconditionals="0" methods="0" coveredmethods="0"/>
        <line num="3" count="49" type="stmt"/>
      </file>
    </package>
    <package name="core.src.components.BannerAlertClose">
      <metrics statements="5" coveredstatements="4" conditionals="0" coveredconditionals="0" methods="1" coveredmethods="0"/>
      <file name="BannerAlertClose.tsx" path="/Volumes/macData/Projects/Braze/beacon/packages/core/src/components/BannerAlertClose/BannerAlertClose.tsx">
        <metrics statements="3" coveredstatements="2" conditionals="0" coveredconditionals="0" methods="1" coveredmethods="0"/>
        <line num="9" count="49" type="stmt"/>
        <line num="13" count="0" type="stmt"/>
        <line num="24" count="49" type="stmt"/>
      </file>
      <file name="StyledClose.ts" path="/Volumes/macData/Projects/Braze/beacon/packages/core/src/components/BannerAlertClose/StyledClose.ts">
        <metrics statements="2" coveredstatements="2" conditionals="0" coveredconditionals="0" methods="0" coveredmethods="0"/>
        <line num="14" count="49" type="stmt"/>
        <line num="16" count="49" type="stmt"/>
      </file>
    </package>
    <package name="core.src.components.BannerAlertDescription">
      <metrics statements="4" coveredstatements="3" conditionals="0" coveredconditionals="0" methods="1" coveredmethods="0"/>
      <file name="BannerAlertDescription.ts" path="/Volumes/macData/Projects/Braze/beacon/packages/core/src/components/BannerAlertDescription/BannerAlertDescription.ts">
        <metrics statements="4" coveredstatements="3" conditionals="0" coveredconditionals="0" methods="1" coveredmethods="0"/>
        <line num="7" count="49" type="stmt"/>
        <line num="9" count="0" type="stmt"/>
        <line num="13" count="49" type="stmt"/>
        <line num="21" count="49" type="stmt"/>
      </file>
    </package>
    <package name="core.src.components.BannerAlertDescriptionText">
      <metrics statements="4" coveredstatements="3" conditionals="0" coveredconditionals="0" methods="1" coveredmethods="0"/>
      <file name="BannerAlertDescriptionText.ts" path="/Volumes/macData/Projects/Braze/beacon/packages/core/src/components/BannerAlertDescriptionText/BannerAlertDescriptionText.ts">
        <metrics statements="4" coveredstatements="3" conditionals="0" coveredconditionals="0" methods="1" coveredmethods="0"/>
        <line num="6" count="49" type="stmt"/>
        <line num="8" count="0" type="stmt"/>
        <line num="12" count="49" type="stmt"/>
        <line num="18" count="49" type="stmt"/>
      </file>
    </package>
    <package name="core.src.components.BannerAlertIcon">
      <metrics statements="14" coveredstatements="5" conditionals="8" coveredconditionals="0" methods="3" coveredmethods="0"/>
      <file name="BannerAlertIcon.tsx" path="/Volumes/macData/Projects/Braze/beacon/packages/core/src/components/BannerAlertIcon/BannerAlertIcon.tsx">
        <metrics statements="11" coveredstatements="3" conditionals="6" coveredconditionals="0" methods="2" coveredmethods="0"/>
        <line num="17" count="49" type="stmt"/>
        <line num="18" count="0" type="cond" truecount="0" falsecount="2"/>
        <line num="19" count="0" type="stmt"/>
        <line num="22" count="0" type="cond" truecount="0" falsecount="2"/>
        <line num="23" count="0" type="stmt"/>
        <line num="26" count="0" type="cond" truecount="0" falsecount="2"/>
        <line num="27" count="0" type="stmt"/>
        <line num="30" count="0" type="stmt"/>
        <line num="33" count="49" type="stmt"/>
        <line num="36" count="0" type="stmt"/>
        <line num="47" count="49" type="stmt"/>
      </file>
      <file name="StyledBannerIcon.ts" path="/Volumes/macData/Projects/Braze/beacon/packages/core/src/components/BannerAlertIcon/StyledBannerIcon.ts">
        <metrics statements="3" coveredstatements="2" conditionals="2" coveredconditionals="0" methods="1" coveredmethods="0"/>
        <line num="8" count="49" type="stmt"/>
        <line num="10" count="49" type="stmt"/>
        <line num="17" count="0" type="cond" truecount="0" falsecount="2"/>
      </file>
    </package>
    <package name="core.src.components.BannerAlertLink">
      <metrics statements="13" coveredstatements="9" conditionals="9" coveredconditionals="0" methods="2" coveredmethods="0"/>
      <file name="BannerAlertLink.tsx" path="/Volumes/macData/Projects/Braze/beacon/packages/core/src/components/BannerAlertLink/BannerAlertLink.tsx">
        <metrics statements="6" coveredstatements="2" conditionals="9" coveredconditionals="0" methods="1" coveredmethods="0"/>
        <line num="13" count="49" type="stmt"/>
        <line num="22" count="0" type="stmt"/>
        <line num="23" count="0" type="cond" truecount="0" falsecount="2"/>
        <line num="25" count="0" type="stmt"/>
        <line num="27" count="0" type="cond" truecount="0" falsecount="2"/>
        <line num="58" count="49" type="stmt"/>
      </file>
      <file name="StyledBannerButton.ts" path="/Volumes/macData/Projects/Braze/beacon/packages/core/src/components/BannerAlertLink/StyledBannerButton.ts">
        <metrics statements="2" coveredstatements="2" conditionals="0" coveredconditionals="0" methods="1" coveredmethods="0"/>
        <line num="7" count="49" type="stmt"/>
        <line num="18" count="49" type="stmt"/>
      </file>
      <file name="StyledBannerLink.ts" path="/Volumes/macData/Projects/Braze/beacon/packages/core/src/components/BannerAlertLink/StyledBannerLink.ts">
        <metrics statements="4" coveredstatements="4" conditionals="0" coveredconditionals="0" methods="0" coveredmethods="0"/>
        <line num="16" count="49" type="stmt"/>
        <line num="25" count="49" type="stmt"/>
        <line num="27" count="49" type="stmt"/>
        <line num="39" count="49" type="stmt"/>
      </file>
      <file name="StyledCaretWrapper.ts" path="/Volumes/macData/Projects/Braze/beacon/packages/core/src/components/BannerAlertLink/StyledCaretWrapper.ts">
        <metrics statements="1" coveredstatements="1" conditionals="0" coveredconditionals="0" methods="0" coveredmethods="0"/>
        <line num="3" count="49" type="stmt"/>
      </file>
    </package>
    <package name="core.src.components.BannerAlertLink.BannerAlertLinkStyling">
      <metrics statements="1" coveredstatements="1" conditionals="0" coveredconditionals="0" methods="0" coveredmethods="0"/>
      <file name="bannerAlertLinkStyling.ts" path="/Volumes/macData/Projects/Braze/beacon/packages/core/src/components/BannerAlertLink/BannerAlertLinkStyling/bannerAlertLinkStyling.ts">
        <metrics statements="1" coveredstatements="1" conditionals="0" coveredconditionals="0" methods="0" coveredmethods="0"/>
        <line num="9" count="49" type="stmt"/>
      </file>
    </package>
    <package name="core.src.components.BannerAlertTitle">
      <metrics statements="4" coveredstatements="3" conditionals="0" coveredconditionals="0" methods="1" coveredmethods="0"/>
      <file name="BannerAlertTitle.ts" path="/Volumes/macData/Projects/Braze/beacon/packages/core/src/components/BannerAlertTitle/BannerAlertTitle.ts">
        <metrics statements="4" coveredstatements="3" conditionals="0" coveredconditionals="0" methods="1" coveredmethods="0"/>
        <line num="12" count="49" type="stmt"/>
        <line num="14" count="0" type="stmt"/>
        <line num="18" count="49" type="stmt"/>
        <line num="28" count="49" type="stmt"/>
      </file>
    </package>
    <package name="core.src.components.BodyText">
      <metrics statements="21" coveredstatements="16" conditionals="17" coveredconditionals="7" methods="7" coveredmethods="7"/>
      <file name="BodyText.tsx" path="/Volumes/macData/Projects/Braze/beacon/packages/core/src/components/BodyText/BodyText.tsx">
        <metrics statements="3" coveredstatements="3" conditionals="2" coveredconditionals="1" methods="1" coveredmethods="1"/>
        <line num="7" count="49" type="stmt"/>
        <line num="12" count="225" type="stmt"/>
        <line num="22" count="49" type="stmt"/>
      </file>
      <file name="StyledBodyText.ts" path="/Volumes/macData/Projects/Braze/beacon/packages/core/src/components/BodyText/StyledBodyText.ts">
        <metrics statements="18" coveredstatements="13" conditionals="15" coveredconditionals="6" methods="6" coveredmethods="6"/>
        <line num="15" count="225" type="cond" truecount="3" falsecount="1"/>
        <line num="17" count="28" type="stmt"/>
        <line num="23" count="0" type="stmt"/>
        <line num="30" count="197" type="stmt"/>
        <line num="39" count="225" type="cond" truecount="1" falsecount="5"/>
        <line num="43" count="0" type="stmt"/>
        <line num="47" count="0" type="stmt"/>
        <line num="51" count="0" type="stmt"/>
        <line num="55" count="225" type="stmt"/>
        <line num="59" count="49" type="stmt"/>
        <line num="63" count="225" type="stmt"/>
        <line num="68" count="49" type="stmt"/>
        <line num="69" count="225" type="cond" truecount="1" falsecount="1"/>
        <line num="70" count="225" type="stmt"/>
        <line num="73" count="0" type="stmt"/>
        <line num="78" count="49" type="stmt"/>
        <line num="84" count="225" type="cond" truecount="1" falsecount="1"/>
        <line num="85" count="225" type="stmt"/>
      </file>
    </package>
    <package name="core.src.components.Box">
      <metrics statements="12" coveredstatements="10" conditionals="9" coveredconditionals="2" methods="5" coveredmethods="5"/>
      <file name="Box.tsx" path="/Volumes/macData/Projects/Braze/beacon/packages/core/src/components/Box/Box.tsx">
        <metrics statements="8" coveredstatements="6" conditionals="7" coveredconditionals="1" methods="2" coveredmethods="2"/>
        <line num="7" count="49" type="stmt"/>
        <line num="12" count="28" type="stmt"/>
        <line num="13" count="28" type="cond" truecount="1" falsecount="1"/>
        <line num="14" count="28" type="stmt"/>
        <line num="17" count="0" type="cond" truecount="0" falsecount="2"/>
        <line num="22" count="0" type="stmt"/>
        <line num="28" count="28" type="stmt"/>
        <line num="39" count="49" type="stmt"/>
      </file>
      <file name="StyledBox.ts" path="/Volumes/macData/Projects/Braze/beacon/packages/core/src/components/Box/StyledBox.ts">
        <metrics statements="4" coveredstatements="4" conditionals="2" coveredconditionals="1" methods="3" coveredmethods="3"/>
        <line num="6" count="49" type="stmt"/>
        <line num="7" count="28" type="cond" truecount="1" falsecount="1"/>
        <line num="10" count="28" type="stmt"/>
        <line num="12" count="28" type="stmt"/>
      </file>
    </package>
    <package name="core.src.components.Box.getBoxCss">
      <metrics statements="16" coveredstatements="12" conditionals="29" coveredconditionals="13" methods="2" coveredmethods="2"/>
      <file name="getBoxCss.ts" path="/Volumes/macData/Projects/Braze/beacon/packages/core/src/components/Box/getBoxCss/getBoxCss.ts">
        <metrics statements="16" coveredstatements="12" conditionals="29" coveredconditionals="13" methods="2" coveredmethods="2"/>
        <line num="16" count="49" type="stmt"/>
        <line num="21" count="72" type="cond" truecount="1" falsecount="1"/>
        <line num="22" count="0" type="stmt"/>
        <line num="27" count="72" type="cond" truecount="2" falsecount="0"/>
        <line num="28" count="36" type="cond" truecount="2" falsecount="2"/>
        <line num="29" count="0" type="stmt"/>
        <line num="37" count="36" type="cond" truecount="1" falsecount="1"/>
        <line num="38" count="0" type="stmt"/>
        <line num="47" count="36" type="cond" truecount="1" falsecount="1"/>
        <line num="48" count="0" type="stmt"/>
        <line num="56" count="36" type="stmt"/>
        <line num="64" count="36" type="stmt"/>
        <line num="76" count="49" type="stmt"/>
        <line num="81" count="36" type="stmt"/>
        <line num="82" count="36" type="stmt"/>
        <line num="84" count="36" type="stmt"/>
      </file>
    </package>
    <package name="core.src.components.BrazeIcon">
      <metrics statements="32" coveredstatements="22" conditionals="4" coveredconditionals="2" methods="23" coveredmethods="7"/>
      <file name="BrazeIcon.tsx" path="/Volumes/macData/Projects/Braze/beacon/packages/core/src/components/BrazeIcon/BrazeIcon.tsx">
        <metrics statements="31" coveredstatements="21" conditionals="4" coveredconditionals="2" methods="23" coveredmethods="7"/>
        <line num="8" count="49" type="stmt"/>
        <line num="9" count="0" type="stmt"/>
        <line num="12" count="49" type="stmt"/>
        <line num="13" count="0" type="stmt"/>
        <line num="18" count="49" type="stmt"/>
        <line num="19" count="0" type="stmt"/>
        <line num="22" count="49" type="stmt"/>
        <line num="23" count="2" type="stmt"/>
        <line num="28" count="49" type="stmt"/>
        <line num="29" count="0" type="stmt"/>
        <line num="32" count="49" type="stmt"/>
        <line num="33" count="0" type="stmt"/>
        <line num="38" count="49" type="stmt"/>
        <line num="39" count="2" type="stmt"/>
        <line num="42" count="49" type="stmt"/>
        <line num="43" count="0" type="stmt"/>
        <line num="46" count="49" type="stmt"/>
        <line num="47" count="0" type="stmt"/>
        <line num="50" count="49" type="stmt"/>
        <line num="51" count="2" type="stmt"/>
        <line num="56" count="49" type="stmt"/>
        <line num="57" count="0" type="stmt"/>
        <line num="61" count="49" type="stmt"/>
        <line num="76" count="49" type="stmt"/>
        <line num="82" count="8" type="cond" truecount="1" falsecount="1"/>
        <line num="83" count="0" type="stmt"/>
        <line num="87" count="8" type="stmt"/>
        <line num="91" count="8" type="cond" truecount="1" falsecount="1"/>
        <line num="92" count="0" type="stmt"/>
        <line num="95" count="8" type="stmt"/>
        <line num="107" count="49" type="stmt"/>
      </file>
      <file name="StyledBrazeIcon.ts" path="/Volumes/macData/Projects/Braze/beacon/packages/core/src/components/BrazeIcon/StyledBrazeIcon.ts">
        <metrics statements="1" coveredstatements="1" conditionals="0" coveredconditionals="0" methods="0" coveredmethods="0"/>
        <line num="5" count="49" type="stmt"/>
      </file>
    </package>
    <package name="core.src.components.BrazeIcon.CampaignComparison">
      <metrics statements="3" coveredstatements="3" conditionals="0" coveredconditionals="0" methods="1" coveredmethods="1"/>
      <file name="CampaignComparison.tsx" path="/Volumes/macData/Projects/Braze/beacon/packages/core/src/components/BrazeIcon/CampaignComparison/CampaignComparison.tsx">
        <metrics statements="3" coveredstatements="3" conditionals="0" coveredconditionals="0" methods="1" coveredmethods="1"/>
        <line num="6" count="2" type="stmt"/>
        <line num="10" count="4" type="stmt"/>
        <line num="47" count="2" type="stmt"/>
      </file>
    </package>
    <package name="core.src.components.BrazeIcon.FunnelReport">
      <metrics statements="3" coveredstatements="3" conditionals="0" coveredconditionals="0" methods="1" coveredmethods="1"/>
      <file name="FunnelReport.tsx" path="/Volumes/macData/Projects/Braze/beacon/packages/core/src/components/BrazeIcon/FunnelReport/FunnelReport.tsx">
        <metrics statements="3" coveredstatements="3" conditionals="0" coveredconditionals="0" methods="1" coveredmethods="1"/>
        <line num="6" count="2" type="stmt"/>
        <line num="10" count="2" type="stmt"/>
        <line num="110" count="2" type="stmt"/>
      </file>
    </package>
    <package name="core.src.components.BrazeIcon.RetentionReport">
      <metrics statements="3" coveredstatements="3" conditionals="0" coveredconditionals="0" methods="1" coveredmethods="1"/>
      <file name="RetentionReport.tsx" path="/Volumes/macData/Projects/Braze/beacon/packages/core/src/components/BrazeIcon/RetentionReport/RetentionReport.tsx">
        <metrics statements="3" coveredstatements="3" conditionals="0" coveredconditionals="0" methods="1" coveredmethods="1"/>
        <line num="6" count="2" type="stmt"/>
        <line num="10" count="2" type="stmt"/>
        <line num="65" count="2" type="stmt"/>
      </file>
    </package>
    <package name="core.src.components.Button">
      <metrics statements="30" coveredstatements="18" conditionals="49" coveredconditionals="19" methods="6" coveredmethods="6"/>
      <file name="Button.tsx" path="/Volumes/macData/Projects/Braze/beacon/packages/core/src/components/Button/Button.tsx">
        <metrics statements="12" coveredstatements="8" conditionals="24" coveredconditionals="15" methods="2" coveredmethods="2"/>
        <line num="10" count="49" type="stmt"/>
        <line num="13" count="167" type="stmt"/>
        <line num="15" count="167" type="cond" truecount="1" falsecount="1"/>
        <line num="16" count="167" type="stmt"/>
        <line num="19" count="0" type="cond" truecount="0" falsecount="4"/>
        <line num="21" count="0" type="stmt"/>
        <line num="23" count="0" type="stmt"/>
        <line num="26" count="0" type="stmt"/>
        <line num="30" count="49" type="stmt"/>
        <line num="47" count="167" type="stmt"/>
        <line num="49" count="167" type="stmt"/>
        <line num="87" count="49" type="stmt"/>
      </file>
      <file name="StyledButton.ts" path="/Volumes/macData/Projects/Braze/beacon/packages/core/src/components/Button/StyledButton.ts">
        <metrics statements="18" coveredstatements="10" conditionals="25" coveredconditionals="4" methods="4" coveredmethods="4"/>
        <line num="19" count="49" type="stmt"/>
        <line num="20" count="167" type="cond" truecount="1" falsecount="2"/>
        <line num="22" count="0" type="stmt"/>
        <line num="36" count="167" type="stmt"/>
        <line num="41" count="0" type="stmt"/>
        <line num="49" count="49" type="stmt"/>
        <line num="50" count="167" type="cond" truecount="1" falsecount="3"/>
        <line num="52" count="167" type="cond" truecount="1" falsecount="1"/>
        <line num="53" count="0" type="stmt"/>
        <line num="71" count="167" type="stmt"/>
        <line num="92" count="0" type="cond" truecount="0" falsecount="2"/>
        <line num="93" count="0" type="stmt"/>
        <line num="111" count="0" type="stmt"/>
        <line num="129" count="0" type="stmt"/>
        <line num="152" count="0" type="stmt"/>
        <line num="184" count="49" type="stmt"/>
        <line num="188" count="167" type="cond" truecount="1" falsecount="1"/>
        <line num="197" count="167" type="stmt"/>
      </file>
    </package>
    <package name="core.src.components.Button.ButtonContent">
      <metrics statements="15" coveredstatements="12" conditionals="18" coveredconditionals="9" methods="5" coveredmethods="5"/>
      <file name="ButtonContent.tsx" path="/Volumes/macData/Projects/Braze/beacon/packages/core/src/components/Button/ButtonContent/ButtonContent.tsx">
        <metrics statements="11" coveredstatements="8" conditionals="14" coveredconditionals="7" methods="3" coveredmethods="3"/>
        <line num="9" count="49" type="stmt"/>
        <line num="20" count="167" type="stmt"/>
        <line num="24" count="167" type="stmt"/>
        <line num="25" count="49" type="cond" truecount="2" falsecount="2"/>
        <line num="26" count="0" type="stmt"/>
        <line num="31" count="167" type="cond" truecount="1" falsecount="1"/>
        <line num="32" count="0" type="stmt"/>
        <line num="45" count="167" type="cond" truecount="1" falsecount="1"/>
        <line num="46" count="0" type="stmt"/>
        <line num="49" count="167" type="stmt"/>
        <line num="57" count="167" type="cond" truecount="1" falsecount="1"/>
      </file>
      <file name="StyledButtonContent.ts" path="/Volumes/macData/Projects/Braze/beacon/packages/core/src/components/Button/ButtonContent/StyledButtonContent.ts">
        <metrics statements="4" coveredstatements="4" conditionals="4" coveredconditionals="2" methods="2" coveredmethods="2"/>
        <line num="6" count="49" type="stmt"/>
        <line num="15" count="49" type="stmt"/>
        <line num="17" count="167" type="cond" truecount="1" falsecount="1"/>
        <line num="20" count="167" type="cond" truecount="1" falsecount="1"/>
      </file>
    </package>
    <package name="core.src.components.Button.LoadedWithIcon">
      <metrics statements="5" coveredstatements="3" conditionals="2" coveredconditionals="0" methods="2" coveredmethods="0"/>
      <file name="LoadedWithIcon.tsx" path="/Volumes/macData/Projects/Braze/beacon/packages/core/src/components/Button/LoadedWithIcon/LoadedWithIcon.tsx">
        <metrics statements="2" coveredstatements="1" conditionals="0" coveredconditionals="0" methods="1" coveredmethods="0"/>
        <line num="8" count="49" type="stmt"/>
        <line num="12" count="0" type="stmt"/>
      </file>
      <file name="StyledLoadedWithIcon.ts" path="/Volumes/macData/Projects/Braze/beacon/packages/core/src/components/Button/LoadedWithIcon/StyledLoadedWithIcon.ts">
        <metrics statements="3" coveredstatements="2" conditionals="2" coveredconditionals="0" methods="1" coveredmethods="0"/>
        <line num="6" count="49" type="stmt"/>
        <line num="24" count="49" type="stmt"/>
        <line num="37" count="0" type="cond" truecount="0" falsecount="2"/>
      </file>
    </package>
    <package name="core.src.components.Button.LoadingIconWithGradient">
      <metrics statements="27" coveredstatements="12" conditionals="18" coveredconditionals="0" methods="5" coveredmethods="0"/>
      <file name="LoadingIconWithGradient.tsx" path="/Volumes/macData/Projects/Braze/beacon/packages/core/src/components/Button/LoadingIconWithGradient/LoadingIconWithGradient.tsx">
        <metrics statements="4" coveredstatements="2" conditionals="0" coveredconditionals="0" methods="1" coveredmethods="0"/>
        <line num="14" count="49" type="stmt"/>
        <line num="16" count="49" type="stmt"/>
        <line num="21" count="0" type="stmt"/>
        <line num="23" count="0" type="stmt"/>
      </file>
      <file name="StyledLoadingIconWithGradient.ts" path="/Volumes/macData/Projects/Braze/beacon/packages/core/src/components/Button/LoadingIconWithGradient/StyledLoadingIconWithGradient.ts">
        <metrics statements="23" coveredstatements="10" conditionals="18" coveredconditionals="0" methods="4" coveredmethods="0"/>
        <line num="6" count="49" type="stmt"/>
        <line num="15" count="49" type="stmt"/>
        <line num="30" count="49" type="stmt"/>
        <line num="32" count="49" type="stmt"/>
        <line num="38" count="49" type="stmt"/>
        <line num="39" count="0" type="cond" truecount="0" falsecount="4"/>
        <line num="41" count="0" type="stmt"/>
        <line num="48" count="0" type="stmt"/>
        <line num="55" count="49" type="stmt"/>
        <line num="60" count="49" type="stmt"/>
        <line num="61" count="0" type="cond" truecount="0" falsecount="2"/>
        <line num="62" count="0" type="stmt"/>
        <line num="65" count="0" type="cond" truecount="0" falsecount="5"/>
        <line num="67" count="0" type="stmt"/>
        <line num="72" count="0" type="stmt"/>
        <line num="76" count="49" type="stmt"/>
        <line num="77" count="0" type="cond" truecount="0" falsecount="2"/>
        <line num="78" count="0" type="stmt"/>
        <line num="81" count="0" type="cond" truecount="0" falsecount="5"/>
        <line num="83" count="0" type="stmt"/>
        <line num="88" count="0" type="stmt"/>
        <line num="92" count="49" type="stmt"/>
        <line num="96" count="49" type="stmt"/>
      </file>
    </package>
    <package name="core.src.components.ButtonGroup">
      <metrics statements="18" coveredstatements="6" conditionals="8" coveredconditionals="0" methods="4" coveredmethods="0"/>
      <file name="ButtonGroup.tsx" path="/Volumes/macData/Projects/Braze/beacon/packages/core/src/components/ButtonGroup/ButtonGroup.tsx">
        <metrics statements="3" coveredstatements="2" conditionals="0" coveredconditionals="0" methods="1" coveredmethods="0"/>
        <line num="7" count="49" type="stmt"/>
        <line num="11" count="0" type="stmt"/>
        <line num="19" count="49" type="stmt"/>
      </file>
      <file name="StyledButtonGroup.ts" path="/Volumes/macData/Projects/Braze/beacon/packages/core/src/components/ButtonGroup/StyledButtonGroup.ts">
        <metrics statements="15" coveredstatements="4" conditionals="8" coveredconditionals="0" methods="3" coveredmethods="0"/>
        <line num="9" count="49" type="stmt"/>
        <line num="10" count="0" type="cond" truecount="0" falsecount="2"/>
        <line num="11" count="0" type="stmt"/>
        <line num="14" count="0" type="cond" truecount="0" falsecount="2"/>
        <line num="15" count="0" type="stmt"/>
        <line num="20" count="0" type="cond" truecount="0" falsecount="2"/>
        <line num="21" count="0" type="stmt"/>
        <line num="26" count="0" type="stmt"/>
        <line num="29" count="49" type="stmt"/>
        <line num="32" count="0" type="stmt"/>
        <line num="36" count="49" type="stmt"/>
        <line num="37" count="0" type="cond" truecount="0" falsecount="2"/>
        <line num="38" count="0" type="stmt"/>
        <line num="47" count="0" type="stmt"/>
        <line num="68" count="49" type="stmt"/>
      </file>
    </package>
    <package name="core.src.components.Checkbox">
      <metrics statements="22" coveredstatements="2" conditionals="24" coveredconditionals="0" methods="4" coveredmethods="0"/>
      <file name="Checkbox.tsx" path="/Volumes/macData/Projects/Braze/beacon/packages/core/src/components/Checkbox/Checkbox.tsx">
        <metrics statements="22" coveredstatements="2" conditionals="24" coveredconditionals="0" methods="4" coveredmethods="0"/>
        <line num="17" count="49" type="stmt"/>
        <line num="40" count="0" type="stmt"/>
        <line num="41" count="0" type="cond" truecount="0" falsecount="2"/>
        <line num="43" count="0" type="stmt"/>
        <line num="44" count="0" type="cond" truecount="0" falsecount="2"/>
        <line num="45" count="0" type="stmt"/>
        <line num="49" count="0" type="stmt"/>
        <line num="51" count="0" type="cond" truecount="0" falsecount="2"/>
        <line num="52" count="0" type="stmt"/>
        <line num="57" count="0" type="stmt"/>
        <line num="63" count="0" type="stmt"/>
        <line num="69" count="0" type="stmt"/>
        <line num="72" count="0" type="stmt"/>
        <line num="75" count="0" type="stmt"/>
        <line num="78" count="0" type="stmt"/>
        <line num="81" count="0" type="cond" truecount="0" falsecount="4"/>
        <line num="82" count="0" type="stmt"/>
        <line num="84" count="0" type="stmt"/>
        <line num="88" count="0" type="stmt"/>
        <line num="89" count="0" type="cond" truecount="0" falsecount="2"/>
        <line num="91" count="0" type="stmt"/>
        <line num="150" count="49" type="stmt"/>
      </file>
    </package>
    <package name="core.src.components.Checkbox.CheckboxContainer">
      <metrics statements="4" coveredstatements="3" conditionals="2" coveredconditionals="0" methods="2" coveredmethods="0"/>
      <file name="CheckboxContainer.tsx" path="/Volumes/macData/Projects/Braze/beacon/packages/core/src/components/Checkbox/CheckboxContainer/CheckboxContainer.tsx">
        <metrics statements="4" coveredstatements="3" conditionals="2" coveredconditionals="0" methods="2" coveredmethods="0"/>
        <line num="13" count="49" type="stmt"/>
        <line num="17" count="49" type="stmt"/>
        <line num="27" count="0" type="cond" truecount="0" falsecount="2"/>
        <line num="35" count="49" type="stmt"/>
      </file>
    </package>
    <package name="core.src.components.Checkbox.CheckboxIcon">
      <metrics statements="3" coveredstatements="3" conditionals="0" coveredconditionals="0" methods="1" coveredmethods="0"/>
      <file name="CheckboxIcon.tsx" path="/Volumes/macData/Projects/Braze/beacon/packages/core/src/components/Checkbox/CheckboxIcon/CheckboxIcon.tsx">
        <metrics statements="3" coveredstatements="3" conditionals="0" coveredconditionals="0" methods="1" coveredmethods="0"/>
        <line num="6" count="49" type="stmt"/>
        <line num="11" count="49" type="stmt"/>
        <line num="17" count="49" type="stmt"/>
      </file>
    </package>
    <package name="core.src.components.Checkbox.CheckboxLabel">
      <metrics statements="4" coveredstatements="3" conditionals="2" coveredconditionals="0" methods="2" coveredmethods="0"/>
      <file name="CheckboxLabel.tsx" path="/Volumes/macData/Projects/Braze/beacon/packages/core/src/components/Checkbox/CheckboxLabel/CheckboxLabel.tsx">
        <metrics statements="4" coveredstatements="3" conditionals="2" coveredconditionals="0" methods="2" coveredmethods="0"/>
        <line num="12" count="49" type="stmt"/>
        <line num="16" count="49" type="stmt"/>
        <line num="20" count="0" type="cond" truecount="0" falsecount="2"/>
        <line num="23" count="49" type="stmt"/>
      </file>
    </package>
    <package name="core.src.components.Checkbox.CheckedPolyline">
      <metrics statements="4" coveredstatements="3" conditionals="4" coveredconditionals="0" methods="2" coveredmethods="0"/>
      <file name="CheckedPolyline.tsx" path="/Volumes/macData/Projects/Braze/beacon/packages/core/src/components/Checkbox/CheckedPolyline/CheckedPolyline.tsx">
        <metrics statements="4" coveredstatements="3" conditionals="4" coveredconditionals="0" methods="2" coveredmethods="0"/>
        <line num="12" count="49" type="stmt"/>
        <line num="17" count="49" type="stmt"/>
        <line num="21" count="0" type="cond" truecount="0" falsecount="4"/>
        <line num="24" count="49" type="stmt"/>
      </file>
    </package>
    <package name="core.src.components.Checkbox.HiddenCheckbox">
      <metrics statements="3" coveredstatements="3" conditionals="0" coveredconditionals="0" methods="1" coveredmethods="0"/>
      <file name="HiddenCheckbox.tsx" path="/Volumes/macData/Projects/Braze/beacon/packages/core/src/components/Checkbox/HiddenCheckbox/HiddenCheckbox.tsx">
        <metrics statements="3" coveredstatements="3" conditionals="0" coveredconditionals="0" methods="1" coveredmethods="0"/>
        <line num="6" count="49" type="stmt"/>
        <line num="10" count="49" type="stmt"/>
        <line num="16" count="49" type="stmt"/>
      </file>
    </package>
    <package name="core.src.components.Checkbox.IndeterminatePolyline">
      <metrics statements="4" coveredstatements="3" conditionals="2" coveredconditionals="0" methods="2" coveredmethods="0"/>
      <file name="IndeterminatePolyline.tsx" path="/Volumes/macData/Projects/Braze/beacon/packages/core/src/components/Checkbox/IndeterminatePolyline/IndeterminatePolyline.tsx">
        <metrics statements="4" coveredstatements="3" conditionals="2" coveredconditionals="0" methods="2" coveredmethods="0"/>
        <line num="6" count="49" type="stmt"/>
        <line num="12" count="49" type="stmt"/>
        <line num="15" count="0" type="cond" truecount="0" falsecount="2"/>
        <line num="18" count="49" type="stmt"/>
      </file>
    </package>
    <package name="core.src.components.Checkbox.StyledCheckbox">
      <metrics statements="8" coveredstatements="2" conditionals="18" coveredconditionals="0" methods="2" coveredmethods="0"/>
      <file name="StyledCheckbox.ts" path="/Volumes/macData/Projects/Braze/beacon/packages/core/src/components/Checkbox/StyledCheckbox/StyledCheckbox.ts">
        <metrics statements="8" coveredstatements="2" conditionals="18" coveredconditionals="0" methods="2" coveredmethods="0"/>
        <line num="12" count="49" type="stmt"/>
        <line num="19" count="0" type="cond" truecount="0" falsecount="2"/>
        <line num="20" count="0" type="stmt"/>
        <line num="29" count="0" type="cond" truecount="0" falsecount="2"/>
        <line num="30" count="0" type="stmt"/>
        <line num="39" count="0" type="stmt"/>
        <line num="54" count="49" type="stmt"/>
        <line num="58" count="0" type="cond" truecount="0" falsecount="2"/>
      </file>
    </package>
    <package name="core.src.components.CloseButton">
      <metrics statements="3" coveredstatements="2" conditionals="1" coveredconditionals="0" methods="1" coveredmethods="0"/>
      <file name="CloseButton.tsx" path="/Volumes/macData/Projects/Braze/beacon/packages/core/src/components/CloseButton/CloseButton.tsx">
        <metrics statements="3" coveredstatements="2" conditionals="1" coveredconditionals="0" methods="1" coveredmethods="0"/>
        <line num="10" count="49" type="stmt"/>
        <line num="15" count="0" type="stmt"/>
        <line num="28" count="49" type="stmt"/>
      </file>
    </package>
    <package name="core.src.components.CloseButton.StyledCloseButton">
      <metrics statements="4" coveredstatements="1" conditionals="6" coveredconditionals="0" methods="3" coveredmethods="0"/>
      <file name="StyledCloseButton.ts" path="/Volumes/macData/Projects/Braze/beacon/packages/core/src/components/CloseButton/StyledCloseButton/StyledCloseButton.ts">
        <metrics statements="4" coveredstatements="1" conditionals="6" coveredconditionals="0" methods="3" coveredmethods="0"/>
        <line num="10" count="49" type="stmt"/>
        <line num="28" count="0" type="cond" truecount="0" falsecount="2"/>
        <line num="37" count="0" type="cond" truecount="0" falsecount="2"/>
        <line num="41" count="0" type="cond" truecount="0" falsecount="2"/>
      </file>
    </package>
    <package name="core.src.components.Collapsible">
      <metrics statements="9" coveredstatements="4" conditionals="5" coveredconditionals="0" methods="2" coveredmethods="0"/>
      <file name="Collapsible.tsx" path="/Volumes/macData/Projects/Braze/beacon/packages/core/src/components/Collapsible/Collapsible.tsx">
        <metrics statements="3" coveredstatements="2" conditionals="1" coveredconditionals="0" methods="1" coveredmethods="0"/>
        <line num="9" count="49" type="stmt"/>
        <line num="16" count="0" type="stmt"/>
        <line num="25" count="49" type="stmt"/>
      </file>
      <file name="StyledCollapsible.ts" path="/Volumes/macData/Projects/Braze/beacon/packages/core/src/components/Collapsible/StyledCollapsible.ts">
        <metrics statements="6" coveredstatements="2" conditionals="4" coveredconditionals="0" methods="1" coveredmethods="0"/>
        <line num="5" count="49" type="stmt"/>
        <line num="6" count="0" type="cond" truecount="0" falsecount="4"/>
        <line num="8" count="0" type="stmt"/>
        <line num="12" count="0" type="stmt"/>
        <line num="17" count="0" type="stmt"/>
        <line num="23" count="49" type="stmt"/>
      </file>
    </package>
    <package name="core.src.components.CollapsibleBody">
      <metrics statements="9" coveredstatements="4" conditionals="2" coveredconditionals="0" methods="2" coveredmethods="0"/>
      <file name="CollapsibleBody.tsx" path="/Volumes/macData/Projects/Braze/beacon/packages/core/src/components/CollapsibleBody/CollapsibleBody.tsx">
        <metrics statements="4" coveredstatements="2" conditionals="0" coveredconditionals="0" methods="1" coveredmethods="0"/>
        <line num="9" count="49" type="stmt"/>
        <line num="13" count="0" type="stmt"/>
        <line num="15" count="0" type="stmt"/>
        <line num="24" count="49" type="stmt"/>
      </file>
      <file name="StyledCollapsibleBody.ts" path="/Volumes/macData/Projects/Braze/beacon/packages/core/src/components/CollapsibleBody/StyledCollapsibleBody.ts">
        <metrics statements="5" coveredstatements="2" conditionals="2" coveredconditionals="0" methods="1" coveredmethods="0"/>
        <line num="13" count="49" type="stmt"/>
        <line num="14" count="0" type="cond" truecount="0" falsecount="2"/>
        <line num="15" count="0" type="stmt"/>
        <line num="23" count="0" type="stmt"/>
        <line num="30" count="49" type="stmt"/>
      </file>
    </package>
    <package name="core.src.components.CollapsibleButton">
      <metrics statements="8" coveredstatements="3" conditionals="9" coveredconditionals="0" methods="4" coveredmethods="0"/>
      <file name="CollapsibleButton.tsx" path="/Volumes/macData/Projects/Braze/beacon/packages/core/src/components/CollapsibleButton/CollapsibleButton.tsx">
        <metrics statements="4" coveredstatements="2" conditionals="3" coveredconditionals="0" methods="1" coveredmethods="0"/>
        <line num="10" count="49" type="stmt"/>
        <line num="16" count="0" type="stmt"/>
        <line num="18" count="0" type="stmt"/>
        <line num="33" count="49" type="stmt"/>
      </file>
      <file name="StyledCollapsibleButton.ts" path="/Volumes/macData/Projects/Braze/beacon/packages/core/src/components/CollapsibleButton/StyledCollapsibleButton.ts">
        <metrics statements="4" coveredstatements="1" conditionals="6" coveredconditionals="0" methods="3" coveredmethods="0"/>
        <line num="8" count="49" type="stmt"/>
        <line num="12" count="0" type="cond" truecount="0" falsecount="2"/>
        <line num="13" count="0" type="cond" truecount="0" falsecount="2"/>
        <line num="14" count="0" type="cond" truecount="0" falsecount="2"/>
      </file>
    </package>
    <package name="core.src.components.CollapsibleContext">
      <metrics statements="4" coveredstatements="2" conditionals="2" coveredconditionals="0" methods="2" coveredmethods="0"/>
      <file name="CollapsibleContext.tsx" path="/Volumes/macData/Projects/Braze/beacon/packages/core/src/components/CollapsibleContext/CollapsibleContext.tsx">
        <metrics statements="4" coveredstatements="2" conditionals="2" coveredconditionals="0" methods="2" coveredmethods="0"/>
        <line num="9" count="49" type="stmt"/>
        <line num="14" count="49" type="stmt"/>
        <line num="19" count="0" type="stmt"/>
        <line num="21" count="0" type="stmt"/>
      </file>
    </package>
    <package name="core.src.components.CollapsibleHeader">
      <metrics statements="3" coveredstatements="2" conditionals="0" coveredconditionals="0" methods="1" coveredmethods="0"/>
      <file name="CollapsibleHeader.tsx" path="/Volumes/macData/Projects/Braze/beacon/packages/core/src/components/CollapsibleHeader/CollapsibleHeader.tsx">
        <metrics statements="3" coveredstatements="2" conditionals="0" coveredconditionals="0" methods="1" coveredmethods="0"/>
        <line num="6" count="49" type="stmt"/>
        <line num="10" count="0" type="stmt"/>
        <line num="16" count="49" type="stmt"/>
      </file>
    </package>
    <package name="core.src.components.CollapsibleHeaderText">
      <metrics statements="4" coveredstatements="3" conditionals="0" coveredconditionals="0" methods="1" coveredmethods="0"/>
      <file name="CollapsibleHeaderText.tsx" path="/Volumes/macData/Projects/Braze/beacon/packages/core/src/components/CollapsibleHeaderText/CollapsibleHeaderText.tsx">
        <metrics statements="3" coveredstatements="2" conditionals="0" coveredconditionals="0" methods="1" coveredmethods="0"/>
        <line num="7" count="49" type="stmt"/>
        <line num="11" count="0" type="stmt"/>
        <line num="17" count="49" type="stmt"/>
      </file>
      <file name="StyledCollapsibleHeaderText.ts" path="/Volumes/macData/Projects/Braze/beacon/packages/core/src/components/CollapsibleHeaderText/StyledCollapsibleHeaderText.ts">
        <metrics statements="1" coveredstatements="1" conditionals="0" coveredconditionals="0" methods="0" coveredmethods="0"/>
        <line num="11" count="49" type="stmt"/>
      </file>
    </package>
    <package name="core.src.components.CollapsibleIconButton">
      <metrics statements="4" coveredstatements="2" conditionals="2" coveredconditionals="0" methods="1" coveredmethods="0"/>
      <file name="CollapsibleIconButton.tsx" path="/Volumes/macData/Projects/Braze/beacon/packages/core/src/components/CollapsibleIconButton/CollapsibleIconButton.tsx">
        <metrics statements="4" coveredstatements="2" conditionals="2" coveredconditionals="0" methods="1" coveredmethods="0"/>
        <line num="9" count="49" type="stmt"/>
        <line num="13" count="0" type="stmt"/>
        <line num="15" count="0" type="stmt"/>
        <line num="25" count="49" type="stmt"/>
      </file>
    </package>
    <package name="core.src.components.CollapsibleList">
      <metrics statements="4" coveredstatements="3" conditionals="2" coveredconditionals="0" methods="1" coveredmethods="0"/>
      <file name="CollapsibleList.tsx" path="/Volumes/macData/Projects/Braze/beacon/packages/core/src/components/CollapsibleList/CollapsibleList.tsx">
        <metrics statements="3" coveredstatements="2" conditionals="2" coveredconditionals="0" methods="1" coveredmethods="0"/>
        <line num="9" count="49" type="stmt"/>
        <line num="15" count="0" type="stmt"/>
        <line num="28" count="49" type="stmt"/>
      </file>
      <file name="StyledCollapsibleList.ts" path="/Volumes/macData/Projects/Braze/beacon/packages/core/src/components/CollapsibleList/StyledCollapsibleList.ts">
        <metrics statements="1" coveredstatements="1" conditionals="0" coveredconditionals="0" methods="0" coveredmethods="0"/>
        <line num="5" count="49" type="stmt"/>
      </file>
    </package>
    <package name="core.src.components.CollapsibleListItem">
      <metrics statements="4" coveredstatements="3" conditionals="0" coveredconditionals="0" methods="1" coveredmethods="0"/>
      <file name="CollapsibleListItem.tsx" path="/Volumes/macData/Projects/Braze/beacon/packages/core/src/components/CollapsibleListItem/CollapsibleListItem.tsx">
        <metrics statements="3" coveredstatements="2" conditionals="0" coveredconditionals="0" methods="1" coveredmethods="0"/>
        <line num="7" count="49" type="stmt"/>
        <line num="11" count="0" type="stmt"/>
        <line num="17" count="49" type="stmt"/>
      </file>
      <file name="StyledCollapsibleListItem.ts" path="/Volumes/macData/Projects/Braze/beacon/packages/core/src/components/CollapsibleListItem/StyledCollapsibleListItem.ts">
        <metrics statements="1" coveredstatements="1" conditionals="0" coveredconditionals="0" methods="0" coveredmethods="0"/>
        <line num="10" count="49" type="stmt"/>
      </file>
    </package>
    <package name="core.src.components.CopyField">
      <metrics statements="39" coveredstatements="6" conditionals="25" coveredconditionals="0" methods="11" coveredmethods="0"/>
      <file name="CopyField.tsx" path="/Volumes/macData/Projects/Braze/beacon/packages/core/src/components/CopyField/CopyField.tsx">
        <metrics statements="36" coveredstatements="5" conditionals="21" coveredconditionals="0" methods="9" coveredmethods="0"/>
        <line num="21" count="49" type="stmt"/>
        <line num="24" count="0" type="cond" truecount="0" falsecount="3"/>
        <line num="26" count="0" type="stmt"/>
        <line num="29" count="0" type="stmt"/>
        <line num="33" count="49" type="stmt"/>
        <line num="36" count="0" type="cond" truecount="0" falsecount="3"/>
        <line num="38" count="0" type="stmt"/>
        <line num="41" count="0" type="stmt"/>
        <line num="45" count="49" type="stmt"/>
        <line num="49" count="49" type="stmt"/>
        <line num="61" count="0" type="stmt"/>
        <line num="62" count="0" type="stmt"/>
        <line num="63" count="0" type="stmt"/>
        <line num="64" count="0" type="stmt"/>
        <line num="65" count="0" type="cond" truecount="0" falsecount="2"/>
        <line num="70" count="0" type="stmt"/>
        <line num="72" count="0" type="stmt"/>
        <line num="75" count="0" type="stmt"/>
        <line num="83" count="0" type="stmt"/>
        <line num="86" count="0" type="stmt"/>
        <line num="89" count="0" type="stmt"/>
        <line num="100" count="0" type="stmt"/>
        <line num="103" count="0" type="stmt"/>
        <line num="106" count="0" type="stmt"/>
        <line num="109" count="0" type="stmt"/>
        <line num="112" count="0" type="stmt"/>
        <line num="115" count="0" type="stmt"/>
        <line num="124" count="0" type="stmt"/>
        <line num="125" count="0" type="cond" truecount="0" falsecount="2"/>
        <line num="126" count="0" type="stmt"/>
        <line num="129" count="0" type="stmt"/>
        <line num="130" count="0" type="stmt"/>
        <line num="133" count="0" type="stmt"/>
        <line num="134" count="0" type="stmt"/>
        <line num="138" count="0" type="stmt"/>
        <line num="186" count="49" type="stmt"/>
      </file>
      <file name="StyledCopyField.ts" path="/Volumes/macData/Projects/Braze/beacon/packages/core/src/components/CopyField/StyledCopyField.ts">
        <metrics statements="3" coveredstatements="1" conditionals="4" coveredconditionals="0" methods="2" coveredmethods="0"/>
        <line num="13" count="49" type="stmt"/>
        <line num="17" count="0" type="cond" truecount="0" falsecount="2"/>
        <line num="38" count="0" type="cond" truecount="0" falsecount="2"/>
      </file>
    </package>
    <package name="core.src.components.EmptyState">
      <metrics statements="3" coveredstatements="3" conditionals="0" coveredconditionals="0" methods="1" coveredmethods="0"/>
      <file name="EmptyState.ts" path="/Volumes/macData/Projects/Braze/beacon/packages/core/src/components/EmptyState/EmptyState.ts">
        <metrics statements="3" coveredstatements="3" conditionals="0" coveredconditionals="0" methods="1" coveredmethods="0"/>
        <line num="8" count="49" type="stmt"/>
        <line num="17" count="49" type="stmt"/>
        <line num="19" count="49" type="stmt"/>
      </file>
    </package>
    <package name="core.src.components.EmptyStateButtonGroup">
      <metrics statements="4" coveredstatements="3" conditionals="0" coveredconditionals="0" methods="1" coveredmethods="0"/>
      <file name="EmptyStateButtonGroup.tsx" path="/Volumes/macData/Projects/Braze/beacon/packages/core/src/components/EmptyStateButtonGroup/EmptyStateButtonGroup.tsx">
        <metrics statements="4" coveredstatements="3" conditionals="0" coveredconditionals="0" methods="1" coveredmethods="0"/>
        <line num="9" count="49" type="stmt"/>
        <line num="11" count="0" type="stmt"/>
        <line num="16" count="49" type="stmt"/>
        <line num="22" count="49" type="stmt"/>
      </file>
    </package>
    <package name="core.src.components.EmptyStateHeading">
      <metrics statements="4" coveredstatements="3" conditionals="0" coveredconditionals="0" methods="1" coveredmethods="0"/>
      <file name="EmptyStateHeading.tsx" path="/Volumes/macData/Projects/Braze/beacon/packages/core/src/components/EmptyStateHeading/EmptyStateHeading.tsx">
        <metrics statements="4" coveredstatements="3" conditionals="0" coveredconditionals="0" methods="1" coveredmethods="0"/>
        <line num="15" count="49" type="stmt"/>
        <line num="18" count="0" type="stmt"/>
        <line num="23" count="49" type="stmt"/>
        <line num="33" count="49" type="stmt"/>
      </file>
    </package>
    <package name="core.src.components.EmptyStateIcon">
      <metrics statements="4" coveredstatements="3" conditionals="0" coveredconditionals="0" methods="1" coveredmethods="0"/>
      <file name="EmptyStateIcon.tsx" path="/Volumes/macData/Projects/Braze/beacon/packages/core/src/components/EmptyStateIcon/EmptyStateIcon.tsx">
        <metrics statements="4" coveredstatements="3" conditionals="0" coveredconditionals="0" methods="1" coveredmethods="0"/>
        <line num="9" count="49" type="stmt"/>
        <line num="12" count="0" type="stmt"/>
        <line num="17" count="49" type="stmt"/>
        <line num="21" count="49" type="stmt"/>
      </file>
    </package>
    <package name="core.src.components.EmptyStateText">
      <metrics statements="3" coveredstatements="3" conditionals="0" coveredconditionals="0" methods="1" coveredmethods="0"/>
      <file name="EmptyStateText.tsx" path="/Volumes/macData/Projects/Braze/beacon/packages/core/src/components/EmptyStateText/EmptyStateText.tsx">
        <metrics statements="3" coveredstatements="3" conditionals="0" coveredconditionals="0" methods="1" coveredmethods="0"/>
        <line num="14" count="49" type="stmt"/>
        <line num="22" count="49" type="stmt"/>
        <line num="31" count="49" type="stmt"/>
      </file>
    </package>
    <package name="core.src.components.FieldLabel">
      <metrics statements="37" coveredstatements="15" conditionals="32" coveredconditionals="0" methods="6" coveredmethods="0"/>
      <file name="FieldLabel.tsx" path="/Volumes/macData/Projects/Braze/beacon/packages/core/src/components/FieldLabel/FieldLabel.tsx">
        <metrics statements="7" coveredstatements="1" conditionals="18" coveredconditionals="0" methods="2" coveredmethods="0"/>
        <line num="13" count="49" type="stmt"/>
        <line num="30" count="0" type="stmt"/>
        <line num="32" count="0" type="stmt"/>
        <line num="33" count="0" type="cond" truecount="0" falsecount="2"/>
        <line num="35" count="0" type="cond" truecount="0" falsecount="2"/>
        <line num="36" count="0" type="stmt"/>
        <line num="40" count="0" type="stmt"/>
      </file>
      <file name="FieldLabelEnforceText.tsx" path="/Volumes/macData/Projects/Braze/beacon/packages/core/src/components/FieldLabel/FieldLabelEnforceText.tsx">
        <metrics statements="7" coveredstatements="1" conditionals="4" coveredconditionals="0" methods="1" coveredmethods="0"/>
        <line num="7" count="49" type="stmt"/>
        <line num="10" count="0" type="stmt"/>
        <line num="12" count="0" type="cond" truecount="0" falsecount="2"/>
        <line num="13" count="0" type="stmt"/>
        <line num="21" count="0" type="cond" truecount="0" falsecount="2"/>
        <line num="22" count="0" type="stmt"/>
        <line num="30" count="0" type="stmt"/>
      </file>
      <file name="FieldLabelInfoIconAndPopover.tsx" path="/Volumes/macData/Projects/Braze/beacon/packages/core/src/components/FieldLabel/FieldLabelInfoIconAndPopover.tsx">
        <metrics statements="13" coveredstatements="5" conditionals="8" coveredconditionals="0" methods="1" coveredmethods="0"/>
        <line num="11" count="49" type="stmt"/>
        <line num="12" count="49" type="stmt"/>
        <line num="13" count="49" type="stmt"/>
        <line num="14" count="49" type="stmt"/>
        <line num="16" count="49" type="stmt"/>
        <line num="22" count="0" type="stmt"/>
        <line num="23" count="0" type="stmt"/>
        <line num="24" count="0" type="stmt"/>
        <line num="25" count="0" type="stmt"/>
        <line num="29" count="0" type="stmt"/>
        <line num="36" count="0" type="cond" truecount="0" falsecount="2"/>
        <line num="37" count="0" type="stmt"/>
        <line num="40" count="0" type="stmt"/>
      </file>
      <file name="FieldLabelInfoIconButton.tsx" path="/Volumes/macData/Projects/Braze/beacon/packages/core/src/components/FieldLabel/FieldLabelInfoIconButton.tsx">
        <metrics statements="3" coveredstatements="2" conditionals="0" coveredconditionals="0" methods="1" coveredmethods="0"/>
        <line num="8" count="49" type="stmt"/>
        <line num="13" count="0" type="stmt"/>
        <line num="27" count="49" type="stmt"/>
      </file>
      <file name="StyledFieldLabel.ts" path="/Volumes/macData/Projects/Braze/beacon/packages/core/src/components/FieldLabel/StyledFieldLabel.ts">
        <metrics statements="3" coveredstatements="3" conditionals="0" coveredconditionals="0" methods="0" coveredmethods="0"/>
        <line num="11" count="49" type="stmt"/>
        <line num="17" count="49" type="stmt"/>
        <line num="23" count="49" type="stmt"/>
      </file>
      <file name="StyledFieldLabelInfoIconButton.tsx" path="/Volumes/macData/Projects/Braze/beacon/packages/core/src/components/FieldLabel/StyledFieldLabelInfoIconButton.tsx">
        <metrics statements="2" coveredstatements="1" conditionals="2" coveredconditionals="0" methods="1" coveredmethods="0"/>
        <line num="6" count="49" type="stmt"/>
        <line num="11" count="0" type="cond" truecount="0" falsecount="2"/>
      </file>
      <file name="storybookHelpers.tsx" path="/Volumes/macData/Projects/Braze/beacon/packages/core/src/components/FieldLabel/storybookHelpers.tsx">
        <metrics statements="2" coveredstatements="2" conditionals="0" coveredconditionals="0" methods="0" coveredmethods="0"/>
        <line num="9" count="49" type="stmt"/>
        <line num="12" count="49" type="stmt"/>
      </file>
    </package>
    <package name="core.src.components.FieldLabel.hooks">
      <metrics statements="40" coveredstatements="1" conditionals="16" coveredconditionals="0" methods="9" coveredmethods="0"/>
      <file name="useFieldLabelPopoverKeyboardAccessibilityEvents.ts" path="/Volumes/macData/Projects/Braze/beacon/packages/core/src/components/FieldLabel/hooks/useFieldLabelPopoverKeyboardAccessibilityEvents.ts">
        <metrics statements="40" coveredstatements="1" conditionals="16" coveredconditionals="0" methods="9" coveredmethods="0"/>
        <line num="12" count="49" type="stmt"/>
        <line num="19" count="0" type="stmt"/>
        <line num="21" count="0" type="stmt"/>
        <line num="23" count="0" type="stmt"/>
        <line num="26" count="0" type="stmt"/>
        <line num="30" count="0" type="cond" truecount="0" falsecount="2"/>
        <line num="33" count="0" type="stmt"/>
        <line num="34" count="0" type="stmt"/>
        <line num="43" count="0" type="stmt"/>
        <line num="44" count="0" type="cond" truecount="0" falsecount="2"/>
        <line num="46" count="0" type="stmt"/>
        <line num="47" count="0" type="cond" truecount="0" falsecount="2"/>
        <line num="48" count="0" type="stmt"/>
        <line num="50" count="0" type="stmt"/>
        <line num="53" count="0" type="stmt"/>
        <line num="62" count="0" type="stmt"/>
        <line num="63" count="0" type="cond" truecount="0" falsecount="2"/>
        <line num="65" count="0" type="stmt"/>
        <line num="66" count="0" type="cond" truecount="0" falsecount="2"/>
        <line num="67" count="0" type="stmt"/>
        <line num="69" count="0" type="stmt"/>
        <line num="72" count="0" type="stmt"/>
        <line num="79" count="0" type="stmt"/>
        <line num="80" count="0" type="cond" truecount="0" falsecount="2"/>
        <line num="82" count="0" type="stmt"/>
        <line num="83" count="0" type="cond" truecount="0" falsecount="2"/>
        <line num="84" count="0" type="stmt"/>
        <line num="86" count="0" type="stmt"/>
        <line num="89" count="0" type="stmt"/>
        <line num="95" count="0" type="stmt"/>
        <line num="96" count="0" type="stmt"/>
        <line num="100" count="0" type="stmt"/>
        <line num="105" count="0" type="stmt"/>
        <line num="110" count="0" type="stmt"/>
        <line num="112" count="0" type="stmt"/>
        <line num="113" count="0" type="cond" truecount="0" falsecount="2"/>
        <line num="115" count="0" type="stmt"/>
        <line num="116" count="0" type="stmt"/>
        <line num="119" count="0" type="stmt"/>
        <line num="124" count="0" type="stmt"/>
      </file>
    </package>
    <package name="core.src.components.Flex">
      <metrics statements="12" coveredstatements="11" conditionals="8" coveredconditionals="6" methods="4" coveredmethods="4"/>
      <file name="Flex.tsx" path="/Volumes/macData/Projects/Braze/beacon/packages/core/src/components/Flex/Flex.tsx">
        <metrics statements="10" coveredstatements="9" conditionals="8" coveredconditionals="6" methods="3" coveredmethods="3"/>
        <line num="7" count="49" type="stmt"/>
        <line num="12" count="114" type="stmt"/>
        <line num="13" count="114" type="cond" truecount="2" falsecount="0"/>
        <line num="14" count="28" type="stmt"/>
        <line num="17" count="86" type="stmt"/>
        <line num="18" count="86" type="cond" truecount="2" falsecount="0"/>
        <line num="21" count="86" type="cond" truecount="2" falsecount="2"/>
        <line num="23" count="0" type="stmt"/>
        <line num="29" count="114" type="stmt"/>
        <line num="40" count="49" type="stmt"/>
      </file>
      <file name="StyledFlex.tsx" path="/Volumes/macData/Projects/Braze/beacon/packages/core/src/components/Flex/StyledFlex.tsx">
        <metrics statements="2" coveredstatements="2" conditionals="0" coveredconditionals="0" methods="1" coveredmethods="1"/>
        <line num="6" count="49" type="stmt"/>
        <line num="9" count="114" type="stmt"/>
      </file>
    </package>
    <package name="core.src.components.Flex.getFlexCss">
      <metrics statements="14" coveredstatements="14" conditionals="3" coveredconditionals="2" methods="7" coveredmethods="7"/>
      <file name="getFlexCss.ts" path="/Volumes/macData/Projects/Braze/beacon/packages/core/src/components/Flex/getFlexCss/getFlexCss.ts">
        <metrics statements="14" coveredstatements="14" conditionals="3" coveredconditionals="2" methods="7" coveredmethods="7"/>
        <line num="13" count="122" type="stmt"/>
        <line num="19" count="122" type="stmt"/>
        <line num="27" count="122" type="stmt"/>
        <line num="35" count="122" type="stmt"/>
        <line num="41" count="122" type="stmt"/>
        <line num="47" count="122" type="stmt"/>
        <line num="52" count="49" type="stmt"/>
        <line num="60" count="122" type="stmt"/>
        <line num="61" count="122" type="stmt"/>
        <line num="62" count="122" type="stmt"/>
        <line num="63" count="122" type="stmt"/>
        <line num="64" count="122" type="stmt"/>
        <line num="65" count="122" type="stmt"/>
        <line num="67" count="122" type="stmt"/>
      </file>
    </package>
    <package name="core.src.components.FlexBox">
      <metrics statements="6" coveredstatements="6" conditionals="0" coveredconditionals="0" methods="3" coveredmethods="3"/>
      <file name="FlexBox.tsx" path="/Volumes/macData/Projects/Braze/beacon/packages/core/src/components/FlexBox/FlexBox.tsx">
        <metrics statements="3" coveredstatements="3" conditionals="0" coveredconditionals="0" methods="1" coveredmethods="1"/>
        <line num="7" count="49" type="stmt"/>
        <line num="12" count="8" type="stmt"/>
        <line num="20" count="49" type="stmt"/>
      </file>
      <file name="StyledFlexBox.tsx" path="/Volumes/macData/Projects/Braze/beacon/packages/core/src/components/FlexBox/StyledFlexBox.tsx">
        <metrics statements="3" coveredstatements="3" conditionals="0" coveredconditionals="0" methods="2" coveredmethods="2"/>
        <line num="8" count="49" type="stmt"/>
        <line num="11" count="8" type="stmt"/>
        <line num="13" count="8" type="stmt"/>
      </file>
    </package>
    <package name="core.src.components.FormGroup">
      <metrics statements="3" coveredstatements="2" conditionals="0" coveredconditionals="0" methods="1" coveredmethods="0"/>
      <file name="FormGroup.tsx" path="/Volumes/macData/Projects/Braze/beacon/packages/core/src/components/FormGroup/FormGroup.tsx">
        <metrics statements="2" coveredstatements="1" conditionals="0" coveredconditionals="0" methods="1" coveredmethods="0"/>
        <line num="7" count="49" type="stmt"/>
        <line num="11" count="0" type="stmt"/>
      </file>
      <file name="StyledFormGroup.ts" path="/Volumes/macData/Projects/Braze/beacon/packages/core/src/components/FormGroup/StyledFormGroup.ts">
        <metrics statements="1" coveredstatements="1" conditionals="0" coveredconditionals="0" methods="0" coveredmethods="0"/>
        <line num="6" count="49" type="stmt"/>
      </file>
    </package>
    <package name="core.src.components.FormGroupLegend">
      <metrics statements="3" coveredstatements="2" conditionals="0" coveredconditionals="0" methods="1" coveredmethods="0"/>
      <file name="FormGroupLegend.tsx" path="/Volumes/macData/Projects/Braze/beacon/packages/core/src/components/FormGroupLegend/FormGroupLegend.tsx">
        <metrics statements="2" coveredstatements="1" conditionals="0" coveredconditionals="0" methods="1" coveredmethods="0"/>
        <line num="7" count="49" type="stmt"/>
        <line num="11" count="0" type="stmt"/>
      </file>
      <file name="StyledFormGroupLegend.ts" path="/Volumes/macData/Projects/Braze/beacon/packages/core/src/components/FormGroupLegend/StyledFormGroupLegend.ts">
        <metrics statements="1" coveredstatements="1" conditionals="0" coveredconditionals="0" methods="0" coveredmethods="0"/>
        <line num="11" count="49" type="stmt"/>
      </file>
    </package>
    <package name="core.src.components.Heading">
      <metrics statements="17" coveredstatements="12" conditionals="12" coveredconditionals="6" methods="4" coveredmethods="4"/>
      <file name="Heading.tsx" path="/Volumes/macData/Projects/Braze/beacon/packages/core/src/components/Heading/Heading.tsx">
        <metrics statements="2" coveredstatements="2" conditionals="2" coveredconditionals="1" methods="1" coveredmethods="1"/>
        <line num="7" count="49" type="stmt"/>
        <line num="14" count="36" type="stmt"/>
      </file>
      <file name="StyledHeading.ts" path="/Volumes/macData/Projects/Braze/beacon/packages/core/src/components/Heading/StyledHeading.ts">
        <metrics statements="15" coveredstatements="10" conditionals="10" coveredconditionals="5" methods="3" coveredmethods="3"/>
        <line num="11" count="49" type="stmt"/>
        <line num="12" count="36" type="cond" truecount="3" falsecount="0"/>
        <line num="14" count="28" type="stmt"/>
        <line num="17" count="8" type="stmt"/>
        <line num="21" count="49" type="stmt"/>
        <line num="22" count="36" type="cond" truecount="2" falsecount="5"/>
        <line num="24" count="0" type="stmt"/>
        <line num="26" count="0" type="stmt"/>
        <line num="28" count="0" type="stmt"/>
        <line num="30" count="0" type="stmt"/>
        <line num="32" count="28" type="stmt"/>
        <line num="34" count="8" type="stmt"/>
        <line num="36" count="0" type="stmt"/>
        <line num="40" count="49" type="stmt"/>
        <line num="46" count="36" type="stmt"/>
      </file>
    </package>
    <package name="core.src.components.HelpText">
      <metrics statements="4" coveredstatements="2" conditionals="2" coveredconditionals="0" methods="2" coveredmethods="0"/>
      <file name="HelpText.tsx" path="/Volumes/macData/Projects/Braze/beacon/packages/core/src/components/HelpText/HelpText.tsx">
[...]
      </file>
    </package>
    <package name="core.src.components.TabsContext">
      <metrics statements="6" coveredstatements="2" conditionals="4" coveredconditionals="0" methods="2" coveredmethods="0"/>
      <file name="TabsContext.tsx" path="/Volumes/macData/Projects/Braze/beacon/packages/core/src/components/TabsContext/TabsContext.tsx">
        <metrics statements="6" coveredstatements="2" conditionals="4" coveredconditionals="0" methods="2" coveredmethods="0"/>
        <line num="9" count="49" type="stmt"/>
        <line num="14" count="49" type="stmt"/>
        <line num="18" count="0" type="stmt"/>
        <line num="23" count="0" type="cond" truecount="0" falsecount="4"/>
        <line num="24" count="0" type="stmt"/>
        <line num="28" count="0" type="stmt"/>
      </file>
    </package>
    <package name="core.src.components.Textarea">
      <metrics statements="12" coveredstatements="5" conditionals="9" coveredconditionals="0" methods="2" coveredmethods="0"/>
      <file name="StyledTextarea.ts" path="/Volumes/macData/Projects/Braze/beacon/packages/core/src/components/Textarea/StyledTextarea.ts">
        <metrics statements="8" coveredstatements="3" conditionals="8" coveredconditionals="0" methods="1" coveredmethods="0"/>
        <line num="7" count="49" type="stmt"/>
        <line num="9" count="49" type="stmt"/>
        <line num="10" count="0" type="cond" truecount="0" falsecount="4"/>
        <line num="12" count="0" type="cond" truecount="0" falsecount="4"/>
        <line num="14" count="0" type="stmt"/>
        <line num="16" count="0" type="stmt"/>
        <line num="19" count="0" type="stmt"/>
        <line num="23" count="49" type="stmt"/>
      </file>
      <file name="Textarea.tsx" path="/Volumes/macData/Projects/Braze/beacon/packages/core/src/components/Textarea/Textarea.tsx">
        <metrics statements="4" coveredstatements="2" conditionals="1" coveredconditionals="0" methods="1" coveredmethods="0"/>
        <line num="8" count="49" type="stmt"/>
        <line num="13" count="0" type="stmt"/>
        <line num="20" count="0" type="stmt"/>
        <line num="32" count="49" type="stmt"/>
      </file>
    </package>
    <package name="core.src.components.Toaster">
      <metrics statements="13" coveredstatements="6" conditionals="7" coveredconditionals="0" methods="4" coveredmethods="1"/>
      <file name="StyledToaster.ts" path="/Volumes/macData/Projects/Braze/beacon/packages/core/src/components/Toaster/StyledToaster.ts">
        <metrics statements="2" coveredstatements="2" conditionals="0" coveredconditionals="0" methods="1" coveredmethods="1"/>
        <line num="17" count="196" type="stmt"/>
        <line num="29" count="49" type="stmt"/>
      </file>
      <file name="Toaster.tsx" path="/Volumes/macData/Projects/Braze/beacon/packages/core/src/components/Toaster/Toaster.tsx">
        <metrics statements="11" coveredstatements="4" conditionals="7" coveredconditionals="0" methods="3" coveredmethods="0"/>
        <line num="10" count="49" type="stmt"/>
        <line num="15" count="0" type="cond" truecount="0" falsecount="5"/>
        <line num="17" count="0" type="stmt"/>
        <line num="19" count="0" type="stmt"/>
        <line num="21" count="0" type="stmt"/>
        <line num="24" count="0" type="stmt"/>
        <line num="28" count="49" type="stmt"/>
        <line num="29" count="0" type="stmt"/>
        <line num="32" count="49" type="stmt"/>
        <line num="39" count="0" type="stmt"/>
        <line num="55" count="49" type="stmt"/>
      </file>
    </package>
    <package name="core.src.components.Toaster.Toast">
      <metrics statements="15" coveredstatements="4" conditionals="7" coveredconditionals="0" methods="6" coveredmethods="0"/>
      <file name="StyledToast.ts" path="/Volumes/macData/Projects/Braze/beacon/packages/core/src/components/Toaster/Toast/StyledToast.ts">
        <metrics statements="5" coveredstatements="1" conditionals="0" coveredconditionals="0" methods="4" coveredmethods="0"/>
        <line num="15" count="49" type="stmt"/>
        <line num="31" count="0" type="stmt"/>
        <line num="32" count="0" type="stmt"/>
        <line num="37" count="0" type="stmt"/>
        <line num="40" count="0" type="stmt"/>
      </file>
      <file name="Toast.tsx" path="/Volumes/macData/Projects/Braze/beacon/packages/core/src/components/Toaster/Toast/Toast.tsx">
        <metrics statements="10" coveredstatements="3" conditionals="7" coveredconditionals="0" methods="2" coveredmethods="0"/>
        <line num="10" count="49" type="stmt"/>
        <line num="11" count="0" type="cond" truecount="0" falsecount="5"/>
        <line num="13" count="0" type="stmt"/>
        <line num="15" count="0" type="stmt"/>
        <line num="17" count="0" type="stmt"/>
        <line num="20" count="0" type="stmt"/>
        <line num="24" count="49" type="stmt"/>
        <line num="30" count="0" type="stmt"/>
        <line num="32" count="0" type="stmt"/>
        <line num="46" count="49" type="stmt"/>
      </file>
    </package>
    <package name="core.src.components.Toaster.ToastCloseButton">
      <metrics statements="6" coveredstatements="2" conditionals="0" coveredconditionals="0" methods="2" coveredmethods="0"/>
      <file name="StyledToastCloseButton.ts" path="/Volumes/macData/Projects/Braze/beacon/packages/core/src/components/Toaster/ToastCloseButton/StyledToastCloseButton.ts">
        <metrics statements="1" coveredstatements="1" conditionals="0" coveredconditionals="0" methods="0" coveredmethods="0"/>
        <line num="6" count="49" type="stmt"/>
      </file>
      <file name="ToastCloseButton.tsx" path="/Volumes/macData/Projects/Braze/beacon/packages/core/src/components/Toaster/ToastCloseButton/ToastCloseButton.tsx">
        <metrics statements="5" coveredstatements="1" conditionals="0" coveredconditionals="0" methods="2" coveredmethods="0"/>
        <line num="9" count="49" type="stmt"/>
        <line num="14" count="0" type="stmt"/>
        <line num="15" count="0" type="stmt"/>
        <line num="17" count="0" type="stmt"/>
        <line num="20" count="0" type="stmt"/>
      </file>
    </package>
    <package name="core.src.components.Tooltip">
      <metrics statements="5" coveredstatements="3" conditionals="2" coveredconditionals="0" methods="2" coveredmethods="0"/>
      <file name="StyledTooltip.ts" path="/Volumes/macData/Projects/Braze/beacon/packages/core/src/components/Tooltip/StyledTooltip.ts">
        <metrics statements="2" coveredstatements="1" conditionals="0" coveredconditionals="0" methods="1" coveredmethods="0"/>
        <line num="6" count="49" type="stmt"/>
        <line num="22" count="0" type="stmt"/>
      </file>
      <file name="Tooltip.tsx" path="/Volumes/macData/Projects/Braze/beacon/packages/core/src/components/Tooltip/Tooltip.tsx">
        <metrics statements="3" coveredstatements="2" conditionals="2" coveredconditionals="0" methods="1" coveredmethods="0"/>
        <line num="15" count="49" type="stmt"/>
        <line num="17" count="49" type="stmt"/>
        <line num="29" count="0" type="stmt"/>
      </file>
    </package>
    <package name="core.src.components.UncontrolledTab">
      <metrics statements="3" coveredstatements="1" conditionals="0" coveredconditionals="0" methods="1" coveredmethods="0"/>
      <file name="UncontrolledTab.tsx" path="/Volumes/macData/Projects/Braze/beacon/packages/core/src/components/UncontrolledTab/UncontrolledTab.tsx">
        <metrics statements="3" coveredstatements="1" conditionals="0" coveredconditionals="0" methods="1" coveredmethods="0"/>
        <line num="11" count="49" type="stmt"/>
        <line num="15" count="0" type="stmt"/>
        <line num="17" count="0" type="stmt"/>
      </file>
    </package>
    <package name="core.src.components.UncontrolledTabContent">
      <metrics statements="3" coveredstatements="1" conditionals="0" coveredconditionals="0" methods="1" coveredmethods="0"/>
      <file name="UncontrolledTabContent.tsx" path="/Volumes/macData/Projects/Braze/beacon/packages/core/src/components/UncontrolledTabContent/UncontrolledTabContent.tsx">
        <metrics statements="3" coveredstatements="1" conditionals="0" coveredconditionals="0" methods="1" coveredmethods="0"/>
        <line num="11" count="49" type="stmt"/>
        <line num="15" count="0" type="stmt"/>
        <line num="17" count="0" type="stmt"/>
      </file>
    </package>
    <package name="core.src.components.UncontrolledTabs">
      <metrics statements="3" coveredstatements="1" conditionals="0" coveredconditionals="0" methods="1" coveredmethods="0"/>
      <file name="UncontrolledTabs.tsx" path="/Volumes/macData/Projects/Braze/beacon/packages/core/src/components/UncontrolledTabs/UncontrolledTabs.tsx">
        <metrics statements="3" coveredstatements="1" conditionals="0" coveredconditionals="0" methods="1" coveredmethods="0"/>
        <line num="11" count="49" type="stmt"/>
        <line num="14" count="0" type="stmt"/>
        <line num="16" count="0" type="stmt"/>
      </file>
    </package>
    <package name="core.src.components.UncontrolledTabsContext">
      <metrics statements="4" coveredstatements="2" conditionals="0" coveredconditionals="0" methods="1" coveredmethods="0"/>
      <file name="UncontrolledTabsContext.tsx" path="/Volumes/macData/Projects/Braze/beacon/packages/core/src/components/UncontrolledTabsContext/UncontrolledTabsContext.tsx">
        <metrics statements="4" coveredstatements="2" conditionals="0" coveredconditionals="0" methods="1" coveredmethods="0"/>
        <line num="14" count="49" type="stmt"/>
        <line num="19" count="49" type="stmt"/>
        <line num="24" count="0" type="stmt"/>
        <line num="26" count="0" type="stmt"/>
      </file>
    </package>
    <package name="core.src.components.UncontrolledTabsContext.onChangeDefault">
      <metrics statements="1" coveredstatements="1" conditionals="0" coveredconditionals="0" methods="1" coveredmethods="0"/>
      <file name="onChangeDefault.ts" path="/Volumes/macData/Projects/Braze/beacon/packages/core/src/components/UncontrolledTabsContext/onChangeDefault/onChangeDefault.ts">
        <metrics statements="1" coveredstatements="1" conditionals="0" coveredconditionals="0" methods="1" coveredmethods="0"/>
        <line num="5" count="49" type="stmt"/>
      </file>
    </package>
    <package name="core.src.components.UncontrolledTabsContext.useActiveTab">
      <metrics statements="7" coveredstatements="1" conditionals="3" coveredconditionals="0" methods="2" coveredmethods="0"/>
      <file name="useActiveTab.ts" path="/Volumes/macData/Projects/Braze/beacon/packages/core/src/components/UncontrolledTabsContext/useActiveTab/useActiveTab.ts">
        <metrics statements="7" coveredstatements="1" conditionals="3" coveredconditionals="0" methods="2" coveredmethods="0"/>
        <line num="12" count="49" type="stmt"/>
        <line num="19" count="0" type="stmt"/>
        <line num="21" count="0" type="stmt"/>
        <line num="22" count="0" type="stmt"/>
        <line num="24" count="0" type="cond" truecount="0" falsecount="2"/>
        <line num="25" count="0" type="stmt"/>
        <line num="29" count="0" type="stmt"/>
      </file>
    </package>
    <package name="core.src.components.UncontrolledTooltip">
      <metrics statements="6" coveredstatements="1" conditionals="2" coveredconditionals="0" methods="2" coveredmethods="0"/>
      <file name="UncontrolledTooltip.tsx" path="/Volumes/macData/Projects/Braze/beacon/packages/core/src/components/UncontrolledTooltip/UncontrolledTooltip.tsx">
        <metrics statements="6" coveredstatements="1" conditionals="2" coveredconditionals="0" methods="2" coveredmethods="0"/>
        <line num="8" count="49" type="stmt"/>
        <line num="16" count="0" type="stmt"/>
        <line num="19" count="0" type="cond" truecount="0" falsecount="2"/>
        <line num="20" count="0" type="stmt"/>
        <line num="25" count="0" type="stmt"/>
        <line num="28" count="0" type="stmt"/>
      </file>
    </package>
    <package name="core.src.components.UntransitionedBannerAlert">
      <metrics statements="4" coveredstatements="3" conditionals="0" coveredconditionals="0" methods="1" coveredmethods="0"/>
      <file name="StyledBannerContent.ts" path="/Volumes/macData/Projects/Braze/beacon/packages/core/src/components/UntransitionedBannerAlert/StyledBannerContent.ts">
        <metrics statements="1" coveredstatements="1" conditionals="0" coveredconditionals="0" methods="0" coveredmethods="0"/>
        <line num="3" count="49" type="stmt"/>
      </file>
      <file name="UntransitionedBannerAlert.tsx" path="/Volumes/macData/Projects/Braze/beacon/packages/core/src/components/UntransitionedBannerAlert/UntransitionedBannerAlert.tsx">
        <metrics statements="3" coveredstatements="2" conditionals="0" coveredconditionals="0" methods="1" coveredmethods="0"/>
        <line num="10" count="49" type="stmt"/>
        <line num="15" count="0" type="stmt"/>
        <line num="24" count="49" type="stmt"/>
      </file>
    </package>
    <package name="core.src.services.getSizeSpacing">
      <metrics statements="5" coveredstatements="1" conditionals="4" coveredconditionals="0" methods="1" coveredmethods="0"/>
      <file name="getSizeSpacing.ts" path="/Volumes/macData/Projects/Braze/beacon/packages/core/src/services/getSizeSpacing/getSizeSpacing.ts">
        <metrics statements="5" coveredstatements="1" conditionals="4" coveredconditionals="0" methods="1" coveredmethods="0"/>
        <line num="7" count="49" type="stmt"/>
        <line num="10" count="0" type="cond" truecount="0" falsecount="4"/>
        <line num="12" count="0" type="stmt"/>
        <line num="14" count="0" type="stmt"/>
        <line num="17" count="0" type="stmt"/>
      </file>
    </package>
    <package name="hooks.src.hooks.useIME">
      <metrics statements="35" coveredstatements="0" conditionals="18" coveredconditionals="0" methods="5" coveredmethods="0"/>
      <file name="useIME.ts" path="/Volumes/macData/Projects/Braze/beacon/packages/hooks/src/hooks/useIME/useIME.ts">
        <metrics statements="35" coveredstatements="0" conditionals="18" coveredconditionals="0" methods="5" coveredmethods="0"/>
        <line num="22" count="0" type="cond" truecount="0" falsecount="4"/>
        <line num="23" count="0" type="stmt"/>
        <line num="24" count="0" type="stmt"/>
        <line num="25" count="0" type="stmt"/>
        <line num="26" count="0" type="stmt"/>
        <line num="27" count="0" type="cond" truecount="0" falsecount="2"/>
        <line num="30" count="0" type="stmt"/>
        <line num="31" count="0" type="stmt"/>
        <line num="42" count="0" type="stmt"/>
        <line num="45" count="0" type="stmt"/>
        <line num="48" count="0" type="stmt"/>
        <line num="50" count="0" type="stmt"/>
        <line num="51" count="0" type="stmt"/>
        <line num="53" count="0" type="cond" truecount="0" falsecount="2"/>
        <line num="55" count="0" type="stmt"/>
        <line num="58" count="0" type="stmt"/>
        <line num="59" count="0" type="stmt"/>
        <line num="66" count="0" type="cond" truecount="0" falsecount="2"/>
        <line num="70" count="0" type="stmt"/>
        <line num="74" count="0" type="cond" truecount="0" falsecount="2"/>
        <line num="76" count="0" type="stmt"/>
        <line num="81" count="0" type="stmt"/>
        <line num="83" count="0" type="stmt"/>
        <line num="85" count="0" type="stmt"/>
        <line num="87" count="0" type="cond" truecount="0" falsecount="2"/>
        <line num="89" count="0" type="stmt"/>
        <line num="91" count="0" type="stmt"/>
        <line num="93" count="0" type="stmt"/>
        <line num="99" count="0" type="stmt"/>
        <line num="100" count="0" type="stmt"/>
        <line num="102" count="0" type="stmt"/>
        <line num="103" count="0" type="stmt"/>
        <line num="105" count="0" type="cond" truecount="0" falsecount="2"/>
        <line num="107" count="0" type="stmt"/>
        <line num="111" count="0" type="stmt"/>
      </file>
    </package>
    <package name="hooks.src.hooks.useId">
      <metrics statements="3" coveredstatements="3" conditionals="2" coveredconditionals="1" methods="1" coveredmethods="1"/>
      <file name="useId.ts" path="/Volumes/macData/Projects/Braze/beacon/packages/hooks/src/hooks/useId/useId.ts">
        <metrics statements="3" coveredstatements="3" conditionals="2" coveredconditionals="1" methods="1" coveredmethods="1"/>
        <line num="9" count="49" type="stmt"/>
        <line num="10" count="189" type="stmt"/>
        <line num="12" count="189" type="cond" truecount="1" falsecount="1"/>
      </file>
    </package>
    <package name="hooks.src.hooks.useLoadingButton">
      <metrics statements="41" coveredstatements="1" conditionals="27" coveredconditionals="0" methods="10" coveredmethods="0"/>
      <file name="useLoadingButton.ts" path="/Volumes/macData/Projects/Braze/beacon/packages/hooks/src/hooks/useLoadingButton/useLoadingButton.ts">
        <metrics statements="41" coveredstatements="1" conditionals="27" coveredconditionals="0" methods="10" coveredmethods="0"/>
        <line num="15" count="49" type="stmt"/>
        <line num="20" count="0" type="stmt"/>
        <line num="23" count="0" type="stmt"/>
        <line num="26" count="0" type="stmt"/>
        <line num="29" count="0" type="cond" truecount="0" falsecount="2"/>
        <line num="32" count="0" type="stmt"/>
        <line num="35" count="0" type="cond" truecount="0" falsecount="4"/>
        <line num="36" count="0" type="stmt"/>
        <line num="41" count="0" type="cond" truecount="0" falsecount="4"/>
        <line num="42" count="0" type="stmt"/>
        <line num="47" count="0" type="cond" truecount="0" falsecount="4"/>
        <line num="48" count="0" type="stmt"/>
        <line num="53" count="0" type="stmt"/>
        <line num="55" count="0" type="cond" truecount="0" falsecount="4"/>
        <line num="56" count="0" type="stmt"/>
        <line num="60" count="0" type="cond" truecount="0" falsecount="4"/>
        <line num="61" count="0" type="stmt"/>
        <line num="65" count="0" type="stmt"/>
        <line num="66" count="0" type="stmt"/>
        <line num="70" count="0" type="stmt"/>
        <line num="71" count="0" type="stmt"/>
        <line num="75" count="0" type="stmt"/>
        <line num="78" count="0" type="stmt"/>
        <line num="81" count="0" type="stmt"/>
        <line num="84" count="0" type="cond" truecount="0" falsecount="2"/>
        <line num="85" count="0" type="stmt"/>
        <line num="89" count="0" type="stmt"/>
        <line num="92" count="0" type="stmt"/>
        <line num="96" count="0" type="stmt"/>
        <line num="98" count="0" type="cond" truecount="0" falsecount="2"/>
        <line num="99" count="0" type="stmt"/>
        <line num="103" count="0" type="stmt"/>
        <line num="104" count="0" type="stmt"/>
        <line num="107" count="0" type="stmt"/>
        <line num="110" count="0" type="stmt"/>
        <line num="111" count="0" type="stmt"/>
        <line num="116" count="0" type="stmt"/>
        <line num="117" count="0" type="stmt"/>
        <line num="122" count="0" type="stmt"/>
        <line num="123" count="0" type="stmt"/>
        <line num="126" count="0" type="stmt"/>
      </file>
    </package>
    <package name="translations.src">
      <metrics statements="1" coveredstatements="1" conditionals="0" coveredconditionals="0" methods="0" coveredmethods="0"/>
      <file name="useCoreI18nNamespace.ts" path="/Volumes/macData/Projects/Braze/beacon/packages/translations/src/useCoreI18nNamespace.ts">
        <metrics statements="1" coveredstatements="1" conditionals="0" coveredconditionals="0" methods="0" coveredmethods="0"/>
        <line num="11" count="49" type="stmt"/>
      </file>
    </package>
  </project>
</coverage>
