{"total": {"lines":{"total":2036,"covered":1002,"skipped":0,"pct":49.21},"statements":{"total":2079,"covered":1009,"skipped":0,"pct":48.53},"functions":{"total":542,"covered":161,"skipped":0,"pct":29.7},"branches":{"total":1409,"covered":340,"skipped":0,"pct":24.13}}
,"/Volumes/macData/Projects/Braze/beacon/packages/commons/src/components/AlertModal/AlertModal.tsx": {"lines":{"total":3,"covered":2,"skipped":0,"pct":66.67},"functions":{"total":1,"covered":0,"skipped":0,"pct":0},"statements":{"total":3,"covered":2,"skipped":0,"pct":66.67},"branches":{"total":1,"covered":0,"skipped":0,"pct":0}}
,"/Volumes/macData/Projects/Braze/beacon/packages/commons/src/components/AlertModal/useAlertModal/useAlertModal.ts": {"lines":{"total":4,"covered":1,"skipped":0,"pct":25},"functions":{"total":2,"covered":0,"skipped":0,"pct":0},"statements":{"total":5,"covered":1,"skipped":0,"pct":20},"branches":{"total":1,"covered":0,"skipped":0,"pct":0}}
,"/Volumes/macData/Projects/Braze/beacon/packages/commons/src/components/AlertModalBody/AlertModalBody.tsx": {"lines":{"total":3,"covered":2,"skipped":0,"pct":66.67},"functions":{"total":1,"covered":0,"skipped":0,"pct":0},"statements":{"total":3,"covered":2,"skipped":0,"pct":66.67},"branches":{"total":0,"covered":0,"skipped":0,"pct":100}}
,"/Volumes/macData/Projects/Braze/beacon/packages/commons/src/components/AlertModalButton/AlertModalButton.tsx": {"lines":{"total":4,"covered":2,"skipped":0,"pct":50},"functions":{"total":1,"covered":0,"skipped":0,"pct":0},"statements":{"total":4,"covered":2,"skipped":0,"pct":50},"branches":{"total":0,"covered":0,"skipped":0,"pct":100}}
,"/Volumes/macData/Projects/Braze/beacon/packages/commons/src/components/AlertModalFooter/AlertModalFooter.tsx": {"lines":{"total":3,"covered":2,"skipped":0,"pct":66.67},"functions":{"total":1,"covered":0,"skipped":0,"pct":0},"statements":{"total":3,"covered":2,"skipped":0,"pct":66.67},"branches":{"total":0,"covered":0,"skipped":0,"pct":100}}
,"/Volumes/macData/Projects/Braze/beacon/packages/commons/src/components/AlertModalHeading/AlertModalHeading.tsx": {"lines":{"total":4,"covered":2,"skipped":0,"pct":50},"functions":{"total":1,"covered":0,"skipped":0,"pct":0},"statements":{"total":4,"covered":2,"skipped":0,"pct":50},"branches":{"total":0,"covered":0,"skipped":0,"pct":100}}
,"/Volumes/macData/Projects/Braze/beacon/packages/commons/src/components/AlertModalIntentContext/AlertModalIntentContext.tsx": {"lines":{"total":1,"covered":1,"skipped":0,"pct":100},"functions":{"total":0,"covered":0,"skipped":0,"pct":100},"statements":{"total":1,"covered":1,"skipped":0,"pct":100},"branches":{"total":0,"covered":0,"skipped":0,"pct":100}}
,"/Volumes/macData/Projects/Braze/beacon/packages/commons/src/components/IconCircle/IconCircle.tsx": {"lines":{"total":9,"covered":3,"skipped":0,"pct":33.33},"functions":{"total":2,"covered":0,"skipped":0,"pct":0},"statements":{"total":9,"covered":3,"skipped":0,"pct":33.33},"branches":{"total":6,"covered":0,"skipped":0,"pct":0}}
,"/Volumes/macData/Projects/Braze/beacon/packages/commons/src/components/IconCircle/StyledIconCircle.ts": {"lines":{"total":3,"covered":1,"skipped":0,"pct":33.33},"functions":{"total":2,"covered":0,"skipped":0,"pct":0},"statements":{"total":3,"covered":1,"skipped":0,"pct":33.33},"branches":{"total":0,"covered":0,"skipped":0,"pct":100}}
,"/Volumes/macData/Projects/Braze/beacon/packages/commons/src/components/InfoIcon/InfoIcon.tsx": {"lines":{"total":3,"covered":2,"skipped":0,"pct":66.67},"functions":{"total":1,"covered":0,"skipped":0,"pct":0},"statements":{"total":3,"covered":2,"skipped":0,"pct":66.67},"branches":{"total":4,"covered":0,"skipped":0,"pct":0}}
,"/Volumes/macData/Projects/Braze/beacon/packages/core/src/components/Annotation/Annotation.tsx": {"lines":{"total":7,"covered":1,"skipped":0,"pct":14.29},"functions":{"total":2,"covered":0,"skipped":0,"pct":0},"statements":{"total":7,"covered":1,"skipped":0,"pct":14.29},"branches":{"total":7,"covered":0,"skipped":0,"pct":0}}
,"/Volumes/macData/Projects/Braze/beacon/packages/core/src/components/Annotation/StyledAnnotation.ts": {"lines":{"total":5,"covered":1,"skipped":0,"pct":20},"functions":{"total":1,"covered":0,"skipped":0,"pct":0},"statements":{"total":5,"covered":1,"skipped":0,"pct":20},"branches":{"total":4,"covered":0,"skipped":0,"pct":0}}
,"/Volumes/macData/Projects/Braze/beacon/packages/core/src/components/BannerAlert/BannerAlert.tsx": {"lines":{"total":3,"covered":2,"skipped":0,"pct":66.67},"functions":{"total":1,"covered":0,"skipped":0,"pct":0},"statements":{"total":3,"covered":2,"skipped":0,"pct":66.67},"branches":{"total":0,"covered":0,"skipped":0,"pct":100}}
,"/Volumes/macData/Projects/Braze/beacon/packages/core/src/components/BannerAlert/StyledBannerTransition.ts": {"lines":{"total":3,"covered":2,"skipped":0,"pct":66.67},"functions":{"total":1,"covered":0,"skipped":0,"pct":0},"statements":{"total":3,"covered":2,"skipped":0,"pct":66.67},"branches":{"total":2,"covered":0,"skipped":0,"pct":0}}
,"/Volumes/macData/Projects/Braze/beacon/packages/core/src/components/BannerAlert/IntentContext/IntentContext.tsx": {"lines":{"total":4,"covered":3,"skipped":0,"pct":75},"functions":{"total":1,"covered":0,"skipped":0,"pct":0},"statements":{"total":4,"covered":3,"skipped":0,"pct":75},"branches":{"total":0,"covered":0,"skipped":0,"pct":100}}
,"/Volumes/macData/Projects/Braze/beacon/packages/core/src/components/BannerAlert/getIntentColor/getIntentColor.ts": {"lines":{"total":3,"covered":2,"skipped":0,"pct":66.67},"functions":{"total":2,"covered":1,"skipped":0,"pct":50},"statements":{"total":3,"covered":2,"skipped":0,"pct":66.67},"branches":{"total":2,"covered":0,"skipped":0,"pct":0}}
,"/Volumes/macData/Projects/Braze/beacon/packages/core/src/components/BannerAlertAccordion/BannerAlertAccordion.tsx": {"lines":{"total":6,"covered":2,"skipped":0,"pct":33.33},"functions":{"total":1,"covered":0,"skipped":0,"pct":0},"statements":{"total":6,"covered":2,"skipped":0,"pct":33.33},"branches":{"total":4,"covered":0,"skipped":0,"pct":0}}
,"/Volumes/macData/Projects/Braze/beacon/packages/core/src/components/BannerAlertAccordion/StyledAccordion.ts": {"lines":{"total":3,"covered":2,"skipped":0,"pct":66.67},"functions":{"total":1,"covered":0,"skipped":0,"pct":0},"statements":{"total":3,"covered":2,"skipped":0,"pct":66.67},"branches":{"total":0,"covered":0,"skipped":0,"pct":100}}
,"/Volumes/macData/Projects/Braze/beacon/packages/core/src/components/BannerAlertAccordionBody/BannerAlertAccordionBody.ts": {"lines":{"total":4,"covered":3,"skipped":0,"pct":75},"functions":{"total":1,"covered":0,"skipped":0,"pct":0},"statements":{"total":4,"covered":3,"skipped":0,"pct":75},"branches":{"total":0,"covered":0,"skipped":0,"pct":100}}
,"/Volumes/macData/Projects/Braze/beacon/packages/core/src/components/BannerAlertAccordionFooter/BannerAlertAccordionFooter.ts": {"lines":{"total":3,"covered":3,"skipped":0,"pct":100},"functions":{"total":1,"covered":0,"skipped":0,"pct":0},"statements":{"total":4,"covered":3,"skipped":0,"pct":75},"branches":{"total":0,"covered":0,"skipped":0,"pct":100}}
,"/Volumes/macData/Projects/Braze/beacon/packages/core/src/components/BannerAlertAccordionHeader/BannerAlertAccordionHeader.tsx": {"lines":{"total":3,"covered":2,"skipped":0,"pct":66.67},"functions":{"total":1,"covered":0,"skipped":0,"pct":0},"statements":{"total":3,"covered":2,"skipped":0,"pct":66.67},"branches":{"total":0,"covered":0,"skipped":0,"pct":100}}
,"/Volumes/macData/Projects/Braze/beacon/packages/core/src/components/BannerAlertAccordionHeader/StyledBannerAlertAccordionHeader.ts": {"lines":{"total":1,"covered":1,"skipped":0,"pct":100},"functions":{"total":0,"covered":0,"skipped":0,"pct":100},"statements":{"total":1,"covered":1,"skipped":0,"pct":100},"branches":{"total":0,"covered":0,"skipped":0,"pct":100}}
,"/Volumes/macData/Projects/Braze/beacon/packages/core/src/components/BannerAlertAction/BannerAlertAction.tsx": {"lines":{"total":4,"covered":2,"skipped":0,"pct":50},"functions":{"total":1,"covered":0,"skipped":0,"pct":0},"statements":{"total":4,"covered":2,"skipped":0,"pct":50},"branches":{"total":2,"covered":0,"skipped":0,"pct":0}}
,"/Volumes/macData/Projects/Braze/beacon/packages/core/src/components/BannerAlertBody/BannerAlertBody.tsx": {"lines":{"total":4,"covered":2,"skipped":0,"pct":50},"functions":{"total":1,"covered":0,"skipped":0,"pct":0},"statements":{"total":4,"covered":2,"skipped":0,"pct":50},"branches":{"total":4,"covered":0,"skipped":0,"pct":0}}
,"/Volumes/macData/Projects/Braze/beacon/packages/core/src/components/BannerAlertBody/StyledBannerBody.ts": {"lines":{"total":1,"covered":1,"skipped":0,"pct":100},"functions":{"total":0,"covered":0,"skipped":0,"pct":100},"statements":{"total":1,"covered":1,"skipped":0,"pct":100},"branches":{"total":0,"covered":0,"skipped":0,"pct":100}}
,"/Volumes/macData/Projects/Braze/beacon/packages/core/src/components/BannerAlertBody/StyledBannerBodyWrapper.ts": {"lines":{"total":4,"covered":2,"skipped":0,"pct":50},"functions":{"total":1,"covered":0,"skipped":0,"pct":0},"statements":{"total":5,"covered":2,"skipped":0,"pct":40},"branches":{"total":2,"covered":0,"skipped":0,"pct":0}}
,"/Volumes/macData/Projects/Braze/beacon/packages/core/src/components/BannerAlertBody/StyledBodyWrapper.ts": {"lines":{"total":1,"covered":1,"skipped":0,"pct":100},"functions":{"total":0,"covered":0,"skipped":0,"pct":100},"statements":{"total":1,"covered":1,"skipped":0,"pct":100},"branches":{"total":0,"covered":0,"skipped":0,"pct":100}}
,"/Volumes/macData/Projects/Braze/beacon/packages/core/src/components/BannerAlertClose/BannerAlertClose.tsx": {"lines":{"total":3,"covered":2,"skipped":0,"pct":66.67},"functions":{"total":1,"covered":0,"skipped":0,"pct":0},"statements":{"total":3,"covered":2,"skipped":0,"pct":66.67},"branches":{"total":0,"covered":0,"skipped":0,"pct":100}}
,"/Volumes/macData/Projects/Braze/beacon/packages/core/src/components/BannerAlertClose/StyledClose.ts": {"lines":{"total":2,"covered":2,"skipped":0,"pct":100},"functions":{"total":0,"covered":0,"skipped":0,"pct":100},"statements":{"total":2,"covered":2,"skipped":0,"pct":100},"branches":{"total":0,"covered":0,"skipped":0,"pct":100}}
,"/Volumes/macData/Projects/Braze/beacon/packages/core/src/components/BannerAlertDescription/BannerAlertDescription.ts": {"lines":{"total":4,"covered":3,"skipped":0,"pct":75},"functions":{"total":1,"covered":0,"skipped":0,"pct":0},"statements":{"total":4,"covered":3,"skipped":0,"pct":75},"branches":{"total":0,"covered":0,"skipped":0,"pct":100}}
,"/Volumes/macData/Projects/Braze/beacon/packages/core/src/components/BannerAlertDescriptionText/BannerAlertDescriptionText.ts": {"lines":{"total":4,"covered":3,"skipped":0,"pct":75},"functions":{"total":1,"covered":0,"skipped":0,"pct":0},"statements":{"total":4,"covered":3,"skipped":0,"pct":75},"branches":{"total":0,"covered":0,"skipped":0,"pct":100}}
,"/Volumes/macData/Projects/Braze/beacon/packages/core/src/components/BannerAlertIcon/BannerAlertIcon.tsx": {"lines":{"total":11,"covered":3,"skipped":0,"pct":27.27},"functions":{"total":2,"covered":0,"skipped":0,"pct":0},"statements":{"total":11,"covered":3,"skipped":0,"pct":27.27},"branches":{"total":6,"covered":0,"skipped":0,"pct":0}}
,"/Volumes/macData/Projects/Braze/beacon/packages/core/src/components/BannerAlertIcon/StyledBannerIcon.ts": {"lines":{"total":3,"covered":2,"skipped":0,"pct":66.67},"functions":{"total":1,"covered":0,"skipped":0,"pct":0},"statements":{"total":3,"covered":2,"skipped":0,"pct":66.67},"branches":{"total":2,"covered":0,"skipped":0,"pct":0}}
,"/Volumes/macData/Projects/Braze/beacon/packages/core/src/components/BannerAlertLink/BannerAlertLink.tsx": {"lines":{"total":6,"covered":2,"skipped":0,"pct":33.33},"functions":{"total":1,"covered":0,"skipped":0,"pct":0},"statements":{"total":6,"covered":2,"skipped":0,"pct":33.33},"branches":{"total":9,"covered":0,"skipped":0,"pct":0}}
,"/Volumes/macData/Projects/Braze/beacon/packages/core/src/components/BannerAlertLink/StyledBannerButton.ts": {"lines":{"total":2,"covered":2,"skipped":0,"pct":100},"functions":{"total":1,"covered":0,"skipped":0,"pct":0},"statements":{"total":3,"covered":2,"skipped":0,"pct":66.67},"branches":{"total":0,"covered":0,"skipped":0,"pct":100}}
,"/Volumes/macData/Projects/Braze/beacon/packages/core/src/components/BannerAlertLink/StyledBannerLink.ts": {"lines":{"total":4,"covered":4,"skipped":0,"pct":100},"functions":{"total":0,"covered":0,"skipped":0,"pct":100},"statements":{"total":4,"covered":4,"skipped":0,"pct":100},"branches":{"total":0,"covered":0,"skipped":0,"pct":100}}
,"/Volumes/macData/Projects/Braze/beacon/packages/core/src/components/BannerAlertLink/StyledCaretWrapper.ts": {"lines":{"total":1,"covered":1,"skipped":0,"pct":100},"functions":{"total":0,"covered":0,"skipped":0,"pct":100},"statements":{"total":1,"covered":1,"skipped":0,"pct":100},"branches":{"total":0,"covered":0,"skipped":0,"pct":100}}
,"/Volumes/macData/Projects/Braze/beacon/packages/core/src/components/BannerAlertLink/BannerAlertLinkStyling/bannerAlertLinkStyling.ts": {"lines":{"total":1,"covered":1,"skipped":0,"pct":100},"functions":{"total":0,"covered":0,"skipped":0,"pct":100},"statements":{"total":1,"covered":1,"skipped":0,"pct":100},"branches":{"total":0,"covered":0,"skipped":0,"pct":100}}
,"/Volumes/macData/Projects/Braze/beacon/packages/core/src/components/BannerAlertTitle/BannerAlertTitle.ts": {"lines":{"total":4,"covered":3,"skipped":0,"pct":75},"functions":{"total":1,"covered":0,"skipped":0,"pct":0},"statements":{"total":4,"covered":3,"skipped":0,"pct":75},"branches":{"total":0,"covered":0,"skipped":0,"pct":100}}
,"/Volumes/macData/Projects/Braze/beacon/packages/core/src/components/BodyText/BodyText.tsx": {"lines":{"total":3,"covered":3,"skipped":0,"pct":100},"functions":{"total":1,"covered":1,"skipped":0,"pct":100},"statements":{"total":3,"covered":3,"skipped":0,"pct":100},"branches":{"total":2,"covered":1,"skipped":0,"pct":50}}
,"/Volumes/macData/Projects/Braze/beacon/packages/core/src/components/BodyText/StyledBodyText.ts": {"lines":{"total":18,"covered":13,"skipped":0,"pct":72.22},"functions":{"total":6,"covered":6,"skipped":0,"pct":100},"statements":{"total":18,"covered":13,"skipped":0,"pct":72.22},"branches":{"total":15,"covered":6,"skipped":0,"pct":40}}
,"/Volumes/macData/Projects/Braze/beacon/packages/core/src/components/Box/Box.tsx": {"lines":{"total":8,"covered":6,"skipped":0,"pct":75},"functions":{"total":2,"covered":2,"skipped":0,"pct":100},"statements":{"total":8,"covered":6,"skipped":0,"pct":75},"branches":{"total":7,"covered":1,"skipped":0,"pct":14.29}}
,"/Volumes/macData/Projects/Braze/beacon/packages/core/src/components/Box/StyledBox.ts": {"lines":{"total":4,"covered":4,"skipped":0,"pct":100},"functions":{"total":3,"covered":3,"skipped":0,"pct":100},"statements":{"total":4,"covered":4,"skipped":0,"pct":100},"branches":{"total":2,"covered":1,"skipped":0,"pct":50}}
,"/Volumes/macData/Projects/Braze/beacon/packages/core/src/components/Box/getBoxCss/getBoxCss.ts": {"lines":{"total":16,"covered":12,"skipped":0,"pct":75},"functions":{"total":2,"covered":2,"skipped":0,"pct":100},"statements":{"total":16,"covered":12,"skipped":0,"pct":75},"branches":{"total":29,"covered":13,"skipped":0,"pct":44.83}}
,"/Volumes/macData/Projects/Braze/beacon/packages/core/src/components/BrazeIcon/BrazeIcon.tsx": {"lines":{"total":31,"covered":21,"skipped":0,"pct":67.74},"functions":{"total":23,"covered":7,"skipped":0,"pct":30.43},"statements":{"total":42,"covered":24,"skipped":0,"pct":57.14},"branches":{"total":4,"covered":2,"skipped":0,"pct":50}}
,"/Volumes/macData/Projects/Braze/beacon/packages/core/src/components/BrazeIcon/StyledBrazeIcon.ts": {"lines":{"total":1,"covered":1,"skipped":0,"pct":100},"functions":{"total":0,"covered":0,"skipped":0,"pct":100},"statements":{"total":1,"covered":1,"skipped":0,"pct":100},"branches":{"total":0,"covered":0,"skipped":0,"pct":100}}
,"/Volumes/macData/Projects/Braze/beacon/packages/core/src/components/BrazeIcon/CampaignComparison/CampaignComparison.tsx": {"lines":{"total":3,"covered":3,"skipped":0,"pct":100},"functions":{"total":1,"covered":1,"skipped":0,"pct":100},"statements":{"total":3,"covered":3,"skipped":0,"pct":100},"branches":{"total":0,"covered":0,"skipped":0,"pct":100}}
,"/Volumes/macData/Projects/Braze/beacon/packages/core/src/components/BrazeIcon/FunnelReport/FunnelReport.tsx": {"lines":{"total":3,"covered":3,"skipped":0,"pct":100},"functions":{"total":1,"covered":1,"skipped":0,"pct":100},"statements":{"total":3,"covered":3,"skipped":0,"pct":100},"branches":{"total":0,"covered":0,"skipped":0,"pct":100}}
,"/Volumes/macData/Projects/Braze/beacon/packages/core/src/components/BrazeIcon/RetentionReport/RetentionReport.tsx": {"lines":{"total":3,"covered":3,"skipped":0,"pct":100},"functions":{"total":1,"covered":1,"skipped":0,"pct":100},"statements":{"total":3,"covered":3,"skipped":0,"pct":100},"branches":{"total":0,"covered":0,"skipped":0,"pct":100}}
,"/Volumes/macData/Projects/Braze/beacon/packages/core/src/components/Button/Button.tsx": {"lines":{"total":12,"covered":8,"skipped":0,"pct":66.67},"functions":{"total":2,"covered":2,"skipped":0,"pct":100},"statements":{"total":12,"covered":8,"skipped":0,"pct":66.67},"branches":{"total":24,"covered":15,"skipped":0,"pct":62.5}}
,"/Volumes/macData/Projects/Braze/beacon/packages/core/src/components/Button/StyledButton.ts": {"lines":{"total":18,"covered":10,"skipped":0,"pct":55.56},"functions":{"total":4,"covered":4,"skipped":0,"pct":100},"statements":{"total":18,"covered":10,"skipped":0,"pct":55.56},"branches":{"total":25,"covered":4,"skipped":0,"pct":16}}
,"/Volumes/macData/Projects/Braze/beacon/packages/core/src/components/Button/ButtonContent/ButtonContent.tsx": {"lines":{"total":11,"covered":8,"skipped":0,"pct":72.73},"functions":{"total":3,"covered":3,"skipped":0,"pct":100},"statements":{"total":11,"covered":8,"skipped":0,"pct":72.73},"branches":{"total":14,"covered":7,"skipped":0,"pct":50}}
,"/Volumes/macData/Projects/Braze/beacon/packages/core/src/components/Button/ButtonContent/StyledButtonContent.ts": {"lines":{"total":4,"covered":4,"skipped":0,"pct":100},"functions":{"total":2,"covered":2,"skipped":0,"pct":100},"statements":{"total":4,"covered":4,"skipped":0,"pct":100},"branches":{"total":4,"covered":2,"skipped":0,"pct":50}}
,"/Volumes/macData/Projects/Braze/beacon/packages/core/src/components/Button/LoadedWithIcon/LoadedWithIcon.tsx": {"lines":{"total":2,"covered":1,"skipped":0,"pct":50},"functions":{"total":1,"covered":0,"skipped":0,"pct":0},"statements":{"total":2,"covered":1,"skipped":0,"pct":50},"branches":{"total":0,"covered":0,"skipped":0,"pct":100}}
,"/Volumes/macData/Projects/Braze/beacon/packages/core/src/components/Button/LoadedWithIcon/StyledLoadedWithIcon.ts": {"lines":{"total":3,"covered":2,"skipped":0,"pct":66.67},"functions":{"total":1,"covered":0,"skipped":0,"pct":0},"statements":{"total":3,"covered":2,"skipped":0,"pct":66.67},"branches":{"total":2,"covered":0,"skipped":0,"pct":0}}
,"/Volumes/macData/Projects/Braze/beacon/packages/core/src/components/Button/LoadingIconWithGradient/LoadingIconWithGradient.tsx": {"lines":{"total":4,"covered":2,"skipped":0,"pct":50},"functions":{"total":1,"covered":0,"skipped":0,"pct":0},"statements":{"total":4,"covered":2,"skipped":0,"pct":50},"branches":{"total":0,"covered":0,"skipped":0,"pct":100}}
,"/Volumes/macData/Projects/Braze/beacon/packages/core/src/components/Button/LoadingIconWithGradient/StyledLoadingIconWithGradient.ts": {"lines":{"total":23,"covered":10,"skipped":0,"pct":43.48},"functions":{"total":4,"covered":0,"skipped":0,"pct":0},"statements":{"total":24,"covered":10,"skipped":0,"pct":41.67},"branches":{"total":18,"covered":0,"skipped":0,"pct":0}}
,"/Volumes/macData/Projects/Braze/beacon/packages/core/src/components/ButtonGroup/ButtonGroup.tsx": {"lines":{"total":3,"covered":2,"skipped":0,"pct":66.67},"functions":{"total":1,"covered":0,"skipped":0,"pct":0},"statements":{"total":3,"covered":2,"skipped":0,"pct":66.67},"branches":{"total":0,"covered":0,"skipped":0,"pct":100}}
,"/Volumes/macData/Projects/Braze/beacon/packages/core/src/components/ButtonGroup/StyledButtonGroup.ts": {"lines":{"total":15,"covered":4,"skipped":0,"pct":26.67},"functions":{"total":3,"covered":0,"skipped":0,"pct":0},"statements":{"total":15,"covered":4,"skipped":0,"pct":26.67},"branches":{"total":8,"covered":0,"skipped":0,"pct":0}}
,"/Volumes/macData/Projects/Braze/beacon/packages/core/src/components/Checkbox/Checkbox.tsx": {"lines":{"total":22,"covered":2,"skipped":0,"pct":9.09},"functions":{"total":4,"covered":0,"skipped":0,"pct":0},"statements":{"total":22,"covered":2,"skipped":0,"pct":9.09},"branches":{"total":24,"covered":0,"skipped":0,"pct":0}}
,"/Volumes/macData/Projects/Braze/beacon/packages/core/src/components/Checkbox/CheckboxContainer/CheckboxContainer.tsx": {"lines":{"total":4,"covered":3,"skipped":0,"pct":75},"functions":{"total":2,"covered":0,"skipped":0,"pct":0},"statements":{"total":5,"covered":3,"skipped":0,"pct":60},"branches":{"total":2,"covered":0,"skipped":0,"pct":0}}
,"/Volumes/macData/Projects/Braze/beacon/packages/core/src/components/Checkbox/CheckboxIcon/CheckboxIcon.tsx": {"lines":{"total":3,"covered":3,"skipped":0,"pct":100},"functions":{"total":1,"covered":0,"skipped":0,"pct":0},"statements":{"total":4,"covered":3,"skipped":0,"pct":75},"branches":{"total":0,"covered":0,"skipped":0,"pct":100}}
,"/Volumes/macData/Projects/Braze/beacon/packages/core/src/components/Checkbox/CheckboxLabel/CheckboxLabel.tsx": {"lines":{"total":4,"covered":3,"skipped":0,"pct":75},"functions":{"total":2,"covered":0,"skipped":0,"pct":0},"statements":{"total":5,"covered":3,"skipped":0,"pct":60},"branches":{"total":2,"covered":0,"skipped":0,"pct":0}}
,"/Volumes/macData/Projects/Braze/beacon/packages/core/src/components/Checkbox/CheckedPolyline/CheckedPolyline.tsx": {"lines":{"total":4,"covered":3,"skipped":0,"pct":75},"functions":{"total":2,"covered":0,"skipped":0,"pct":0},"statements":{"total":5,"covered":3,"skipped":0,"pct":60},"branches":{"total":4,"covered":0,"skipped":0,"pct":0}}
,"/Volumes/macData/Projects/Braze/beacon/packages/core/src/components/Checkbox/HiddenCheckbox/HiddenCheckbox.tsx": {"lines":{"total":3,"covered":3,"skipped":0,"pct":100},"functions":{"total":1,"covered":0,"skipped":0,"pct":0},"statements":{"total":4,"covered":3,"skipped":0,"pct":75},"branches":{"total":0,"covered":0,"skipped":0,"pct":100}}
,"/Volumes/macData/Projects/Braze/beacon/packages/core/src/components/Checkbox/IndeterminatePolyline/IndeterminatePolyline.tsx": {"lines":{"total":4,"covered":3,"skipped":0,"pct":75},"functions":{"total":2,"covered":0,"skipped":0,"pct":0},"statements":{"total":5,"covered":3,"skipped":0,"pct":60},"branches":{"total":2,"covered":0,"skipped":0,"pct":0}}
,"/Volumes/macData/Projects/Braze/beacon/packages/core/src/components/Checkbox/StyledCheckbox/StyledCheckbox.ts": {"lines":{"total":8,"covered":2,"skipped":0,"pct":25},"functions":{"total":2,"covered":0,"skipped":0,"pct":0},"statements":{"total":8,"covered":2,"skipped":0,"pct":25},"branches":{"total":18,"covered":0,"skipped":0,"pct":0}}
,"/Volumes/macData/Projects/Braze/beacon/packages/core/src/components/CloseButton/CloseButton.tsx": {"lines":{"total":3,"covered":2,"skipped":0,"pct":66.67},"functions":{"total":1,"covered":0,"skipped":0,"pct":0},"statements":{"total":3,"covered":2,"skipped":0,"pct":66.67},"branches":{"total":1,"covered":0,"skipped":0,"pct":0}}
,"/Volumes/macData/Projects/Braze/beacon/packages/core/src/components/CloseButton/StyledCloseButton/StyledCloseButton.ts": {"lines":{"total":4,"covered":1,"skipped":0,"pct":25},"functions":{"total":3,"covered":0,"skipped":0,"pct":0},"statements":{"total":4,"covered":1,"skipped":0,"pct":25},"branches":{"total":6,"covered":0,"skipped":0,"pct":0}}
,"/Volumes/macData/Projects/Braze/beacon/packages/core/src/components/Collapsible/Collapsible.tsx": {"lines":{"total":3,"covered":2,"skipped":0,"pct":66.67},"functions":{"total":1,"covered":0,"skipped":0,"pct":0},"statements":{"total":3,"covered":2,"skipped":0,"pct":66.67},"branches":{"total":1,"covered":0,"skipped":0,"pct":0}}
,"/Volumes/macData/Projects/Braze/beacon/packages/core/src/components/Collapsible/StyledCollapsible.ts": {"lines":{"total":6,"covered":2,"skipped":0,"pct":33.33},"functions":{"total":1,"covered":0,"skipped":0,"pct":0},"statements":{"total":6,"covered":2,"skipped":0,"pct":33.33},"branches":{"total":4,"covered":0,"skipped":0,"pct":0}}
,"/Volumes/macData/Projects/Braze/beacon/packages/core/src/components/CollapsibleBody/CollapsibleBody.tsx": {"lines":{"total":4,"covered":2,"skipped":0,"pct":50},"functions":{"total":1,"covered":0,"skipped":0,"pct":0},"statements":{"total":4,"covered":2,"skipped":0,"pct":50},"branches":{"total":0,"covered":0,"skipped":0,"pct":100}}
,"/Volumes/macData/Projects/Braze/beacon/packages/core/src/components/CollapsibleBody/StyledCollapsibleBody.ts": {"lines":{"total":5,"covered":2,"skipped":0,"pct":40},"functions":{"total":1,"covered":0,"skipped":0,"pct":0},"statements":{"total":5,"covered":2,"skipped":0,"pct":40},"branches":{"total":2,"covered":0,"skipped":0,"pct":0}}
,"/Volumes/macData/Projects/Braze/beacon/packages/core/src/components/CollapsibleButton/CollapsibleButton.tsx": {"lines":{"total":4,"covered":2,"skipped":0,"pct":50},"functions":{"total":1,"covered":0,"skipped":0,"pct":0},"statements":{"total":4,"covered":2,"skipped":0,"pct":50},"branches":{"total":3,"covered":0,"skipped":0,"pct":0}}
,"/Volumes/macData/Projects/Braze/beacon/packages/core/src/components/CollapsibleButton/StyledCollapsibleButton.ts": {"lines":{"total":4,"covered":1,"skipped":0,"pct":25},"functions":{"total":3,"covered":0,"skipped":0,"pct":0},"statements":{"total":4,"covered":1,"skipped":0,"pct":25},"branches":{"total":6,"covered":0,"skipped":0,"pct":0}}
,"/Volumes/macData/Projects/Braze/beacon/packages/core/src/components/CollapsibleContext/CollapsibleContext.tsx": {"lines":{"total":4,"covered":2,"skipped":0,"pct":50},"functions":{"total":2,"covered":0,"skipped":0,"pct":0},"statements":{"total":5,"covered":2,"skipped":0,"pct":40},"branches":{"total":2,"covered":0,"skipped":0,"pct":0}}
,"/Volumes/macData/Projects/Braze/beacon/packages/core/src/components/CollapsibleHeader/CollapsibleHeader.tsx": {"lines":{"total":3,"covered":2,"skipped":0,"pct":66.67},"functions":{"total":1,"covered":0,"skipped":0,"pct":0},"statements":{"total":3,"covered":2,"skipped":0,"pct":66.67},"branches":{"total":0,"covered":0,"skipped":0,"pct":100}}
,"/Volumes/macData/Projects/Braze/beacon/packages/core/src/components/CollapsibleHeaderText/CollapsibleHeaderText.tsx": {"lines":{"total":3,"covered":2,"skipped":0,"pct":66.67},"functions":{"total":1,"covered":0,"skipped":0,"pct":0},"statements":{"total":3,"covered":2,"skipped":0,"pct":66.67},"branches":{"total":0,"covered":0,"skipped":0,"pct":100}}
,"/Volumes/macData/Projects/Braze/beacon/packages/core/src/components/CollapsibleHeaderText/StyledCollapsibleHeaderText.ts": {"lines":{"total":1,"covered":1,"skipped":0,"pct":100},"functions":{"total":0,"covered":0,"skipped":0,"pct":100},"statements":{"total":1,"covered":1,"skipped":0,"pct":100},"branches":{"total":0,"covered":0,"skipped":0,"pct":100}}
,"/Volumes/macData/Projects/Braze/beacon/packages/core/src/components/CollapsibleIconButton/CollapsibleIconButton.tsx": {"lines":{"total":4,"covered":2,"skipped":0,"pct":50},"functions":{"total":1,"covered":0,"skipped":0,"pct":0},"statements":{"total":4,"covered":2,"skipped":0,"pct":50},"branches":{"total":2,"covered":0,"skipped":0,"pct":0}}
,"/Volumes/macData/Projects/Braze/beacon/packages/core/src/components/CollapsibleList/CollapsibleList.tsx": {"lines":{"total":3,"covered":2,"skipped":0,"pct":66.67},"functions":{"total":1,"covered":0,"skipped":0,"pct":0},"statements":{"total":3,"covered":2,"skipped":0,"pct":66.67},"branches":{"total":2,"covered":0,"skipped":0,"pct":0}}
,"/Volumes/macData/Projects/Braze/beacon/packages/core/src/components/CollapsibleList/StyledCollapsibleList.ts": {"lines":{"total":1,"covered":1,"skipped":0,"pct":100},"functions":{"total":0,"covered":0,"skipped":0,"pct":100},"statements":{"total":1,"covered":1,"skipped":0,"pct":100},"branches":{"total":0,"covered":0,"skipped":0,"pct":100}}
,"/Volumes/macData/Projects/Braze/beacon/packages/core/src/components/CollapsibleListItem/CollapsibleListItem.tsx": {"lines":{"total":3,"covered":2,"skipped":0,"pct":66.67},"functions":{"total":1,"covered":0,"skipped":0,"pct":0},"statements":{"total":3,"covered":2,"skipped":0,"pct":66.67},"branches":{"total":0,"covered":0,"skipped":0,"pct":100}}
,"/Volumes/macData/Projects/Braze/beacon/packages/core/src/components/CollapsibleListItem/StyledCollapsibleListItem.ts": {"lines":{"total":1,"covered":1,"skipped":0,"pct":100},"functions":{"total":0,"covered":0,"skipped":0,"pct":100},"statements":{"total":1,"covered":1,"skipped":0,"pct":100},"branches":{"total":0,"covered":0,"skipped":0,"pct":100}}
,"/Volumes/macData/Projects/Braze/beacon/packages/core/src/components/CopyField/CopyField.tsx": {"lines":{"total":36,"covered":5,"skipped":0,"pct":13.89},"functions":{"total":9,"covered":0,"skipped":0,"pct":0},"statements":{"total":36,"covered":5,"skipped":0,"pct":13.89},"branches":{"total":21,"covered":0,"skipped":0,"pct":0}}
,"/Volumes/macData/Projects/Braze/beacon/packages/core/src/components/CopyField/StyledCopyField.ts": {"lines":{"total":3,"covered":1,"skipped":0,"pct":33.33},"functions":{"total":2,"covered":0,"skipped":0,"pct":0},"statements":{"total":3,"covered":1,"skipped":0,"pct":33.33},"branches":{"total":4,"covered":0,"skipped":0,"pct":0}}
,"/Volumes/macData/Projects/Braze/beacon/packages/core/src/components/EmptyState/EmptyState.ts": {"lines":{"total":3,"covered":3,"skipped":0,"pct":100},"functions":{"total":1,"covered":0,"skipped":0,"pct":0},"statements":{"total":4,"covered":3,"skipped":0,"pct":75},"branches":{"total":0,"covered":0,"skipped":0,"pct":100}}
,"/Volumes/macData/Projects/Braze/beacon/packages/core/src/components/EmptyStateButtonGroup/EmptyStateButtonGroup.tsx": {"lines":{"total":4,"covered":3,"skipped":0,"pct":75},"functions":{"total":1,"covered":0,"skipped":0,"pct":0},"statements":{"total":4,"covered":3,"skipped":0,"pct":75},"branches":{"total":0,"covered":0,"skipped":0,"pct":100}}
,"/Volumes/macData/Projects/Braze/beacon/packages/core/src/components/EmptyStateHeading/EmptyStateHeading.tsx": {"lines":{"total":4,"covered":3,"skipped":0,"pct":75},"functions":{"total":1,"covered":0,"skipped":0,"pct":0},"statements":{"total":4,"covered":3,"skipped":0,"pct":75},"branches":{"total":0,"covered":0,"skipped":0,"pct":100}}
,"/Volumes/macData/Projects/Braze/beacon/packages/core/src/components/EmptyStateIcon/EmptyStateIcon.tsx": {"lines":{"total":4,"covered":3,"skipped":0,"pct":75},"functions":{"total":1,"covered":0,"skipped":0,"pct":0},"statements":{"total":4,"covered":3,"skipped":0,"pct":75},"branches":{"total":0,"covered":0,"skipped":0,"pct":100}}
,"/Volumes/macData/Projects/Braze/beacon/packages/core/src/components/EmptyStateText/EmptyStateText.tsx": {"lines":{"total":3,"covered":3,"skipped":0,"pct":100},"functions":{"total":1,"covered":0,"skipped":0,"pct":0},"statements":{"total":4,"covered":3,"skipped":0,"pct":75},"branches":{"total":0,"covered":0,"skipped":0,"pct":100}}
,"/Volumes/macData/Projects/Braze/beacon/packages/core/src/components/FieldLabel/FieldLabel.tsx": {"lines":{"total":7,"covered":1,"skipped":0,"pct":14.29},"functions":{"total":2,"covered":0,"skipped":0,"pct":0},"statements":{"total":7,"covered":1,"skipped":0,"pct":14.29},"branches":{"total":18,"covered":0,"skipped":0,"pct":0}}
,"/Volumes/macData/Projects/Braze/beacon/packages/core/src/components/FieldLabel/FieldLabelEnforceText.tsx": {"lines":{"total":7,"covered":1,"skipped":0,"pct":14.29},"functions":{"total":1,"covered":0,"skipped":0,"pct":0},"statements":{"total":7,"covered":1,"skipped":0,"pct":14.29},"branches":{"total":4,"covered":0,"skipped":0,"pct":0}}
,"/Volumes/macData/Projects/Braze/beacon/packages/core/src/components/FieldLabel/FieldLabelInfoIconAndPopover.tsx": {"lines":{"total":13,"covered":5,"skipped":0,"pct":38.46},"functions":{"total":1,"covered":0,"skipped":0,"pct":0},"statements":{"total":13,"covered":5,"skipped":0,"pct":38.46},"branches":{"total":8,"covered":0,"skipped":0,"pct":0}}
,"/Volumes/macData/Projects/Braze/beacon/packages/core/src/components/FieldLabel/FieldLabelInfoIconButton.tsx": {"lines":{"total":3,"covered":2,"skipped":0,"pct":66.67},"functions":{"total":1,"covered":0,"skipped":0,"pct":0},"statements":{"total":3,"covered":2,"skipped":0,"pct":66.67},"branches":{"total":0,"covered":0,"skipped":0,"pct":100}}
,"/Volumes/macData/Projects/Braze/beacon/packages/core/src/components/FieldLabel/StyledFieldLabel.ts": {"lines":{"total":3,"covered":3,"skipped":0,"pct":100},"functions":{"total":0,"covered":0,"skipped":0,"pct":100},"statements":{"total":3,"covered":3,"skipped":0,"pct":100},"branches":{"total":0,"covered":0,"skipped":0,"pct":100}}
,"/Volumes/macData/Projects/Braze/beacon/packages/core/src/components/FieldLabel/StyledFieldLabelInfoIconButton.tsx": {"lines":{"total":2,"covered":1,"skipped":0,"pct":50},"functions":{"total":1,"covered":0,"skipped":0,"pct":0},"statements":{"total":2,"covered":1,"skipped":0,"pct":50},"branches":{"total":2,"covered":0,"skipped":0,"pct":0}}
,"/Volumes/macData/Projects/Braze/beacon/packages/core/src/components/FieldLabel/storybookHelpers.tsx": {"lines":{"total":2,"covered":2,"skipped":0,"pct":100},"functions":{"total":0,"covered":0,"skipped":0,"pct":100},"statements":{"total":2,"covered":2,"skipped":0,"pct":100},"branches":{"total":0,"covered":0,"skipped":0,"pct":100}}
,"/Volumes/macData/Projects/Braze/beacon/packages/core/src/components/FieldLabel/hooks/useFieldLabelPopoverKeyboardAccessibilityEvents.ts": {"lines":{"total":40,"covered":1,"skipped":0,"pct":2.5},"functions":{"total":9,"covered":0,"skipped":0,"pct":0},"statements":{"total":40,"covered":1,"skipped":0,"pct":2.5},"branches":{"total":16,"covered":0,"skipped":0,"pct":0}}
,"/Volumes/macData/Projects/Braze/beacon/packages/core/src/components/Flex/Flex.tsx": {"lines":{"total":10,"covered":9,"skipped":0,"pct":90},"functions":{"total":3,"covered":3,"skipped":0,"pct":100},"statements":{"total":10,"covered":9,"skipped":0,"pct":90},"branches":{"total":8,"covered":6,"skipped":0,"pct":75}}
,"/Volumes/macData/Projects/Braze/beacon/packages/core/src/components/Flex/StyledFlex.tsx": {"lines":{"total":2,"covered":2,"skipped":0,"pct":100},"functions":{"total":1,"covered":1,"skipped":0,"pct":100},"statements":{"total":2,"covered":2,"skipped":0,"pct":100},"branches":{"total":0,"covered":0,"skipped":0,"pct":100}}
,"/Volumes/macData/Projects/Braze/beacon/packages/core/src/components/Flex/getFlexCss/getFlexCss.ts": {"lines":{"total":14,"covered":14,"skipped":0,"pct":100},"functions":{"total":7,"covered":7,"skipped":0,"pct":100},"statements":{"total":14,"covered":14,"skipped":0,"pct":100},"branches":{"total":3,"covered":2,"skipped":0,"pct":66.67}}
,"/Volumes/macData/Projects/Braze/beacon/packages/core/src/components/FlexBox/FlexBox.tsx": {"lines":{"total":3,"covered":3,"skipped":0,"pct":100},"functions":{"total":1,"covered":1,"skipped":0,"pct":100},"statements":{"total":3,"covered":3,"skipped":0,"pct":100},"branches":{"total":0,"covered":0,"skipped":0,"pct":100}}
,"/Volumes/macData/Projects/Braze/beacon/packages/core/src/components/FlexBox/StyledFlexBox.tsx": {"lines":{"total":3,"covered":3,"skipped":0,"pct":100},"functions":{"total":2,"covered":2,"skipped":0,"pct":100},"statements":{"total":3,"covered":3,"skipped":0,"pct":100},"branches":{"total":0,"covered":0,"skipped":0,"pct":100}}
,"/Volumes/macData/Projects/Braze/beacon/packages/core/src/components/FormGroup/FormGroup.tsx": {"lines":{"total":2,"covered":1,"skipped":0,"pct":50},"functions":{"total":1,"covered":0,"skipped":0,"pct":0},"statements":{"total":2,"covered":1,"skipped":0,"pct":50},"branches":{"total":0,"covered":0,"skipped":0,"pct":100}}
,"/Volumes/macData/Projects/Braze/beacon/packages/core/src/components/FormGroup/StyledFormGroup.ts": {"lines":{"total":1,"covered":1,"skipped":0,"pct":100},"functions":{"total":0,"covered":0,"skipped":0,"pct":100},"statements":{"total":1,"covered":1,"skipped":0,"pct":100},"branches":{"total":0,"covered":0,"skipped":0,"pct":100}}
,"/Volumes/macData/Projects/Braze/beacon/packages/core/src/components/FormGroupLegend/FormGroupLegend.tsx": {"lines":{"total":2,"covered":1,"skipped":0,"pct":50},"functions":{"total":1,"covered":0,"skipped":0,"pct":0},"statements":{"total":2,"covered":1,"skipped":0,"pct":50},"branches":{"total":0,"covered":0,"skipped":0,"pct":100}}
,"/Volumes/macData/Projects/Braze/beacon/packages/core/src/components/FormGroupLegend/StyledFormGroupLegend.ts": {"lines":{"total":1,"covered":1,"skipped":0,"pct":100},"functions":{"total":0,"covered":0,"skipped":0,"pct":100},"statements":{"total":1,"covered":1,"skipped":0,"pct":100},"branches":{"total":0,"covered":0,"skipped":0,"pct":100}}
,"/Volumes/macData/Projects/Braze/beacon/packages/core/src/components/Heading/Heading.tsx": {"lines":{"total":2,"covered":2,"skipped":0,"pct":100},"functions":{"total":1,"covered":1,"skipped":0,"pct":100},"statements":{"total":2,"covered":2,"skipped":0,"pct":100},"branches":{"total":2,"covered":1,"skipped":0,"pct":50}}
,"/Volumes/macData/Projects/Braze/beacon/packages/core/src/components/Heading/StyledHeading.ts": {"lines":{"total":15,"covered":10,"skipped":0,"pct":66.67},"functions":{"total":3,"covered":3,"skipped":0,"pct":100},"statements":{"total":15,"covered":10,"skipped":0,"pct":66.67},"branches":{"total":10,"covered":5,"skipped":0,"pct":50}}
,"/Volumes/macData/Projects/Braze/beacon/packages/core/src/components/HelpText/HelpText.tsx": {"lines":{"total":2,"covered":1,"skipped":0,"pct":50},"functions":{"total":1,"covered":0,"skipped":0,"pct":0},"statements":{"total":2,"covered":1,"skipped":0,"pct":50},"branches":{"total":0,"covered":0,"skipped":0,"pct":100}}
,"/Volumes/macData/Projects/Braze/beacon/packages/core/src/components/HelpText/StyledHelpText.ts": {"lines":{"total":2,"covered":1,"skipped":0,"pct":50},"functions":{"total":1,"covered":0,"skipped":0,"pct":0},"statements":{"total":2,"covered":1,"skipped":0,"pct":50},"branches":{"total":2,"covered":0,"skipped":0,"pct":0}}
,"/Volumes/macData/Projects/Braze/beacon/packages/core/src/components/Icon/Icon.tsx": {"lines":{"total":4,"covered":4,"skipped":0,"pct":100},"functions":{"total":1,"covered":1,"skipped":0,"pct":100},"statements":{"total":4,"covered":4,"skipped":0,"pct":100},"branches":{"total":1,"covered":0,"skipped":0,"pct":0}}
,"/Volumes/macData/Projects/Braze/beacon/packages/core/src/components/Icon/StyledIcon.tsx": {"lines":{"total":6,"covered":5,"skipped":0,"pct":83.33},"functions":{"total":2,"covered":2,"skipped":0,"pct":100},"statements":{"total":6,"covered":5,"skipped":0,"pct":83.33},"branches":{"total":4,"covered":2,"skipped":0,"pct":50}}
,"/Volumes/macData/Projects/Braze/beacon/packages/core/src/components/Icon/braze-icons/brazeIcons.ts": {"lines":{"total":1,"covered":1,"skipped":0,"pct":100},"functions":{"total":0,"covered":0,"skipped":0,"pct":100},"statements":{"total":1,"covered":1,"skipped":0,"pct":100},"branches":{"total":0,"covered":0,"skipped":0,"pct":100}}
,"/Volumes/macData/Projects/Braze/beacon/packages/core/src/components/Icon/braze-icons/create.ts": {"lines":{"total":2,"covered":2,"skipped":0,"pct":100},"functions":{"total":1,"covered":1,"skipped":0,"pct":100},"statements":{"total":2,"covered":2,"skipped":0,"pct":100},"branches":{"total":0,"covered":0,"skipped":0,"pct":100}}
,"/Volumes/macData/Projects/Braze/beacon/packages/core/src/components/Icon/braze-icons/dragAndDrop.ts": {"lines":{"total":2,"covered":2,"skipped":0,"pct":100},"functions":{"total":0,"covered":0,"skipped":0,"pct":100},"statements":{"total":2,"covered":2,"skipped":0,"pct":100},"branches":{"total":0,"covered":0,"skipped":0,"pct":100}}
,"/Volumes/macData/Projects/Braze/beacon/packages/core/src/components/Icon/braze-icons/html.ts": {"lines":{"total":2,"covered":2,"skipped":0,"pct":100},"functions":{"total":0,"covered":0,"skipped":0,"pct":100},"statements":{"total":2,"covered":2,"skipped":0,"pct":100},"branches":{"total":0,"covered":0,"skipped":0,"pct":100}}
,"/Volumes/macData/Projects/Braze/beacon/packages/core/src/components/Icon/braze-icons/push.ts": {"lines":{"total":2,"covered":2,"skipped":0,"pct":100},"functions":{"total":0,"covered":0,"skipped":0,"pct":100},"statements":{"total":2,"covered":2,"skipped":0,"pct":100},"branches":{"total":0,"covered":0,"skipped":0,"pct":100}}
,"/Volumes/macData/Projects/Braze/beacon/packages/core/src/components/IconButton/IconButton.tsx": {"lines":{"total":11,"covered":2,"skipped":0,"pct":18.18},"functions":{"total":4,"covered":0,"skipped":0,"pct":0},"statements":{"total":11,"covered":2,"skipped":0,"pct":18.18},"branches":{"total":23,"covered":0,"skipped":0,"pct":0}}
,"/Volumes/macData/Projects/Braze/beacon/packages/core/src/components/IconButton/StyledIconButton.ts": {"lines":{"total":10,"covered":3,"skipped":0,"pct":30},"functions":{"total":3,"covered":0,"skipped":0,"pct":0},"statements":{"total":10,"covered":3,"skipped":0,"pct":30},"branches":{"total":6,"covered":0,"skipped":0,"pct":0}}
,"/Volumes/macData/Projects/Braze/beacon/packages/core/src/components/InlineInput/InlineInput.tsx": {"lines":{"total":81,"covered":4,"skipped":0,"pct":4.94},"functions":{"total":16,"covered":0,"skipped":0,"pct":0},"statements":{"total":81,"covered":4,"skipped":0,"pct":4.94},"branches":{"total":51,"covered":0,"skipped":0,"pct":0}}
,"/Volumes/macData/Projects/Braze/beacon/packages/core/src/components/InlineInput/InlineInputEditMode/InlineInputEditMode.tsx": {"lines":{"total":5,"covered":2,"skipped":0,"pct":40},"functions":{"total":2,"covered":0,"skipped":0,"pct":0},"statements":{"total":5,"covered":2,"skipped":0,"pct":40},"branches":{"total":1,"covered":0,"skipped":0,"pct":0}}
,"/Volumes/macData/Projects/Braze/beacon/packages/core/src/components/InlineInput/InlineInputEditMode/StyledInlineInputEditMode.ts": {"lines":{"total":6,"covered":2,"skipped":0,"pct":33.33},"functions":{"total":2,"covered":0,"skipped":0,"pct":0},"statements":{"total":6,"covered":2,"skipped":0,"pct":33.33},"branches":{"total":5,"covered":0,"skipped":0,"pct":0}}
,"/Volumes/macData/Projects/Braze/beacon/packages/core/src/components/InlineInput/InlineInputViewMode/InlineInputViewMode.tsx": {"lines":{"total":3,"covered":2,"skipped":0,"pct":66.67},"functions":{"total":1,"covered":0,"skipped":0,"pct":0},"statements":{"total":3,"covered":2,"skipped":0,"pct":66.67},"branches":{"total":8,"covered":0,"skipped":0,"pct":0}}
,"/Volumes/macData/Projects/Braze/beacon/packages/core/src/components/InlineInput/InlineInputViewMode/StyledInlineInputViewMode.ts": {"lines":{"total":6,"covered":2,"skipped":0,"pct":33.33},"functions":{"total":2,"covered":0,"skipped":0,"pct":0},"statements":{"total":6,"covered":2,"skipped":0,"pct":33.33},"branches":{"total":5,"covered":0,"skipped":0,"pct":0}}
,"/Volumes/macData/Projects/Braze/beacon/packages/core/src/components/Input/Input.tsx": {"lines":{"total":6,"covered":2,"skipped":0,"pct":33.33},"functions":{"total":1,"covered":0,"skipped":0,"pct":0},"statements":{"total":6,"covered":2,"skipped":0,"pct":33.33},"branches":{"total":12,"covered":0,"skipped":0,"pct":0}}
,"/Volumes/macData/Projects/Braze/beacon/packages/core/src/components/Input/StyledInput.ts": {"lines":{"total":12,"covered":3,"skipped":0,"pct":25},"functions":{"total":6,"covered":0,"skipped":0,"pct":0},"statements":{"total":12,"covered":3,"skipped":0,"pct":25},"branches":{"total":13,"covered":0,"skipped":0,"pct":0}}
,"/Volumes/macData/Projects/Braze/beacon/packages/core/src/components/InputGroup/InputGroup.tsx": {"lines":{"total":3,"covered":2,"skipped":0,"pct":66.67},"functions":{"total":1,"covered":0,"skipped":0,"pct":0},"statements":{"total":3,"covered":2,"skipped":0,"pct":66.67},"branches":{"total":0,"covered":0,"skipped":0,"pct":100}}
,"/Volumes/macData/Projects/Braze/beacon/packages/core/src/components/InputGroup/StyledInputGroup.ts": {"lines":{"total":6,"covered":3,"skipped":0,"pct":50},"functions":{"total":3,"covered":0,"skipped":0,"pct":0},"statements":{"total":6,"covered":3,"skipped":0,"pct":50},"branches":{"total":6,"covered":0,"skipped":0,"pct":0}}
,"/Volumes/macData/Projects/Braze/beacon/packages/core/src/components/InputGroupAddon/InputGroupAddon.tsx": {"lines":{"total":4,"covered":2,"skipped":0,"pct":50},"functions":{"total":1,"covered":0,"skipped":0,"pct":0},"statements":{"total":4,"covered":2,"skipped":0,"pct":50},"branches":{"total":0,"covered":0,"skipped":0,"pct":100}}
,"/Volumes/macData/Projects/Braze/beacon/packages/core/src/components/InputGroupAddon/StyledInputGroupAddon.ts": {"lines":{"total":9,"covered":2,"skipped":0,"pct":22.22},"functions":{"total":5,"covered":0,"skipped":0,"pct":0},"statements":{"total":9,"covered":2,"skipped":0,"pct":22.22},"branches":{"total":8,"covered":0,"skipped":0,"pct":0}}
,"/Volumes/macData/Projects/Braze/beacon/packages/core/src/components/InputGroupContext/InputGroupContext.tsx": {"lines":{"total":3,"covered":2,"skipped":0,"pct":66.67},"functions":{"total":1,"covered":0,"skipped":0,"pct":0},"statements":{"total":3,"covered":2,"skipped":0,"pct":66.67},"branches":{"total":0,"covered":0,"skipped":0,"pct":100}}
,"/Volumes/macData/Projects/Braze/beacon/packages/core/src/components/Label/Label.tsx": {"lines":{"total":2,"covered":1,"skipped":0,"pct":50},"functions":{"total":1,"covered":0,"skipped":0,"pct":0},"statements":{"total":2,"covered":1,"skipped":0,"pct":50},"branches":{"total":0,"covered":0,"skipped":0,"pct":100}}
,"/Volumes/macData/Projects/Braze/beacon/packages/core/src/components/Label/StyledLabel.ts": {"lines":{"total":1,"covered":1,"skipped":0,"pct":100},"functions":{"total":0,"covered":0,"skipped":0,"pct":100},"statements":{"total":1,"covered":1,"skipped":0,"pct":100},"branches":{"total":0,"covered":0,"skipped":0,"pct":100}}
,"/Volumes/macData/Projects/Braze/beacon/packages/core/src/components/LevelsContext/LevelsContext.tsx": {"lines":{"total":9,"covered":3,"skipped":0,"pct":33.33},"functions":{"total":2,"covered":0,"skipped":0,"pct":0},"statements":{"total":9,"covered":3,"skipped":0,"pct":33.33},"branches":{"total":4,"covered":0,"skipped":0,"pct":0}}
,"/Volumes/macData/Projects/Braze/beacon/packages/core/src/components/Link/Link.tsx": {"lines":{"total":6,"covered":2,"skipped":0,"pct":33.33},"functions":{"total":1,"covered":0,"skipped":0,"pct":0},"statements":{"total":6,"covered":2,"skipped":0,"pct":33.33},"branches":{"total":6,"covered":0,"skipped":0,"pct":0}}
,"/Volumes/macData/Projects/Braze/beacon/packages/core/src/components/Link/StyledLink.tsx": {"lines":{"total":9,"covered":3,"skipped":0,"pct":33.33},"functions":{"total":5,"covered":0,"skipped":0,"pct":0},"statements":{"total":10,"covered":3,"skipped":0,"pct":30},"branches":{"total":8,"covered":0,"skipped":0,"pct":0}}
,"/Volumes/macData/Projects/Braze/beacon/packages/core/src/components/LoremIpsum/LoremIpsum.tsx": {"lines":{"total":4,"covered":2,"skipped":0,"pct":50},"functions":{"total":2,"covered":0,"skipped":0,"pct":0},"statements":{"total":4,"covered":2,"skipped":0,"pct":50},"branches":{"total":1,"covered":0,"skipped":0,"pct":0}}
,"/Volumes/macData/Projects/Braze/beacon/packages/core/src/components/Menu/Menu.tsx": {"lines":{"total":11,"covered":11,"skipped":0,"pct":100},"functions":{"total":3,"covered":3,"skipped":0,"pct":100},"statements":{"total":11,"covered":11,"skipped":0,"pct":100},"branches":{"total":9,"covered":6,"skipped":0,"pct":66.67}}
,"/Volumes/macData/Projects/Braze/beacon/packages/core/src/components/Menu/StyledMenu.ts": {"lines":{"total":7,"covered":6,"skipped":0,"pct":85.71},"functions":{"total":2,"covered":2,"skipped":0,"pct":100},"statements":{"total":7,"covered":6,"skipped":0,"pct":85.71},"branches":{"total":4,"covered":2,"skipped":0,"pct":50}}
,"/Volumes/macData/Projects/Braze/beacon/packages/core/src/components/Menu/getKey/getKey.ts": {"lines":{"total":16,"covered":16,"skipped":0,"pct":100},"functions":{"total":1,"covered":1,"skipped":0,"pct":100},"statements":{"total":16,"covered":16,"skipped":0,"pct":100},"branches":{"total":28,"covered":28,"skipped":0,"pct":100}}
,"/Volumes/macData/Projects/Braze/beacon/packages/core/src/components/Menu/useMenuA11y/useMenuA11y.ts": {"lines":{"total":112,"covered":110,"skipped":0,"pct":98.21},"functions":{"total":17,"covered":17,"skipped":0,"pct":100},"statements":{"total":113,"covered":111,"skipped":0,"pct":98.23},"branches":{"total":88,"covered":86,"skipped":0,"pct":97.73}}
,"/Volumes/macData/Projects/Braze/beacon/packages/core/src/components/MenuActionButton/MenuActionButton.tsx": {"lines":{"total":3,"covered":3,"skipped":0,"pct":100},"functions":{"total":1,"covered":1,"skipped":0,"pct":100},"statements":{"total":3,"covered":3,"skipped":0,"pct":100},"branches":{"total":4,"covered":3,"skipped":0,"pct":75}}
,"/Volumes/macData/Projects/Braze/beacon/packages/core/src/components/MenuButton/MenuButton.tsx": {"lines":{"total":3,"covered":3,"skipped":0,"pct":100},"functions":{"total":1,"covered":1,"skipped":0,"pct":100},"statements":{"total":3,"covered":3,"skipped":0,"pct":100},"branches":{"total":0,"covered":0,"skipped":0,"pct":100}}
,"/Volumes/macData/Projects/Braze/beacon/packages/core/src/components/MenuButton/StyledMenuButton.ts": {"lines":{"total":2,"covered":2,"skipped":0,"pct":100},"functions":{"total":1,"covered":1,"skipped":0,"pct":100},"statements":{"total":2,"covered":2,"skipped":0,"pct":100},"branches":{"total":2,"covered":2,"skipped":0,"pct":100}}
,"/Volumes/macData/Projects/Braze/beacon/packages/core/src/components/MenuCategoryButton/MenuCategoryButton.tsx": {"lines":{"total":3,"covered":3,"skipped":0,"pct":100},"functions":{"total":1,"covered":1,"skipped":0,"pct":100},"statements":{"total":3,"covered":3,"skipped":0,"pct":100},"branches":{"total":4,"covered":3,"skipped":0,"pct":75}}
,"/Volumes/macData/Projects/Braze/beacon/packages/core/src/components/MenuGroup/MenuGroup.tsx": {"lines":{"total":3,"covered":3,"skipped":0,"pct":100},"functions":{"total":1,"covered":1,"skipped":0,"pct":100},"statements":{"total":3,"covered":3,"skipped":0,"pct":100},"branches":{"total":2,"covered":2,"skipped":0,"pct":100}}
,"/Volumes/macData/Projects/Braze/beacon/packages/core/src/components/MenuGroup/StyledMenuGroup.ts": {"lines":{"total":2,"covered":2,"skipped":0,"pct":100},"functions":{"total":1,"covered":1,"skipped":0,"pct":100},"statements":{"total":2,"covered":2,"skipped":0,"pct":100},"branches":{"total":2,"covered":2,"skipped":0,"pct":100}}
,"/Volumes/macData/Projects/Braze/beacon/packages/core/src/components/Modal/Modal.tsx": {"lines":{"total":54,"covered":5,"skipped":0,"pct":9.26},"functions":{"total":10,"covered":0,"skipped":0,"pct":0},"statements":{"total":55,"covered":5,"skipped":0,"pct":9.09},"branches":{"total":43,"covered":0,"skipped":0,"pct":0}}
,"/Volumes/macData/Projects/Braze/beacon/packages/core/src/components/Modal/StyledModal.ts": {"lines":{"total":2,"covered":1,"skipped":0,"pct":50},"functions":{"total":1,"covered":0,"skipped":0,"pct":0},"statements":{"total":2,"covered":1,"skipped":0,"pct":50},"branches":{"total":2,"covered":0,"skipped":0,"pct":0}}
,"/Volumes/macData/Projects/Braze/beacon/packages/core/src/components/Modal/ModalBackdrop/ModalBackdrop.tsx": {"lines":{"total":3,"covered":2,"skipped":0,"pct":66.67},"functions":{"total":1,"covered":0,"skipped":0,"pct":0},"statements":{"total":3,"covered":2,"skipped":0,"pct":66.67},"branches":{"total":1,"covered":0,"skipped":0,"pct":0}}
,"/Volumes/macData/Projects/Braze/beacon/packages/core/src/components/Modal/ModalBackdrop/StyledModalBackdrop.ts": {"lines":{"total":2,"covered":1,"skipped":0,"pct":50},"functions":{"total":1,"covered":0,"skipped":0,"pct":0},"statements":{"total":2,"covered":1,"skipped":0,"pct":50},"branches":{"total":0,"covered":0,"skipped":0,"pct":100}}
,"/Volumes/macData/Projects/Braze/beacon/packages/core/src/components/Modal/ModalContent/ModalContent.tsx": {"lines":{"total":26,"covered":2,"skipped":0,"pct":7.69},"functions":{"total":8,"covered":0,"skipped":0,"pct":0},"statements":{"total":26,"covered":2,"skipped":0,"pct":7.69},"branches":{"total":14,"covered":0,"skipped":0,"pct":0}}
,"/Volumes/macData/Projects/Braze/beacon/packages/core/src/components/Modal/ModalContent/StyledModalContent.ts": {"lines":{"total":11,"covered":3,"skipped":0,"pct":27.27},"functions":{"total":2,"covered":0,"skipped":0,"pct":0},"statements":{"total":11,"covered":3,"skipped":0,"pct":27.27},"branches":{"total":10,"covered":0,"skipped":0,"pct":0}}
,"/Volumes/macData/Projects/Braze/beacon/packages/core/src/components/Modal/ModalDialog/ModalDialog.tsx": {"lines":{"total":3,"covered":2,"skipped":0,"pct":66.67},"functions":{"total":1,"covered":0,"skipped":0,"pct":0},"statements":{"total":3,"covered":2,"skipped":0,"pct":66.67},"branches":{"total":0,"covered":0,"skipped":0,"pct":100}}
,"/Volumes/macData/Projects/Braze/beacon/packages/core/src/components/Modal/ModalDialog/StyledModalDialog.ts": {"lines":{"total":3,"covered":1,"skipped":0,"pct":33.33},"functions":{"total":2,"covered":0,"skipped":0,"pct":0},"statements":{"total":3,"covered":1,"skipped":0,"pct":33.33},"branches":{"total":2,"covered":0,"skipped":0,"pct":0}}
,"/Volumes/macData/Projects/Braze/beacon/packages/core/src/components/Modal/useModalLevel/useModalLevel.ts": {"lines":{"total":9,"covered":3,"skipped":0,"pct":33.33},"functions":{"total":1,"covered":0,"skipped":0,"pct":0},"statements":{"total":9,"covered":3,"skipped":0,"pct":33.33},"branches":{"total":4,"covered":0,"skipped":0,"pct":0}}
,"/Volumes/macData/Projects/Braze/beacon/packages/core/src/components/ModalBody/ModalBody.tsx": {"lines":{"total":2,"covered":1,"skipped":0,"pct":50},"functions":{"total":1,"covered":0,"skipped":0,"pct":0},"statements":{"total":2,"covered":1,"skipped":0,"pct":50},"branches":{"total":0,"covered":0,"skipped":0,"pct":100}}
,"/Volumes/macData/Projects/Braze/beacon/packages/core/src/components/ModalBody/StyledModalBody.ts": {"lines":{"total":1,"covered":1,"skipped":0,"pct":100},"functions":{"total":0,"covered":0,"skipped":0,"pct":100},"statements":{"total":1,"covered":1,"skipped":0,"pct":100},"branches":{"total":0,"covered":0,"skipped":0,"pct":100}}
,"/Volumes/macData/Projects/Braze/beacon/packages/core/src/components/ModalContext/ModalContext.tsx": {"lines":{"total":6,"covered":3,"skipped":0,"pct":50},"functions":{"total":2,"covered":0,"skipped":0,"pct":0},"statements":{"total":6,"covered":3,"skipped":0,"pct":50},"branches":{"total":0,"covered":0,"skipped":0,"pct":100}}
,"/Volumes/macData/Projects/Braze/beacon/packages/core/src/components/ModalFooter/ModalFooter.tsx": {"lines":{"total":3,"covered":2,"skipped":0,"pct":66.67},"functions":{"total":1,"covered":0,"skipped":0,"pct":0},"statements":{"total":3,"covered":2,"skipped":0,"pct":66.67},"branches":{"total":0,"covered":0,"skipped":0,"pct":100}}
,"/Volumes/macData/Projects/Braze/beacon/packages/core/src/components/ModalFooter/StyledModalFooter.ts": {"lines":{"total":2,"covered":2,"skipped":0,"pct":100},"functions":{"total":1,"covered":0,"skipped":0,"pct":0},"statements":{"total":3,"covered":2,"skipped":0,"pct":66.67},"branches":{"total":0,"covered":0,"skipped":0,"pct":100}}
,"/Volumes/macData/Projects/Braze/beacon/packages/core/src/components/ModalHeading/ModalHeading.tsx": {"lines":{"total":8,"covered":2,"skipped":0,"pct":25},"functions":{"total":2,"covered":0,"skipped":0,"pct":0},"statements":{"total":8,"covered":2,"skipped":0,"pct":25},"branches":{"total":7,"covered":0,"skipped":0,"pct":0}}
,"/Volumes/macData/Projects/Braze/beacon/packages/core/src/components/ModalHeading/StyledModalHeading.ts": {"lines":{"total":5,"covered":2,"skipped":0,"pct":40},"functions":{"total":1,"covered":0,"skipped":0,"pct":0},"statements":{"total":5,"covered":2,"skipped":0,"pct":40},"branches":{"total":2,"covered":0,"skipped":0,"pct":0}}
,"/Volumes/macData/Projects/Braze/beacon/packages/core/src/components/NumberInput/NumberInput.tsx": {"lines":{"total":18,"covered":3,"skipped":0,"pct":16.67},"functions":{"total":4,"covered":0,"skipped":0,"pct":0},"statements":{"total":18,"covered":3,"skipped":0,"pct":16.67},"branches":{"total":10,"covered":0,"skipped":0,"pct":0}}
,"/Volumes/macData/Projects/Braze/beacon/packages/core/src/components/NumberInput/StyledNumberInput.ts": {"lines":{"total":1,"covered":1,"skipped":0,"pct":100},"functions":{"total":0,"covered":0,"skipped":0,"pct":100},"statements":{"total":1,"covered":1,"skipped":0,"pct":100},"branches":{"total":0,"covered":0,"skipped":0,"pct":100}}
,"/Volumes/macData/Projects/Braze/beacon/packages/core/src/components/NumberInput/NumberInputButton/NumberInputButton.tsx": {"lines":{"total":3,"covered":2,"skipped":0,"pct":66.67},"functions":{"total":1,"covered":0,"skipped":0,"pct":0},"statements":{"total":3,"covered":2,"skipped":0,"pct":66.67},"branches":{"total":2,"covered":0,"skipped":0,"pct":0}}
,"/Volumes/macData/Projects/Braze/beacon/packages/core/src/components/NumberInput/NumberInputButton/StyledNumberInputButton.ts": {"lines":{"total":6,"covered":2,"skipped":0,"pct":33.33},"functions":{"total":1,"covered":0,"skipped":0,"pct":0},"statements":{"total":6,"covered":2,"skipped":0,"pct":33.33},"branches":{"total":3,"covered":0,"skipped":0,"pct":0}}
,"/Volumes/macData/Projects/Braze/beacon/packages/core/src/components/Panel/Panel.tsx": {"lines":{"total":2,"covered":1,"skipped":0,"pct":50},"functions":{"total":1,"covered":0,"skipped":0,"pct":0},"statements":{"total":2,"covered":1,"skipped":0,"pct":50},"branches":{"total":1,"covered":0,"skipped":0,"pct":0}}
,"/Volumes/macData/Projects/Braze/beacon/packages/core/src/components/Panel/StyledPanel.ts": {"lines":{"total":4,"covered":1,"skipped":0,"pct":25},"functions":{"total":1,"covered":0,"skipped":0,"pct":0},"statements":{"total":4,"covered":1,"skipped":0,"pct":25},"branches":{"total":3,"covered":0,"skipped":0,"pct":0}}
,"/Volumes/macData/Projects/Braze/beacon/packages/core/src/components/PanelBody/PanelBody.tsx": {"lines":{"total":2,"covered":1,"skipped":0,"pct":50},"functions":{"total":1,"covered":0,"skipped":0,"pct":0},"statements":{"total":2,"covered":1,"skipped":0,"pct":50},"branches":{"total":1,"covered":0,"skipped":0,"pct":0}}
,"/Volumes/macData/Projects/Braze/beacon/packages/core/src/components/PanelBody/StyledPanelBody.ts": {"lines":{"total":4,"covered":2,"skipped":0,"pct":50},"functions":{"total":2,"covered":0,"skipped":0,"pct":0},"statements":{"total":4,"covered":2,"skipped":0,"pct":50},"branches":{"total":2,"covered":0,"skipped":0,"pct":0}}
,"/Volumes/macData/Projects/Braze/beacon/packages/core/src/components/PanelHeader/PanelHeader.tsx": {"lines":{"total":2,"covered":1,"skipped":0,"pct":50},"functions":{"total":1,"covered":0,"skipped":0,"pct":0},"statements":{"total":2,"covered":1,"skipped":0,"pct":50},"branches":{"total":0,"covered":0,"skipped":0,"pct":100}}
,"/Volumes/macData/Projects/Braze/beacon/packages/core/src/components/PanelHeader/StyledPanelHeader.ts": {"lines":{"total":1,"covered":1,"skipped":0,"pct":100},"functions":{"total":0,"covered":0,"skipped":0,"pct":100},"statements":{"total":1,"covered":1,"skipped":0,"pct":100},"branches":{"total":0,"covered":0,"skipped":0,"pct":100}}
,"/Volumes/macData/Projects/Braze/beacon/packages/core/src/components/Popover/Popover.tsx": {"lines":{"total":7,"covered":3,"skipped":0,"pct":42.86},"functions":{"total":2,"covered":0,"skipped":0,"pct":0},"statements":{"total":7,"covered":3,"skipped":0,"pct":42.86},"branches":{"total":6,"covered":0,"skipped":0,"pct":0}}
,"/Volumes/macData/Projects/Braze/beacon/packages/core/src/components/Popover/StyledPopover.ts": {"lines":{"total":7,"covered":1,"skipped":0,"pct":14.29},"functions":{"total":6,"covered":0,"skipped":0,"pct":0},"statements":{"total":7,"covered":1,"skipped":0,"pct":14.29},"branches":{"total":14,"covered":0,"skipped":0,"pct":0}}
,"/Volumes/macData/Projects/Braze/beacon/packages/core/src/components/PopoverBody/PopoverBody.tsx": {"lines":{"total":3,"covered":2,"skipped":0,"pct":66.67},"functions":{"total":1,"covered":0,"skipped":0,"pct":0},"statements":{"total":3,"covered":2,"skipped":0,"pct":66.67},"branches":{"total":0,"covered":0,"skipped":0,"pct":100}}
,"/Volumes/macData/Projects/Braze/beacon/packages/core/src/components/PopoverHeading/PopoverHeading.tsx": {"lines":{"total":2,"covered":2,"skipped":0,"pct":100},"functions":{"total":1,"covered":0,"skipped":0,"pct":0},"statements":{"total":3,"covered":2,"skipped":0,"pct":66.67},"branches":{"total":0,"covered":0,"skipped":0,"pct":100}}
,"/Volumes/macData/Projects/Braze/beacon/packages/core/src/components/Popper/Popper.tsx": {"lines":{"total":6,"covered":4,"skipped":0,"pct":66.67},"functions":{"total":1,"covered":1,"skipped":0,"pct":100},"statements":{"total":6,"covered":4,"skipped":0,"pct":66.67},"branches":{"total":7,"covered":4,"skipped":0,"pct":57.14}}
,"/Volumes/macData/Projects/Braze/beacon/packages/core/src/components/Popper/StyledPopper.ts": {"lines":{"total":14,"covered":14,"skipped":0,"pct":100},"functions":{"total":12,"covered":12,"skipped":0,"pct":100},"statements":{"total":14,"covered":14,"skipped":0,"pct":100},"branches":{"total":24,"covered":19,"skipped":0,"pct":79.17}}
,"/Volumes/macData/Projects/Braze/beacon/packages/core/src/components/Popper/PopperContext/PopperContext.tsx": {"lines":{"total":11,"covered":11,"skipped":0,"pct":100},"functions":{"total":3,"covered":3,"skipped":0,"pct":100},"statements":{"total":12,"covered":12,"skipped":0,"pct":100},"branches":{"total":13,"covered":9,"skipped":0,"pct":69.23}}
,"/Volumes/macData/Projects/Braze/beacon/packages/core/src/components/Popper/PopperManager/PopperManager.tsx": {"lines":{"total":7,"covered":7,"skipped":0,"pct":100},"functions":{"total":1,"covered":1,"skipped":0,"pct":100},"statements":{"total":7,"covered":7,"skipped":0,"pct":100},"branches":{"total":4,"covered":4,"skipped":0,"pct":100}}
,"/Volumes/macData/Projects/Braze/beacon/packages/core/src/components/Popper/PopperRenderer/PopperRenderer.tsx": {"lines":{"total":13,"covered":13,"skipped":0,"pct":100},"functions":{"total":2,"covered":2,"skipped":0,"pct":100},"statements":{"total":13,"covered":13,"skipped":0,"pct":100},"branches":{"total":5,"covered":3,"skipped":0,"pct":60}}
,"/Volumes/macData/Projects/Braze/beacon/packages/core/src/components/Popper/useHandleClose/useHandleClose.ts": {"lines":{"total":19,"covered":13,"skipped":0,"pct":68.42},"functions":{"total":5,"covered":4,"skipped":0,"pct":80},"statements":{"total":20,"covered":13,"skipped":0,"pct":65},"branches":{"total":6,"covered":2,"skipped":0,"pct":33.33}}
,"/Volumes/macData/Projects/Braze/beacon/packages/core/src/components/Popper/useHandleOpen/useHandleOpen.ts": {"lines":{"total":24,"covered":12,"skipped":0,"pct":50},"functions":{"total":5,"covered":3,"skipped":0,"pct":60},"statements":{"total":24,"covered":12,"skipped":0,"pct":50},"branches":{"total":8,"covered":1,"skipped":0,"pct":12.5}}
,"/Volumes/macData/Projects/Braze/beacon/packages/core/src/components/Popper/useMouseLeave/useMouseLeave.ts": {"lines":{"total":15,"covered":5,"skipped":0,"pct":33.33},"functions":{"total":3,"covered":1,"skipped":0,"pct":33.33},"statements":{"total":15,"covered":5,"skipped":0,"pct":33.33},"branches":{"total":12,"covered":0,"skipped":0,"pct":0}}
,"/Volumes/macData/Projects/Braze/beacon/packages/core/src/components/Popper/useOutsideClick/useOutsideClick.ts": {"lines":{"total":22,"covered":17,"skipped":0,"pct":77.27},"functions":{"total":4,"covered":4,"skipped":0,"pct":100},"statements":{"total":23,"covered":18,"skipped":0,"pct":78.26},"branches":{"total":15,"covered":10,"skipped":0,"pct":66.67}}
,"/Volumes/macData/Projects/Braze/beacon/packages/core/src/components/Popper/usePopper/usePopper.ts": {"lines":{"total":14,"covered":13,"skipped":0,"pct":92.86},"functions":{"total":4,"covered":4,"skipped":0,"pct":100},"statements":{"total":14,"covered":13,"skipped":0,"pct":92.86},"branches":{"total":10,"covered":7,"skipped":0,"pct":70}}
,"/Volumes/macData/Projects/Braze/beacon/packages/core/src/components/Popper/usePopperEvents/usePopperEvents.ts": {"lines":{"total":107,"covered":69,"skipped":0,"pct":64.49},"functions":{"total":23,"covered":16,"skipped":0,"pct":69.57},"statements":{"total":107,"covered":69,"skipped":0,"pct":64.49},"branches":{"total":57,"covered":25,"skipped":0,"pct":43.86}}
,"/Volumes/macData/Projects/Braze/beacon/packages/core/src/components/Popper/usePopperPlacement/usePopperPlacement.ts": {"lines":{"total":13,"covered":13,"skipped":0,"pct":100},"functions":{"total":3,"covered":3,"skipped":0,"pct":100},"statements":{"total":13,"covered":13,"skipped":0,"pct":100},"branches":{"total":5,"covered":5,"skipped":0,"pct":100}}
,"/Volumes/macData/Projects/Braze/beacon/packages/core/src/components/Popper/useScrollListener/useScrollListener.ts": {"lines":{"total":15,"covered":10,"skipped":0,"pct":66.67},"functions":{"total":6,"covered":4,"skipped":0,"pct":66.67},"statements":{"total":15,"covered":10,"skipped":0,"pct":66.67},"branches":{"total":2,"covered":1,"skipped":0,"pct":50}}
,"/Volumes/macData/Projects/Braze/beacon/packages/core/src/components/Popper/utils/extractInteractiveChildren/extractInteractiveChildren.ts": {"lines":{"total":25,"covered":24,"skipped":0,"pct":96},"functions":{"total":4,"covered":4,"skipped":0,"pct":100},"statements":{"total":25,"covered":24,"skipped":0,"pct":96},"branches":{"total":16,"covered":15,"skipped":0,"pct":93.75}}
,"/Volumes/macData/Projects/Braze/beacon/packages/core/src/components/Popper/utils/getAutoPlacement/getAutoPlacement.ts": {"lines":{"total":41,"covered":1,"skipped":0,"pct":2.44},"functions":{"total":1,"covered":0,"skipped":0,"pct":0},"statements":{"total":41,"covered":1,"skipped":0,"pct":2.44},"branches":{"total":43,"covered":0,"skipped":0,"pct":0}}
,"/Volumes/macData/Projects/Braze/beacon/packages/core/src/components/Popper/utils/getDelay/getDelay.ts": {"lines":{"total":6,"covered":4,"skipped":0,"pct":66.67},"functions":{"total":1,"covered":1,"skipped":0,"pct":100},"statements":{"total":6,"covered":4,"skipped":0,"pct":66.67},"branches":{"total":4,"covered":2,"skipped":0,"pct":50}}
,"/Volumes/macData/Projects/Braze/beacon/packages/core/src/components/Popper/utils/getElement/getElement.ts": {"lines":{"total":8,"covered":4,"skipped":0,"pct":50},"functions":{"total":2,"covered":1,"skipped":0,"pct":50},"statements":{"total":8,"covered":4,"skipped":0,"pct":50},"branches":{"total":8,"covered":1,"skipped":0,"pct":12.5}}
,"/Volumes/macData/Projects/Braze/beacon/packages/core/src/components/Popper/utils/getPopperDimensions/getPopperDimensions.ts": {"lines":{"total":4,"covered":4,"skipped":0,"pct":100},"functions":{"total":1,"covered":1,"skipped":0,"pct":100},"statements":{"total":4,"covered":4,"skipped":0,"pct":100},"branches":{"total":4,"covered":2,"skipped":0,"pct":50}}
,"/Volumes/macData/Projects/Braze/beacon/packages/core/src/components/Popper/utils/getTargetCoordinates/getTargetCoordinates.ts": {"lines":{"total":8,"covered":6,"skipped":0,"pct":75},"functions":{"total":1,"covered":1,"skipped":0,"pct":100},"statements":{"total":8,"covered":6,"skipped":0,"pct":75},"branches":{"total":6,"covered":5,"skipped":0,"pct":83.33}}
,"/Volumes/macData/Projects/Braze/beacon/packages/core/src/components/Popper/utils/horizontalPlacementSelector/horizontalPlacementSelector.ts": {"lines":{"total":12,"covered":1,"skipped":0,"pct":8.33},"functions":{"total":1,"covered":0,"skipped":0,"pct":0},"statements":{"total":12,"covered":1,"skipped":0,"pct":8.33},"branches":{"total":16,"covered":0,"skipped":0,"pct":0}}
,"/Volumes/macData/Projects/Braze/beacon/packages/core/src/components/Popper/utils/isMouseOverTarget/isMouseOverTarget.ts": {"lines":{"total":7,"covered":1,"skipped":0,"pct":14.29},"functions":{"total":1,"covered":0,"skipped":0,"pct":0},"statements":{"total":7,"covered":1,"skipped":0,"pct":14.29},"branches":{"total":6,"covered":0,"skipped":0,"pct":0}}
,"/Volumes/macData/Projects/Braze/beacon/packages/core/src/components/Popper/utils/makePopperPlacement/makePopperPlacement.ts": {"lines":{"total":22,"covered":9,"skipped":0,"pct":40.91},"functions":{"total":1,"covered":1,"skipped":0,"pct":100},"statements":{"total":22,"covered":9,"skipped":0,"pct":40.91},"branches":{"total":21,"covered":4,"skipped":0,"pct":19.05}}
,"/Volumes/macData/Projects/Braze/beacon/packages/core/src/components/Popper/utils/normalizeDimension/normalizeDimension.ts": {"lines":{"total":2,"covered":2,"skipped":0,"pct":100},"functions":{"total":1,"covered":1,"skipped":0,"pct":100},"statements":{"total":2,"covered":2,"skipped":0,"pct":100},"branches":{"total":0,"covered":0,"skipped":0,"pct":100}}
,"/Volumes/macData/Projects/Braze/beacon/packages/core/src/components/Popper/utils/verticalPlacementSelector/verticalPlacementSelector.ts": {"lines":{"total":12,"covered":7,"skipped":0,"pct":58.33},"functions":{"total":1,"covered":1,"skipped":0,"pct":100},"statements":{"total":12,"covered":7,"skipped":0,"pct":58.33},"branches":{"total":16,"covered":10,"skipped":0,"pct":62.5}}
,"/Volumes/macData/Projects/Braze/beacon/packages/core/src/components/Portal/Portal.tsx": {"lines":{"total":15,"covered":14,"skipped":0,"pct":93.33},"functions":{"total":4,"covered":3,"skipped":0,"pct":75},"statements":{"total":15,"covered":14,"skipped":0,"pct":93.33},"branches":{"total":9,"covered":8,"skipped":0,"pct":88.89}}
,"/Volumes/macData/Projects/Braze/beacon/packages/core/src/components/RadioButton/RadioButton.tsx": {"lines":{"total":5,"covered":2,"skipped":0,"pct":40},"functions":{"total":1,"covered":0,"skipped":0,"pct":0},"statements":{"total":5,"covered":2,"skipped":0,"pct":40},"branches":{"total":15,"covered":0,"skipped":0,"pct":0}}
,"/Volumes/macData/Projects/Braze/beacon/packages/core/src/components/RadioButton/StyledRadioButton.ts": {"lines":{"total":1,"covered":1,"skipped":0,"pct":100},"functions":{"total":0,"covered":0,"skipped":0,"pct":100},"statements":{"total":1,"covered":1,"skipped":0,"pct":100},"branches":{"total":0,"covered":0,"skipped":0,"pct":100}}
,"/Volumes/macData/Projects/Braze/beacon/packages/core/src/components/RadioButton/RadioLabel/RadioLabel.tsx": {"lines":{"total":2,"covered":1,"skipped":0,"pct":50},"functions":{"total":1,"covered":0,"skipped":0,"pct":0},"statements":{"total":2,"covered":1,"skipped":0,"pct":50},"branches":{"total":0,"covered":0,"skipped":0,"pct":100}}
,"/Volumes/macData/Projects/Braze/beacon/packages/core/src/components/RadioButton/RadioLabel/StyledRadioLabel.ts": {"lines":{"total":19,"covered":4,"skipped":0,"pct":21.05},"functions":{"total":9,"covered":0,"skipped":0,"pct":0},"statements":{"total":19,"covered":4,"skipped":0,"pct":21.05},"branches":{"total":22,"covered":0,"skipped":0,"pct":0}}
,"/Volumes/macData/Projects/Braze/beacon/packages/core/src/components/RadioButtonGroup/RadioButtonGroup.tsx": {"lines":{"total":7,"covered":3,"skipped":0,"pct":42.86},"functions":{"total":4,"covered":0,"skipped":0,"pct":0},"statements":{"total":7,"covered":3,"skipped":0,"pct":42.86},"branches":{"total":12,"covered":0,"skipped":0,"pct":0}}
,"/Volumes/macData/Projects/Braze/beacon/packages/core/src/components/ScreenReaderText/ScreenReaderText.ts": {"lines":{"total":2,"covered":1,"skipped":0,"pct":50},"functions":{"total":1,"covered":0,"skipped":0,"pct":0},"statements":{"total":2,"covered":1,"skipped":0,"pct":50},"branches":{"total":0,"covered":0,"skipped":0,"pct":100}}
,"/Volumes/macData/Projects/Braze/beacon/packages/core/src/components/SimpleBannerAlert/SimpleBannerAlert.tsx": {"lines":{"total":4,"covered":2,"skipped":0,"pct":50},"functions":{"total":1,"covered":0,"skipped":0,"pct":0},"statements":{"total":4,"covered":2,"skipped":0,"pct":50},"branches":{"total":2,"covered":0,"skipped":0,"pct":0}}
,"/Volumes/macData/Projects/Braze/beacon/packages/core/src/components/SimpleBannerAlert/StyledBannerAlert.ts": {"lines":{"total":2,"covered":2,"skipped":0,"pct":100},"functions":{"total":0,"covered":0,"skipped":0,"pct":100},"statements":{"total":2,"covered":2,"skipped":0,"pct":100},"branches":{"total":0,"covered":0,"skipped":0,"pct":100}}
,"/Volumes/macData/Projects/Braze/beacon/packages/core/src/components/SkeletonLoader/SkeletonLoader.ts": {"lines":{"total":10,"covered":3,"skipped":0,"pct":30},"functions":{"total":2,"covered":0,"skipped":0,"pct":0},"statements":{"total":10,"covered":3,"skipped":0,"pct":30},"branches":{"total":7,"covered":0,"skipped":0,"pct":0}}
,"/Volumes/macData/Projects/Braze/beacon/packages/core/src/components/StatusText/StatusText.tsx": {"lines":{"total":12,"covered":1,"skipped":0,"pct":8.33},"functions":{"total":3,"covered":0,"skipped":0,"pct":0},"statements":{"total":12,"covered":1,"skipped":0,"pct":8.33},"branches":{"total":12,"covered":0,"skipped":0,"pct":0}}
,"/Volumes/macData/Projects/Braze/beacon/packages/core/src/components/StatusText/StyledStatusText.ts": {"lines":{"total":1,"covered":1,"skipped":0,"pct":100},"functions":{"total":0,"covered":0,"skipped":0,"pct":100},"statements":{"total":1,"covered":1,"skipped":0,"pct":100},"branches":{"total":0,"covered":0,"skipped":0,"pct":100}}
,"/Volumes/macData/Projects/Braze/beacon/packages/core/src/components/Switch/StyledSwitch.ts": {"lines":{"total":10,"covered":4,"skipped":0,"pct":40},"functions":{"total":2,"covered":0,"skipped":0,"pct":0},"statements":{"total":10,"covered":4,"skipped":0,"pct":40},"branches":{"total":8,"covered":0,"skipped":0,"pct":0}}
,"/Volumes/macData/Projects/Braze/beacon/packages/core/src/components/Switch/Switch.tsx": {"lines":{"total":21,"covered":2,"skipped":0,"pct":9.52},"functions":{"total":4,"covered":0,"skipped":0,"pct":0},"statements":{"total":21,"covered":2,"skipped":0,"pct":9.52},"branches":{"total":17,"covered":0,"skipped":0,"pct":0}}
,"/Volumes/macData/Projects/Braze/beacon/packages/core/src/components/Switch/SwitchKnob/SwitchKnob.ts": {"lines":{"total":7,"covered":2,"skipped":0,"pct":28.57},"functions":{"total":1,"covered":0,"skipped":0,"pct":0},"statements":{"total":7,"covered":2,"skipped":0,"pct":28.57},"branches":{"total":4,"covered":0,"skipped":0,"pct":0}}
,"/Volumes/macData/Projects/Braze/beacon/packages/core/src/components/Switch/SwitchLabel/SwitchLabel.ts": {"lines":{"total":3,"covered":3,"skipped":0,"pct":100},"functions":{"total":1,"covered":0,"skipped":0,"pct":0},"statements":{"total":4,"covered":3,"skipped":0,"pct":75},"branches":{"total":0,"covered":0,"skipped":0,"pct":100}}
,"/Volumes/macData/Projects/Braze/beacon/packages/core/src/components/Tab/StyledTab.ts": {"lines":{"total":9,"covered":3,"skipped":0,"pct":33.33},"functions":{"total":2,"covered":0,"skipped":0,"pct":0},"statements":{"total":9,"covered":3,"skipped":0,"pct":33.33},"branches":{"total":6,"covered":0,"skipped":0,"pct":0}}
,"/Volumes/macData/Projects/Braze/beacon/packages/core/src/components/Tab/Tab.tsx": {"lines":{"total":6,"covered":1,"skipped":0,"pct":16.67},"functions":{"total":3,"covered":0,"skipped":0,"pct":0},"statements":{"total":7,"covered":1,"skipped":0,"pct":14.29},"branches":{"total":10,"covered":0,"skipped":0,"pct":0}}
,"/Volumes/macData/Projects/Braze/beacon/packages/core/src/components/TabContent/StyledTabContent.ts": {"lines":{"total":1,"covered":1,"skipped":0,"pct":100},"functions":{"total":1,"covered":0,"skipped":0,"pct":0},"statements":{"total":2,"covered":1,"skipped":0,"pct":50},"branches":{"total":0,"covered":0,"skipped":0,"pct":100}}
,"/Volumes/macData/Projects/Braze/beacon/packages/core/src/components/TabContent/TabContent.tsx": {"lines":{"total":2,"covered":1,"skipped":0,"pct":50},"functions":{"total":1,"covered":0,"skipped":0,"pct":0},"statements":{"total":2,"covered":1,"skipped":0,"pct":50},"branches":{"total":2,"covered":0,"skipped":0,"pct":0}}
,"/Volumes/macData/Projects/Braze/beacon/packages/core/src/components/Table/StyledTable.ts": {"lines":{"total":7,"covered":1,"skipped":0,"pct":14.29},"functions":{"total":6,"covered":0,"skipped":0,"pct":0},"statements":{"total":7,"covered":1,"skipped":0,"pct":14.29},"branches":{"total":8,"covered":0,"skipped":0,"pct":0}}
,"/Volumes/macData/Projects/Braze/beacon/packages/core/src/components/Table/Table.tsx": {"lines":{"total":3,"covered":2,"skipped":0,"pct":66.67},"functions":{"total":1,"covered":0,"skipped":0,"pct":0},"statements":{"total":3,"covered":2,"skipped":0,"pct":66.67},"branches":{"total":1,"covered":0,"skipped":0,"pct":0}}
,"/Volumes/macData/Projects/Braze/beacon/packages/core/src/components/TableBody/TableBody.tsx": {"lines":{"total":3,"covered":3,"skipped":0,"pct":100},"functions":{"total":1,"covered":0,"skipped":0,"pct":0},"statements":{"total":4,"covered":3,"skipped":0,"pct":75},"branches":{"total":0,"covered":0,"skipped":0,"pct":100}}
,"/Volumes/macData/Projects/Braze/beacon/packages/core/src/components/TableCaption/TableCaption.tsx": {"lines":{"total":3,"covered":3,"skipped":0,"pct":100},"functions":{"total":1,"covered":0,"skipped":0,"pct":0},"statements":{"total":4,"covered":3,"skipped":0,"pct":75},"branches":{"total":0,"covered":0,"skipped":0,"pct":100}}
,"/Volumes/macData/Projects/Braze/beacon/packages/core/src/components/TableCell/StyledTableCell.ts": {"lines":{"total":4,"covered":1,"skipped":0,"pct":25},"functions":{"total":4,"covered":0,"skipped":0,"pct":0},"statements":{"total":5,"covered":1,"skipped":0,"pct":20},"branches":{"total":4,"covered":0,"skipped":0,"pct":0}}
,"/Volumes/macData/Projects/Braze/beacon/packages/core/src/components/TableCell/TableCell.tsx": {"lines":{"total":3,"covered":2,"skipped":0,"pct":66.67},"functions":{"total":1,"covered":0,"skipped":0,"pct":0},"statements":{"total":3,"covered":2,"skipped":0,"pct":66.67},"branches":{"total":4,"covered":0,"skipped":0,"pct":0}}
,"/Volumes/macData/Projects/Braze/beacon/packages/core/src/components/TableFooter/TableFooter.tsx": {"lines":{"total":3,"covered":3,"skipped":0,"pct":100},"functions":{"total":1,"covered":0,"skipped":0,"pct":0},"statements":{"total":4,"covered":3,"skipped":0,"pct":75},"branches":{"total":0,"covered":0,"skipped":0,"pct":100}}
,"/Volumes/macData/Projects/Braze/beacon/packages/core/src/components/TableHeader/StyledTableHeader.ts": {"lines":{"total":1,"covered":1,"skipped":0,"pct":100},"functions":{"total":0,"covered":0,"skipped":0,"pct":100},"statements":{"total":1,"covered":1,"skipped":0,"pct":100},"branches":{"total":0,"covered":0,"skipped":0,"pct":100}}
,"/Volumes/macData/Projects/Braze/beacon/packages/core/src/components/TableHeader/TableHeader.tsx": {"lines":{"total":3,"covered":2,"skipped":0,"pct":66.67},"functions":{"total":1,"covered":0,"skipped":0,"pct":0},"statements":{"total":3,"covered":2,"skipped":0,"pct":66.67},"branches":{"total":0,"covered":0,"skipped":0,"pct":100}}
,"/Volumes/macData/Projects/Braze/beacon/packages/core/src/components/TableHeaderCell/SortIcon.ts": {"lines":{"total":4,"covered":2,"skipped":0,"pct":50},"functions":{"total":2,"covered":0,"skipped":0,"pct":0},"statements":{"total":4,"covered":2,"skipped":0,"pct":50},"branches":{"total":4,"covered":0,"skipped":0,"pct":0}}
,"/Volumes/macData/Projects/Braze/beacon/packages/core/src/components/TableHeaderCell/StyledTableHeaderCell.ts": {"lines":{"total":4,"covered":1,"skipped":0,"pct":25},"functions":{"total":3,"covered":0,"skipped":0,"pct":0},"statements":{"total":4,"covered":1,"skipped":0,"pct":25},"branches":{"total":4,"covered":0,"skipped":0,"pct":0}}
,"/Volumes/macData/Projects/Braze/beacon/packages/core/src/components/TableHeaderCell/TableHeaderCell.tsx": {"lines":{"total":30,"covered":6,"skipped":0,"pct":20},"functions":{"total":6,"covered":0,"skipped":0,"pct":0},"statements":{"total":30,"covered":6,"skipped":0,"pct":20},"branches":{"total":30,"covered":0,"skipped":0,"pct":0}}
,"/Volumes/macData/Projects/Braze/beacon/packages/core/src/components/TableHeaderCell/utils/tooltipText.ts": {"lines":{"total":14,"covered":1,"skipped":0,"pct":7.14},"functions":{"total":1,"covered":0,"skipped":0,"pct":0},"statements":{"total":14,"covered":1,"skipped":0,"pct":7.14},"branches":{"total":12,"covered":0,"skipped":0,"pct":0}}
,"/Volumes/macData/Projects/Braze/beacon/packages/core/src/components/TableRow/StyledTableRow.ts": {"lines":{"total":3,"covered":2,"skipped":0,"pct":66.67},"functions":{"total":2,"covered":0,"skipped":0,"pct":0},"statements":{"total":4,"covered":2,"skipped":0,"pct":50},"branches":{"total":2,"covered":0,"skipped":0,"pct":0}}
,"/Volumes/macData/Projects/Braze/beacon/packages/core/src/components/TableRow/TableRow.tsx": {"lines":{"total":3,"covered":2,"skipped":0,"pct":66.67},"functions":{"total":1,"covered":0,"skipped":0,"pct":0},"statements":{"total":3,"covered":2,"skipped":0,"pct":66.67},"branches":{"total":0,"covered":0,"skipped":0,"pct":100}}
,"/Volumes/macData/Projects/Braze/beacon/packages/core/src/components/Tabs/Tabs.tsx": {"lines":{"total":2,"covered":1,"skipped":0,"pct":50},"functions":{"total":1,"covered":0,"skipped":0,"pct":0},"statements":{"total":2,"covered":1,"skipped":0,"pct":50},"branches":{"total":0,"covered":0,"skipped":0,"pct":100}}
,"/Volumes/macData/Projects/Braze/beacon/packages/core/src/components/Tabs/TabNavigator/TabNavigator.tsx": {"lines":{"total":1,"covered":1,"skipped":0,"pct":100},"functions":{"total":1,"covered":0,"skipped":0,"pct":0},"statements":{"total":2,"covered":1,"skipped":0,"pct":50},"branches":{"total":0,"covered":0,"skipped":0,"pct":100}}
,"/Volumes/macData/Projects/Braze/beacon/packages/core/src/components/TabsContext/TabsContext.tsx": {"lines":{"total":6,"covered":2,"skipped":0,"pct":33.33},"functions":{"total":2,"covered":0,"skipped":0,"pct":0},"statements":{"total":6,"covered":2,"skipped":0,"pct":33.33},"branches":{"total":4,"covered":0,"skipped":0,"pct":0}}
,"/Volumes/macData/Projects/Braze/beacon/packages/core/src/components/Textarea/StyledTextarea.ts": {"lines":{"total":8,"covered":3,"skipped":0,"pct":37.5},"functions":{"total":1,"covered":0,"skipped":0,"pct":0},"statements":{"total":8,"covered":3,"skipped":0,"pct":37.5},"branches":{"total":8,"covered":0,"skipped":0,"pct":0}}
,"/Volumes/macData/Projects/Braze/beacon/packages/core/src/components/Textarea/Textarea.tsx": {"lines":{"total":4,"covered":2,"skipped":0,"pct":50},"functions":{"total":1,"covered":0,"skipped":0,"pct":0},"statements":{"total":4,"covered":2,"skipped":0,"pct":50},"branches":{"total":1,"covered":0,"skipped":0,"pct":0}}
,"/Volumes/macData/Projects/Braze/beacon/packages/core/src/components/Toaster/StyledToaster.ts": {"lines":{"total":2,"covered":2,"skipped":0,"pct":100},"functions":{"total":1,"covered":1,"skipped":0,"pct":100},"statements":{"total":3,"covered":3,"skipped":0,"pct":100},"branches":{"total":0,"covered":0,"skipped":0,"pct":100}}
,"/Volumes/macData/Projects/Braze/beacon/packages/core/src/components/Toaster/Toaster.tsx": {"lines":{"total":11,"covered":4,"skipped":0,"pct":36.36},"functions":{"total":3,"covered":0,"skipped":0,"pct":0},"statements":{"total":11,"covered":4,"skipped":0,"pct":36.36},"branches":{"total":7,"covered":0,"skipped":0,"pct":0}}
,"/Volumes/macData/Projects/Braze/beacon/packages/core/src/components/Toaster/Toast/StyledToast.ts": {"lines":{"total":5,"covered":1,"skipped":0,"pct":20},"functions":{"total":4,"covered":0,"skipped":0,"pct":0},"statements":{"total":5,"covered":1,"skipped":0,"pct":20},"branches":{"total":0,"covered":0,"skipped":0,"pct":100}}
,"/Volumes/macData/Projects/Braze/beacon/packages/core/src/components/Toaster/Toast/Toast.tsx": {"lines":{"total":10,"covered":3,"skipped":0,"pct":30},"functions":{"total":2,"covered":0,"skipped":0,"pct":0},"statements":{"total":10,"covered":3,"skipped":0,"pct":30},"branches":{"total":7,"covered":0,"skipped":0,"pct":0}}
,"/Volumes/macData/Projects/Braze/beacon/packages/core/src/components/Toaster/ToastCloseButton/StyledToastCloseButton.ts": {"lines":{"total":1,"covered":1,"skipped":0,"pct":100},"functions":{"total":0,"covered":0,"skipped":0,"pct":100},"statements":{"total":1,"covered":1,"skipped":0,"pct":100},"branches":{"total":0,"covered":0,"skipped":0,"pct":100}}
,"/Volumes/macData/Projects/Braze/beacon/packages/core/src/components/Toaster/ToastCloseButton/ToastCloseButton.tsx": {"lines":{"total":5,"covered":1,"skipped":0,"pct":20},"functions":{"total":2,"covered":0,"skipped":0,"pct":0},"statements":{"total":5,"covered":1,"skipped":0,"pct":20},"branches":{"total":0,"covered":0,"skipped":0,"pct":100}}
,"/Volumes/macData/Projects/Braze/beacon/packages/core/src/components/Tooltip/StyledTooltip.ts": {"lines":{"total":2,"covered":1,"skipped":0,"pct":50},"functions":{"total":1,"covered":0,"skipped":0,"pct":0},"statements":{"total":2,"covered":1,"skipped":0,"pct":50},"branches":{"total":0,"covered":0,"skipped":0,"pct":100}}
,"/Volumes/macData/Projects/Braze/beacon/packages/core/src/components/Tooltip/Tooltip.tsx": {"lines":{"total":3,"covered":2,"skipped":0,"pct":66.67},"functions":{"total":1,"covered":0,"skipped":0,"pct":0},"statements":{"total":3,"covered":2,"skipped":0,"pct":66.67},"branches":{"total":2,"covered":0,"skipped":0,"pct":0}}
,"/Volumes/macData/Projects/Braze/beacon/packages/core/src/components/UncontrolledTab/UncontrolledTab.tsx": {"lines":{"total":3,"covered":1,"skipped":0,"pct":33.33},"functions":{"total":1,"covered":0,"skipped":0,"pct":0},"statements":{"total":3,"covered":1,"skipped":0,"pct":33.33},"branches":{"total":0,"covered":0,"skipped":0,"pct":100}}
,"/Volumes/macData/Projects/Braze/beacon/packages/core/src/components/UncontrolledTabContent/UncontrolledTabContent.tsx": {"lines":{"total":3,"covered":1,"skipped":0,"pct":33.33},"functions":{"total":1,"covered":0,"skipped":0,"pct":0},"statements":{"total":3,"covered":1,"skipped":0,"pct":33.33},"branches":{"total":0,"covered":0,"skipped":0,"pct":100}}
,"/Volumes/macData/Projects/Braze/beacon/packages/core/src/components/UncontrolledTabs/UncontrolledTabs.tsx": {"lines":{"total":3,"covered":1,"skipped":0,"pct":33.33},"functions":{"total":1,"covered":0,"skipped":0,"pct":0},"statements":{"total":3,"covered":1,"skipped":0,"pct":33.33},"branches":{"total":0,"covered":0,"skipped":0,"pct":100}}
,"/Volumes/macData/Projects/Braze/beacon/packages/core/src/components/UncontrolledTabsContext/UncontrolledTabsContext.tsx": {"lines":{"total":4,"covered":2,"skipped":0,"pct":50},"functions":{"total":1,"covered":0,"skipped":0,"pct":0},"statements":{"total":4,"covered":2,"skipped":0,"pct":50},"branches":{"total":0,"covered":0,"skipped":0,"pct":100}}
,"/Volumes/macData/Projects/Braze/beacon/packages/core/src/components/UncontrolledTabsContext/onChangeDefault/onChangeDefault.ts": {"lines":{"total":1,"covered":1,"skipped":0,"pct":100},"functions":{"total":1,"covered":0,"skipped":0,"pct":0},"statements":{"total":1,"covered":1,"skipped":0,"pct":100},"branches":{"total":0,"covered":0,"skipped":0,"pct":100}}
,"/Volumes/macData/Projects/Braze/beacon/packages/core/src/components/UncontrolledTabsContext/useActiveTab/useActiveTab.ts": {"lines":{"total":7,"covered":1,"skipped":0,"pct":14.29},"functions":{"total":2,"covered":0,"skipped":0,"pct":0},"statements":{"total":7,"covered":1,"skipped":0,"pct":14.29},"branches":{"total":3,"covered":0,"skipped":0,"pct":0}}
,"/Volumes/macData/Projects/Braze/beacon/packages/core/src/components/UncontrolledTooltip/UncontrolledTooltip.tsx": {"lines":{"total":6,"covered":1,"skipped":0,"pct":16.67},"functions":{"total":2,"covered":0,"skipped":0,"pct":0},"statements":{"total":6,"covered":1,"skipped":0,"pct":16.67},"branches":{"total":2,"covered":0,"skipped":0,"pct":0}}
,"/Volumes/macData/Projects/Braze/beacon/packages/core/src/components/UntransitionedBannerAlert/StyledBannerContent.ts": {"lines":{"total":1,"covered":1,"skipped":0,"pct":100},"functions":{"total":0,"covered":0,"skipped":0,"pct":100},"statements":{"total":1,"covered":1,"skipped":0,"pct":100},"branches":{"total":0,"covered":0,"skipped":0,"pct":100}}
,"/Volumes/macData/Projects/Braze/beacon/packages/core/src/components/UntransitionedBannerAlert/UntransitionedBannerAlert.tsx": {"lines":{"total":3,"covered":2,"skipped":0,"pct":66.67},"functions":{"total":1,"covered":0,"skipped":0,"pct":0},"statements":{"total":3,"covered":2,"skipped":0,"pct":66.67},"branches":{"total":0,"covered":0,"skipped":0,"pct":100}}
,"/Volumes/macData/Projects/Braze/beacon/packages/core/src/services/getSizeSpacing/getSizeSpacing.ts": {"lines":{"total":5,"covered":1,"skipped":0,"pct":20},"functions":{"total":1,"covered":0,"skipped":0,"pct":0},"statements":{"total":5,"covered":1,"skipped":0,"pct":20},"branches":{"total":4,"covered":0,"skipped":0,"pct":0}}
,"/Volumes/macData/Projects/Braze/beacon/packages/hooks/src/hooks/useIME/useIME.ts": {"lines":{"total":35,"covered":0,"skipped":0,"pct":0},"functions":{"total":5,"covered":0,"skipped":0,"pct":0},"statements":{"total":35,"covered":0,"skipped":0,"pct":0},"branches":{"total":18,"covered":0,"skipped":0,"pct":0}}
,"/Volumes/macData/Projects/Braze/beacon/packages/hooks/src/hooks/useId/useId.ts": {"lines":{"total":3,"covered":3,"skipped":0,"pct":100},"functions":{"total":1,"covered":1,"skipped":0,"pct":100},"statements":{"total":3,"covered":3,"skipped":0,"pct":100},"branches":{"total":2,"covered":1,"skipped":0,"pct":50}}
,"/Volumes/macData/Projects/Braze/beacon/packages/hooks/src/hooks/useLoadingButton/useLoadingButton.ts": {"lines":{"total":41,"covered":1,"skipped":0,"pct":2.44},"functions":{"total":10,"covered":0,"skipped":0,"pct":0},"statements":{"total":41,"covered":1,"skipped":0,"pct":2.44},"branches":{"total":27,"covered":0,"skipped":0,"pct":0}}
,"/Volumes/macData/Projects/Braze/beacon/packages/translations/src/useCoreI18nNamespace.ts": {"lines":{"total":1,"covered":1,"skipped":0,"pct":100},"functions":{"total":0,"covered":0,"skipped":0,"pct":100},"statements":{"total":1,"covered":1,"skipped":0,"pct":100},"branches":{"total":0,"covered":0,"skipped":0,"pct":100}}
}
