TN:
SF:../packages/commons/src/components/AlertModal/AlertModal.tsx
FN:9,(anonymous_0)
FNF:1
FNH:0
FNDA:0,(anonymous_0)
DA:9,49
DA:16,0
DA:27,49
LF:3
LH:2
BRDA:13,0,0,0
BRF:1
BRH:0
end_of_record
TN:
SF:../packages/commons/src/components/AlertModal/useAlertModal/useAlertModal.ts
FN:5,(anonymous_0)
FN:7,(anonymous_1)
FNF:2
FNH:0
FNDA:0,(anonymous_0)
FNDA:0,(anonymous_1)
DA:5,49
DA:6,0
DA:7,0
DA:9,0
LF:4
LH:1
BRDA:5,0,0,0
BRF:1
BRH:0
end_of_record
TN:
SF:../packages/commons/src/components/AlertModalBody/AlertModalBody.tsx
FN:6,(anonymous_0)
FNF:1
FNH:0
FNDA:0,(anonymous_0)
DA:6,49
DA:8,0
DA:10,49
LF:3
LH:2
BRF:0
BRH:0
end_of_record
TN:
SF:../packages/commons/src/components/AlertModalButton/AlertModalButton.tsx
FN:8,(anonymous_0)
FNF:1
FNH:0
FNDA:0,(anonymous_0)
DA:8,49
DA:11,0
DA:13,0
DA:16,49
LF:4
LH:2
BRF:0
BRH:0
end_of_record
TN:
SF:../packages/commons/src/components/AlertModalFooter/AlertModalFooter.tsx
FN:6,(anonymous_0)
FNF:1
FNH:0
FNDA:0,(anonymous_0)
DA:6,49
DA:8,0
DA:10,49
LF:3
LH:2
BRF:0
BRH:0
end_of_record
TN:
SF:../packages/commons/src/components/AlertModalHeading/AlertModalHeading.tsx
FN:12,(anonymous_0)
FNF:1
FNH:0
FNDA:0,(anonymous_0)
DA:12,49
DA:16,0
DA:18,0
DA:28,49
LF:4
LH:2
BRF:0
BRH:0
end_of_record
TN:
SF:../packages/commons/src/components/AlertModalIntentContext/AlertModalIntentContext.tsx
FNF:0
FNH:0
DA:6,49
LF:1
LH:1
BRF:0
BRH:0
end_of_record
TN:
SF:../packages/commons/src/components/IconCircle/IconCircle.tsx
FN:8,(anonymous_0)
FN:24,(anonymous_1)
FNF:2
FNH:0
FNDA:0,(anonymous_0)
FNDA:0,(anonymous_1)
DA:8,49
DA:11,0
DA:13,0
DA:15,0
DA:17,0
DA:20,0
DA:24,49
DA:29,0
DA:38,49
LF:9
LH:3
BRDA:11,0,0,0
BRDA:11,0,1,0
BRDA:11,0,2,0
BRDA:11,0,3,0
BRDA:11,0,4,0
BRDA:26,1,0,0
BRF:6
BRH:0
end_of_record
TN:
SF:../packages/commons/src/components/IconCircle/StyledIconCircle.ts
FN:12,(anonymous_0)
FN:20,(anonymous_1)
FNF:2
FNH:0
FNDA:0,(anonymous_0)
FNDA:0,(anonymous_1)
DA:7,49
DA:12,0
DA:20,0
LF:3
LH:1
BRF:0
BRH:0
end_of_record
TN:
SF:../packages/commons/src/components/InfoIcon/InfoIcon.tsx
FN:9,(anonymous_0)
FNF:1
FNH:0
FNDA:0,(anonymous_0)
DA:8,49
DA:18,0
DA:33,49
LF:3
LH:2
BRDA:12,0,0,0
BRDA:13,1,0,0
BRDA:25,2,0,0
BRDA:25,2,1,0
BRF:4
BRH:0
end_of_record
TN:
SF:../packages/core/src/components/Annotation/Annotation.tsx
FN:10,getVariantIcons
FN:21,(anonymous_1)
FNF:2
FNH:0
FNDA:0,getVariantIcons
FNDA:0,(anonymous_1)
DA:11,0
DA:14,0
DA:17,0
DA:21,49
DA:28,0
DA:29,0
DA:32,0
LF:7
LH:1
BRDA:11,0,0,0
BRDA:11,0,1,0
BRDA:11,0,2,0
BRDA:11,0,3,0
BRDA:25,1,0,0
BRDA:28,2,0,0
BRDA:28,2,1,0
BRF:7
BRH:0
end_of_record
TN:
SF:../packages/core/src/components/Annotation/StyledAnnotation.ts
FN:8,getVariantCss
FNF:1
FNH:0
FNDA:0,getVariantCss
DA:9,0
DA:11,0
DA:19,0
DA:28,0
DA:38,49
LF:5
LH:1
BRDA:9,0,0,0
BRDA:9,0,1,0
BRDA:9,0,2,0
BRDA:9,0,3,0
BRF:4
BRH:0
end_of_record
TN:
SF:../packages/core/src/components/BannerAlert/BannerAlert.tsx
FN:9,(anonymous_0)
FNF:1
FNH:0
FNDA:0,(anonymous_0)
DA:9,49
DA:16,0
DA:29,49
LF:3
LH:2
BRF:0
BRH:0
end_of_record
TN:
SF:../packages/core/src/components/BannerAlert/StyledBannerTransition.ts
FN:22,(anonymous_0)
FNF:1
FNH:0
FNDA:0,(anonymous_0)
DA:9,49
DA:17,49
DA:22,0
LF:3
LH:2
BRDA:22,0,0,0
BRDA:22,0,1,0
BRF:2
BRH:0
end_of_record
TN:
SF:../packages/core/src/components/BannerAlert/IntentContext/IntentContext.tsx
FN:10,(anonymous_0)
FNF:1
FNH:0
FNDA:0,(anonymous_0)
DA:8,49
DA:10,49
DA:14,0
DA:17,49
LF:4
LH:3
BRF:0
BRH:0
end_of_record
TN:
SF:../packages/core/src/components/BannerAlert/getIntentColor/getIntentColor.ts
FN:14,(anonymous_0)
FN:15,(anonymous_1)
FNF:2
FNH:1
FNDA:294,(anonymous_0)
FNDA:0,(anonymous_1)
DA:14,49
DA:15,294
DA:16,0
LF:3
LH:2
BRDA:16,0,0,0
BRDA:16,0,1,0
BRF:2
BRH:0
end_of_record
TN:
SF:../packages/core/src/components/BannerAlertAccordion/BannerAlertAccordion.tsx
FN:9,(anonymous_0)
FNF:1
FNH:0
FNDA:0,(anonymous_0)
DA:9,49
DA:15,0
DA:17,0
DA:18,0
DA:21,0
DA:31,49
LF:6
LH:2
BRDA:17,0,0,0
BRDA:17,0,1,0
BRDA:24,1,0,0
BRDA:24,1,1,0
BRF:4
BRH:0
end_of_record
TN:
SF:../packages/core/src/components/BannerAlertAccordion/StyledAccordion.ts
FN:20,(anonymous_0)
FNF:1
FNH:0
FNDA:0,(anonymous_0)
DA:15,49
DA:17,49
DA:20,0
LF:3
LH:2
BRF:0
BRH:0
end_of_record
TN:
SF:../packages/core/src/components/BannerAlertAccordionBody/BannerAlertAccordionBody.ts
FN:7,(anonymous_0)
FNF:1
FNH:0
FNDA:0,(anonymous_0)
DA:7,49
DA:9,0
DA:13,49
DA:20,49
LF:4
LH:3
BRF:0
BRH:0
end_of_record
TN:
SF:../packages/core/src/components/BannerAlertAccordionFooter/BannerAlertAccordionFooter.ts
FN:7,(anonymous_0)
FNF:1
FNH:0
FNDA:0,(anonymous_0)
DA:7,49
DA:11,49
DA:19,49
LF:3
LH:3
BRF:0
BRH:0
end_of_record
TN:
SF:../packages/core/src/components/BannerAlertAccordionHeader/BannerAlertAccordionHeader.tsx
FN:7,(anonymous_0)
FNF:1
FNH:0
FNDA:0,(anonymous_0)
DA:7,49
DA:11,0
DA:18,49
LF:3
LH:2
BRF:0
BRH:0
end_of_record
TN:
SF:../packages/core/src/components/BannerAlertAccordionHeader/StyledBannerAlertAccordionHeader.ts
FNF:0
FNH:0
DA:8,49
LF:1
LH:1
BRF:0
BRH:0
end_of_record
TN:
SF:../packages/core/src/components/BannerAlertAction/BannerAlertAction.tsx
FN:9,(anonymous_0)
FNF:1
FNH:0
FNDA:0,(anonymous_0)
DA:9,49
DA:14,0
DA:16,0
DA:27,49
LF:4
LH:2
BRDA:21,0,0,0
BRDA:21,0,1,0
BRF:2
BRH:0
end_of_record
TN:
SF:../packages/core/src/components/BannerAlertBody/BannerAlertBody.tsx
FN:12,(anonymous_0)
FNF:1
FNH:0
FNDA:0,(anonymous_0)
DA:12,49
DA:18,0
DA:20,0
DA:39,49
LF:4
LH:2
BRDA:28,0,0,0
BRDA:28,0,1,0
BRDA:34,1,0,0
BRDA:34,1,1,0
BRF:4
BRH:0
end_of_record
TN:
SF:../packages/core/src/components/BannerAlertBody/StyledBannerBody.ts
FNF:0
FNH:0
DA:3,49
LF:1
LH:1
BRF:0
BRH:0
end_of_record
TN:
SF:../packages/core/src/components/BannerAlertBody/StyledBannerBodyWrapper.ts
FN:6,(anonymous_0)
FNF:1
FNH:0
FNDA:0,(anonymous_0)
DA:6,49
DA:7,0
DA:9,0
DA:14,49
LF:4
LH:2
BRDA:7,0,0,0
BRDA:7,0,1,0
BRF:2
BRH:0
end_of_record
TN:
SF:../packages/core/src/components/BannerAlertBody/StyledBodyWrapper.ts
FNF:0
FNH:0
DA:3,49
LF:1
LH:1
BRF:0
BRH:0
end_of_record
TN:
SF:../packages/core/src/components/BannerAlertClose/BannerAlertClose.tsx
FN:9,(anonymous_0)
FNF:1
FNH:0
FNDA:0,(anonymous_0)
DA:9,49
DA:13,0
DA:24,49
LF:3
LH:2
BRF:0
BRH:0
end_of_record
TN:
SF:../packages/core/src/components/BannerAlertClose/StyledClose.ts
FNF:0
FNH:0
DA:14,49
DA:16,49
LF:2
LH:2
BRF:0
BRH:0
end_of_record
TN:
SF:../packages/core/src/components/BannerAlertDescription/BannerAlertDescription.ts
FN:7,(anonymous_0)
FNF:1
FNH:0
FNDA:0,(anonymous_0)
DA:7,49
DA:9,0
DA:13,49
DA:21,49
LF:4
LH:3
BRF:0
BRH:0
end_of_record
TN:
SF:../packages/core/src/components/BannerAlertDescriptionText/BannerAlertDescriptionText.ts
FN:6,(anonymous_0)
FNF:1
FNH:0
FNDA:0,(anonymous_0)
DA:6,49
DA:8,0
DA:12,49
DA:18,49
LF:4
LH:3
BRF:0
BRH:0
end_of_record
TN:
SF:../packages/core/src/components/BannerAlertIcon/BannerAlertIcon.tsx
FN:17,(anonymous_0)
FN:33,(anonymous_1)
FNF:2
FNH:0
FNDA:0,(anonymous_0)
FNDA:0,(anonymous_1)
DA:17,49
DA:18,0
DA:19,0
DA:22,0
DA:23,0
DA:26,0
DA:27,0
DA:30,0
DA:33,49
DA:36,0
DA:47,49
LF:11
LH:3
BRDA:18,0,0,0
BRDA:18,0,1,0
BRDA:22,1,0,0
BRDA:22,1,1,0
BRDA:26,2,0,0
BRDA:26,2,1,0
BRF:6
BRH:0
end_of_record
TN:
SF:../packages/core/src/components/BannerAlertIcon/StyledBannerIcon.ts
FN:17,(anonymous_0)
FNF:1
FNH:0
FNDA:0,(anonymous_0)
DA:8,49
DA:10,49
DA:17,0
LF:3
LH:2
BRDA:17,0,0,0
BRDA:17,0,1,0
BRF:2
BRH:0
end_of_record
TN:
SF:../packages/core/src/components/BannerAlertLink/BannerAlertLink.tsx
FN:13,(anonymous_0)
FNF:1
FNH:0
FNDA:0,(anonymous_0)
DA:13,49
DA:22,0
DA:23,0
DA:25,0
DA:27,0
DA:58,49
LF:6
LH:2
BRDA:18,0,0,0
BRDA:23,1,0,0
BRDA:23,1,1,0
BRDA:27,2,0,0
BRDA:27,2,1,0
BRDA:35,3,0,0
BRDA:35,3,1,0
BRDA:49,4,0,0
BRDA:49,4,1,0
BRF:9
BRH:0
end_of_record
TN:
SF:../packages/core/src/components/BannerAlertLink/StyledBannerButton.ts
FN:7,(anonymous_0)
FNF:1
FNH:0
FNDA:0,(anonymous_0)
DA:7,49
DA:18,49
LF:2
LH:2
BRF:0
BRH:0
end_of_record
TN:
SF:../packages/core/src/components/BannerAlertLink/StyledBannerLink.ts
FNF:0
FNH:0
DA:16,49
DA:25,49
DA:27,49
DA:39,49
LF:4
LH:4
BRF:0
BRH:0
end_of_record
TN:
SF:../packages/core/src/components/BannerAlertLink/StyledCaretWrapper.ts
FNF:0
FNH:0
DA:3,49
LF:1
LH:1
BRF:0
BRH:0
end_of_record
TN:
SF:../packages/core/src/components/BannerAlertLink/BannerAlertLinkStyling/bannerAlertLinkStyling.ts
FNF:0
FNH:0
DA:9,49
LF:1
LH:1
BRF:0
BRH:0
end_of_record
TN:
SF:../packages/core/src/components/BannerAlertTitle/BannerAlertTitle.ts
FN:12,(anonymous_0)
FNF:1
FNH:0
FNDA:0,(anonymous_0)
DA:12,49
DA:14,0
DA:18,49
DA:28,49
LF:4
LH:3
BRF:0
BRH:0
end_of_record
TN:
SF:../packages/core/src/components/BodyText/BodyText.tsx
FN:8,(anonymous_0)
FNF:1
FNH:1
FNDA:225,(anonymous_0)
DA:7,49
DA:12,225
DA:22,49
LF:3
LH:3
BRDA:9,0,0,225
BRDA:9,1,0,0
BRF:2
BRH:1
end_of_record
TN:
SF:../packages/core/src/components/BodyText/StyledBodyText.ts
FN:14,getBodyStyles
FN:38,getBodyVariant
FN:59,(anonymous_2)
FN:68,(anonymous_3)
FN:84,(anonymous_4)
FN:85,(anonymous_5)
FNF:6
FNH:6
FNDA:225,getBodyStyles
FNDA:225,getBodyVariant
FNDA:225,(anonymous_2)
FNDA:225,(anonymous_3)
FNDA:225,(anonymous_4)
FNDA:225,(anonymous_5)
DA:15,225
DA:17,28
DA:23,0
DA:30,197
DA:39,225
DA:43,0
DA:47,0
DA:51,0
DA:55,225
DA:59,49
DA:63,225
DA:68,49
DA:69,225
DA:70,225
DA:73,0
DA:78,49
DA:84,225
DA:85,225
LF:18
LH:13
BRDA:15,0,0,28
BRDA:15,0,1,0
BRDA:15,0,2,197
BRDA:15,0,3,197
BRDA:39,1,0,0
BRDA:39,1,1,0
BRDA:39,1,2,0
BRDA:39,1,3,0
BRDA:39,1,4,0
BRDA:39,1,5,225
BRDA:60,2,0,0
BRDA:69,3,0,225
BRDA:69,3,1,0
BRDA:84,4,0,225
BRDA:84,4,1,0
BRF:15
BRH:6
end_of_record
TN:
SF:../packages/core/src/components/Box/Box.tsx
FN:8,(anonymous_0)
FN:12,(anonymous_1)
FNF:2
FNH:2
FNDA:28,(anonymous_0)
FNDA:28,(anonymous_1)
DA:7,49
DA:12,28
DA:13,28
DA:14,28
DA:17,0
DA:22,0
DA:28,28
DA:39,49
LF:8
LH:6
BRDA:13,0,0,28
BRDA:13,0,1,0
BRDA:17,1,0,0
BRDA:17,1,1,0
BRDA:18,2,0,0
BRDA:18,2,1,0
BRDA:18,2,2,0
BRF:7
BRH:1
end_of_record
TN:
SF:../packages/core/src/components/Box/StyledBox.ts
FN:7,(anonymous_0)
FN:9,(anonymous_1)
FN:12,(anonymous_2)
FNF:3
FNH:3
FNDA:28,(anonymous_0)
FNDA:28,(anonymous_1)
FNDA:28,(anonymous_2)
DA:6,49
DA:7,28
DA:10,28
DA:12,28
LF:4
LH:4
BRDA:7,0,0,0
BRDA:7,0,1,28
BRF:2
BRH:1
end_of_record
TN:
SF:../packages/core/src/components/Box/getBoxCss/getBoxCss.ts
FN:16,(anonymous_0)
FN:76,(anonymous_1)
FNF:2
FNH:2
FNDA:72,(anonymous_0)
FNDA:36,(anonymous_1)
DA:16,49
DA:21,72
DA:22,0
DA:27,72
DA:28,36
DA:29,0
DA:37,36
DA:38,0
DA:47,36
DA:48,0
DA:56,36
DA:64,36
DA:76,49
DA:81,36
DA:82,36
DA:84,36
LF:16
LH:12
BRDA:19,0,0,0
BRDA:21,1,0,0
BRDA:21,1,1,72
BRDA:27,2,0,36
BRDA:27,2,1,36
BRDA:28,3,0,0
BRDA:28,3,1,36
BRDA:28,4,0,36
BRDA:28,4,1,0
BRDA:37,5,0,0
BRDA:37,5,1,36
BRDA:41,6,0,0
BRDA:41,6,1,0
BRDA:43,7,0,0
BRDA:43,7,1,0
BRDA:47,8,0,0
BRDA:47,8,1,36
BRDA:49,9,0,0
BRDA:49,9,1,0
BRDA:50,10,0,0
BRDA:50,10,1,0
BRDA:57,11,0,36
BRDA:57,11,1,0
BRDA:58,12,0,36
BRDA:58,12,1,8
BRDA:59,13,0,36
BRDA:59,13,1,0
BRDA:60,14,0,36
BRDA:60,14,1,28
BRF:29
BRH:13
end_of_record
TN:
SF:../packages/core/src/components/BrazeIcon/BrazeIcon.tsx
FN:8,(anonymous_0)
FN:9,(anonymous_1)
FN:12,(anonymous_2)
FN:13,(anonymous_3)
FN:18,(anonymous_4)
FN:19,(anonymous_5)
FN:22,(anonymous_6)
FN:23,(anonymous_7)
FN:28,(anonymous_8)
FN:29,(anonymous_9)
FN:32,(anonymous_10)
FN:33,(anonymous_11)
FN:38,(anonymous_12)
FN:39,(anonymous_13)
FN:42,(anonymous_14)
FN:43,(anonymous_15)
FN:46,(anonymous_16)
FN:47,(anonymous_17)
FN:50,(anonymous_18)
FN:51,(anonymous_19)
FN:56,(anonymous_20)
FN:57,(anonymous_21)
FN:76,(anonymous_22)
FNF:23
FNH:7
FNDA:0,(anonymous_0)
FNDA:0,(anonymous_1)
FNDA:0,(anonymous_2)
FNDA:0,(anonymous_3)
FNDA:0,(anonymous_4)
FNDA:0,(anonymous_5)
FNDA:2,(anonymous_6)
FNDA:2,(anonymous_7)
FNDA:0,(anonymous_8)
FNDA:0,(anonymous_9)
FNDA:0,(anonymous_10)
FNDA:0,(anonymous_11)
FNDA:2,(anonymous_12)
FNDA:2,(anonymous_13)
FNDA:0,(anonymous_14)
FNDA:0,(anonymous_15)
FNDA:0,(anonymous_16)
FNDA:0,(anonymous_17)
FNDA:2,(anonymous_18)
FNDA:2,(anonymous_19)
FNDA:0,(anonymous_20)
FNDA:0,(anonymous_21)
FNDA:8,(anonymous_22)
DA:8,49
DA:9,0
DA:12,49
DA:13,0
DA:18,49
DA:19,0
DA:22,49
DA:23,2
DA:28,49
DA:29,0
DA:32,49
DA:33,0
DA:38,49
DA:39,2
DA:42,49
DA:43,0
DA:46,49
DA:47,0
DA:50,49
DA:51,2
DA:56,49
DA:57,0
DA:61,49
DA:76,49
DA:82,8
DA:83,0
DA:87,8
DA:91,8
DA:92,0
DA:95,8
DA:107,49
LF:31
LH:21
BRDA:82,0,0,0
BRDA:82,0,1,8
BRDA:91,1,0,0
BRDA:91,1,1,8
BRF:4
BRH:2
end_of_record
TN:
SF:../packages/core/src/components/BrazeIcon/StyledBrazeIcon.ts
FNF:0
FNH:0
DA:5,49
LF:1
LH:1
BRF:0
BRH:0
end_of_record
TN:
SF:../packages/core/src/components/BrazeIcon/CampaignComparison/CampaignComparison.tsx
FN:6,(anonymous_0)
FNF:1
FNH:1
FNDA:4,(anonymous_0)
DA:6,2
DA:10,4
DA:47,2
LF:3
LH:3
BRF:0
BRH:0
end_of_record
TN:
SF:../packages/core/src/components/BrazeIcon/FunnelReport/FunnelReport.tsx
FN:6,(anonymous_0)
FNF:1
FNH:1
FNDA:2,(anonymous_0)
DA:6,2
DA:10,2
DA:110,2
LF:3
LH:3
BRF:0
BRH:0
end_of_record
TN:
SF:../packages/core/src/components/BrazeIcon/RetentionReport/RetentionReport.tsx
FN:6,(anonymous_0)
FNF:1
FNH:1
FNDA:2,(anonymous_0)
DA:6,2
DA:10,2
DA:65,2
LF:3
LH:3
BRF:0
BRH:0
end_of_record
TN:
SF:../packages/core/src/components/Button/Button.tsx
FN:10,(anonymous_0)
FN:31,(anonymous_1)
FNF:2
FNH:2
FNDA:167,(anonymous_0)
FNDA:167,(anonymous_1)
DA:10,49
DA:13,167
DA:15,167
DA:16,167
DA:19,0
DA:21,0
DA:23,0
DA:26,0
DA:30,49
DA:47,167
DA:49,167
DA:87,49
LF:12
LH:8
BRDA:15,0,0,167
BRDA:15,0,1,0
BRDA:19,1,0,0
BRDA:19,1,1,0
BRDA:19,1,2,0
BRDA:19,1,3,0
BRDA:37,2,0,167
BRDA:40,3,0,167
BRDA:41,4,0,167
BRDA:42,5,0,167
BRDA:53,6,0,0
BRDA:53,6,1,167
BRDA:54,7,0,167
BRDA:54,7,1,167
BRDA:55,8,0,0
BRDA:55,8,1,167
BRDA:57,9,0,167
BRDA:57,9,1,167
BRDA:58,10,0,0
BRDA:58,10,1,167
BRDA:61,11,0,167
BRDA:61,11,1,167
BRDA:61,12,0,0
BRDA:61,12,1,167
BRF:24
BRH:15
end_of_record
TN:
SF:../packages/core/src/components/Button/StyledButton.ts
FN:19,(anonymous_0)
FN:49,(anonymous_1)
FN:188,(anonymous_2)
FN:197,(anonymous_3)
FNF:4
FNH:4
FNDA:167,(anonymous_0)
FNDA:167,(anonymous_1)
FNDA:167,(anonymous_2)
FNDA:167,(anonymous_3)
DA:19,49
DA:20,167
DA:22,0
DA:36,167
DA:41,0
DA:49,49
DA:50,167
DA:52,167
DA:53,0
DA:71,167
DA:92,0
DA:93,0
DA:111,0
DA:129,0
DA:152,0
DA:184,49
DA:188,167
DA:197,167
LF:18
LH:10
BRDA:20,0,0,0
BRDA:20,0,1,167
BRDA:20,0,2,0
BRDA:50,1,0,167
BRDA:50,1,1,0
BRDA:50,1,2,0
BRDA:50,1,3,0
BRDA:52,2,0,0
BRDA:52,2,1,167
BRDA:92,3,0,0
BRDA:92,3,1,0
BRDA:131,4,0,0
BRDA:131,4,1,0
BRDA:136,5,0,0
BRDA:136,5,1,0
BRDA:142,6,0,0
BRDA:142,6,1,0
BRDA:155,7,0,0
BRDA:155,7,1,0
BRDA:167,8,0,0
BRDA:167,8,1,0
BRDA:174,9,0,0
BRDA:174,9,1,0
BRDA:188,10,0,0
BRDA:188,10,1,167
BRF:25
BRH:4
end_of_record
TN:
SF:../packages/core/src/components/Button/ButtonContent/ButtonContent.tsx
FN:9,(anonymous_0)
FN:24,(anonymous_1)
FN:56,(anonymous_2)
FNF:3
FNH:3
FNDA:167,(anonymous_0)
FNDA:49,(anonymous_1)
FNDA:167,(anonymous_2)
DA:9,49
DA:20,167
DA:24,167
DA:25,49
DA:26,0
DA:31,167
DA:32,0
DA:45,167
DA:46,0
DA:49,167
DA:57,167
LF:11
LH:8
BRDA:25,0,0,0
BRDA:25,0,1,49
BRDA:25,1,0,49
BRDA:25,1,1,0
BRDA:31,2,0,0
BRDA:31,2,1,167
BRDA:45,3,0,0
BRDA:45,3,1,167
BRDA:51,4,0,167
BRDA:51,4,1,0
BRDA:53,5,0,167
BRDA:53,5,1,0
BRDA:57,6,0,167
BRDA:57,6,1,0
BRF:14
BRH:7
end_of_record
TN:
SF:../packages/core/src/components/Button/ButtonContent/StyledButtonContent.ts
FN:17,(anonymous_0)
FN:19,(anonymous_1)
FNF:2
FNH:2
FNDA:167,(anonymous_0)
FNDA:167,(anonymous_1)
DA:6,49
DA:15,49
DA:17,167
DA:20,167
LF:4
LH:4
BRDA:17,0,0,167
BRDA:17,0,1,0
BRDA:20,1,0,167
BRDA:20,1,1,0
BRF:4
BRH:2
end_of_record
TN:
SF:../packages/core/src/components/Button/LoadedWithIcon/LoadedWithIcon.tsx
FN:8,(anonymous_0)
FNF:1
FNH:0
FNDA:0,(anonymous_0)
DA:8,49
DA:12,0
LF:2
LH:1
BRF:0
BRH:0
end_of_record
TN:
SF:../packages/core/src/components/Button/LoadedWithIcon/StyledLoadedWithIcon.ts
FN:36,(anonymous_0)
FNF:1
FNH:0
FNDA:0,(anonymous_0)
DA:6,49
DA:24,49
DA:37,0
LF:3
LH:2
BRDA:37,0,0,0
BRDA:37,0,1,0
BRF:2
BRH:0
end_of_record
TN:
SF:../packages/core/src/components/Button/LoadingIconWithGradient/LoadingIconWithGradient.tsx
FN:16,(anonymous_0)
FNF:1
FNH:0
FNDA:0,(anonymous_0)
DA:14,49
DA:16,49
DA:21,0
DA:23,0
LF:4
LH:2
BRF:0
BRH:0
end_of_record
TN:
SF:../packages/core/src/components/Button/LoadingIconWithGradient/StyledLoadingIconWithGradient.ts
FN:30,(anonymous_0)
FN:38,(anonymous_1)
FN:60,(anonymous_2)
FN:76,(anonymous_3)
FNF:4
FNH:0
FNDA:0,(anonymous_0)
FNDA:0,(anonymous_1)
FNDA:0,(anonymous_2)
FNDA:0,(anonymous_3)
DA:6,49
DA:15,49
DA:30,49
DA:32,49
DA:38,49
DA:39,0
DA:41,0
DA:48,0
DA:55,49
DA:60,49
DA:61,0
DA:62,0
DA:65,0
DA:67,0
DA:72,0
DA:76,49
DA:77,0
DA:78,0
DA:81,0
DA:83,0
DA:88,0
DA:92,49
DA:96,49
LF:23
LH:10
BRDA:39,0,0,0
BRDA:39,0,1,0
BRDA:39,0,2,0
BRDA:39,0,3,0
BRDA:61,1,0,0
BRDA:61,1,1,0
BRDA:65,2,0,0
BRDA:65,2,1,0
BRDA:65,2,2,0
BRDA:65,2,3,0
BRDA:65,2,4,0
BRDA:77,3,0,0
BRDA:77,3,1,0
BRDA:81,4,0,0
BRDA:81,4,1,0
BRDA:81,4,2,0
BRDA:81,4,3,0
BRDA:81,4,4,0
BRF:18
BRH:0
end_of_record
TN:
SF:../packages/core/src/components/ButtonGroup/ButtonGroup.tsx
FN:7,(anonymous_0)
FNF:1
FNH:0
FNDA:0,(anonymous_0)
DA:7,49
DA:11,0
DA:19,49
LF:3
LH:2
BRF:0
BRH:0
end_of_record
TN:
SF:../packages/core/src/components/ButtonGroup/StyledButtonGroup.ts
FN:9,(anonymous_0)
FN:29,(anonymous_1)
FN:36,(anonymous_2)
FNF:3
FNH:0
FNDA:0,(anonymous_0)
FNDA:0,(anonymous_1)
FNDA:0,(anonymous_2)
DA:9,49
DA:10,0
DA:11,0
DA:14,0
DA:15,0
DA:20,0
DA:21,0
DA:26,0
DA:29,49
DA:32,0
DA:36,49
DA:37,0
DA:38,0
DA:47,0
DA:68,49
LF:15
LH:4
BRDA:10,0,0,0
BRDA:10,0,1,0
BRDA:14,1,0,0
BRDA:14,1,1,0
BRDA:20,2,0,0
BRDA:20,2,1,0
BRDA:37,3,0,0
BRDA:37,3,1,0
BRF:8
BRH:0
end_of_record
TN:
SF:../packages/core/src/components/Checkbox/Checkbox.tsx
FN:18,(anonymous_0)
FN:43,(anonymous_1)
FN:49,(anonymous_2)
FN:78,(anonymous_3)
FNF:4
FNH:0
FNDA:0,(anonymous_0)
FNDA:0,(anonymous_1)
FNDA:0,(anonymous_2)
FNDA:0,(anonymous_3)
DA:17,49
DA:40,0
DA:41,0
DA:43,0
DA:44,0
DA:45,0
DA:49,0
DA:51,0
DA:52,0
DA:57,0
DA:63,0
DA:69,0
DA:72,0
DA:75,0
DA:78,0
DA:81,0
DA:82,0
DA:84,0
DA:88,0
DA:89,0
DA:91,0
DA:150,49
LF:22
LH:2
BRDA:41,0,0,0
BRDA:41,0,1,0
BRDA:44,1,0,0
BRDA:44,1,1,0
BRDA:51,2,0,0
BRDA:51,2,1,0
BRDA:81,3,0,0
BRDA:81,3,1,0
BRDA:81,4,0,0
BRDA:81,4,1,0
BRDA:89,5,0,0
BRDA:89,5,1,0
BRDA:123,6,0,0
BRDA:123,6,1,0
BRDA:130,7,0,0
BRDA:130,7,1,0
BRDA:137,8,0,0
BRDA:137,8,1,0
BRDA:137,8,2,0
BRDA:137,8,3,0
BRDA:142,9,0,0
BRDA:142,9,1,0
BRDA:142,9,2,0
BRDA:142,9,3,0
BRF:24
BRH:0
end_of_record
TN:
SF:../packages/core/src/components/Checkbox/CheckboxContainer/CheckboxContainer.tsx
FN:13,(anonymous_0)
FN:26,(anonymous_1)
FNF:2
FNH:0
FNDA:0,(anonymous_0)
FNDA:0,(anonymous_1)
DA:13,49
DA:17,49
DA:27,0
DA:35,49
LF:4
LH:3
BRDA:27,0,0,0
BRDA:27,0,1,0
BRF:2
BRH:0
end_of_record
TN:
SF:../packages/core/src/components/Checkbox/CheckboxIcon/CheckboxIcon.tsx
FN:6,(anonymous_0)
FNF:1
FNH:0
FNDA:0,(anonymous_0)
DA:6,49
DA:11,49
DA:17,49
LF:3
LH:3
BRF:0
BRH:0
end_of_record
TN:
SF:../packages/core/src/components/Checkbox/CheckboxLabel/CheckboxLabel.tsx
FN:12,(anonymous_0)
FN:20,(anonymous_1)
FNF:2
FNH:0
FNDA:0,(anonymous_0)
FNDA:0,(anonymous_1)
DA:12,49
DA:16,49
DA:20,0
DA:23,49
LF:4
LH:3
BRDA:20,0,0,0
BRDA:20,0,1,0
BRF:2
BRH:0
end_of_record
TN:
SF:../packages/core/src/components/Checkbox/CheckedPolyline/CheckedPolyline.tsx
FN:12,(anonymous_0)
FN:20,(anonymous_1)
FNF:2
FNH:0
FNDA:0,(anonymous_0)
FNDA:0,(anonymous_1)
DA:12,49
DA:17,49
DA:21,0
DA:24,49
LF:4
LH:3
BRDA:21,0,0,0
BRDA:21,0,1,0
BRDA:21,1,0,0
BRDA:21,1,1,0
BRF:4
BRH:0
end_of_record
TN:
SF:../packages/core/src/components/Checkbox/HiddenCheckbox/HiddenCheckbox.tsx
FN:6,(anonymous_0)
FNF:1
FNH:0
FNDA:0,(anonymous_0)
DA:6,49
DA:10,49
DA:16,49
LF:3
LH:3
BRF:0
BRH:0
end_of_record
TN:
SF:../packages/core/src/components/Checkbox/IndeterminatePolyline/IndeterminatePolyline.tsx
FN:6,(anonymous_0)
FN:15,(anonymous_1)
FNF:2
FNH:0
FNDA:0,(anonymous_0)
FNDA:0,(anonymous_1)
DA:6,49
DA:12,49
DA:15,0
DA:18,49
LF:4
LH:3
BRDA:15,0,0,0
BRDA:15,0,1,0
BRF:2
BRH:0
end_of_record
TN:
SF:../packages/core/src/components/Checkbox/StyledCheckbox/StyledCheckbox.ts
FN:12,(anonymous_0)
FN:58,(anonymous_1)
FNF:2
FNH:0
FNDA:0,(anonymous_0)
FNDA:0,(anonymous_1)
DA:12,49
DA:19,0
DA:20,0
DA:29,0
DA:30,0
DA:39,0
DA:54,49
DA:58,0
LF:8
LH:2
BRDA:19,0,0,0
BRDA:19,0,1,0
BRDA:21,1,0,0
BRDA:21,1,1,0
BRDA:24,2,0,0
BRDA:24,2,1,0
BRDA:25,3,0,0
BRDA:25,3,1,0
BRDA:29,4,0,0
BRDA:29,4,1,0
BRDA:40,5,0,0
BRDA:40,5,1,0
BRDA:40,6,0,0
BRDA:40,6,1,0
BRDA:44,7,0,0
BRDA:44,7,1,0
BRDA:58,8,0,0
BRDA:58,8,1,0
BRF:18
BRH:0
end_of_record
TN:
SF:../packages/core/src/components/CloseButton/CloseButton.tsx
FN:11,(anonymous_0)
FNF:1
FNH:0
FNDA:0,(anonymous_0)
DA:10,49
DA:15,0
DA:28,49
LF:3
LH:2
BRDA:12,0,0,0
BRF:1
BRH:0
end_of_record
TN:
SF:../packages/core/src/components/CloseButton/StyledCloseButton/StyledCloseButton.ts
FN:28,(anonymous_0)
FN:36,(anonymous_1)
FN:40,(anonymous_2)
FNF:3
FNH:0
FNDA:0,(anonymous_0)
FNDA:0,(anonymous_1)
FNDA:0,(anonymous_2)
DA:10,49
DA:28,0
DA:37,0
DA:41,0
LF:4
LH:1
BRDA:28,0,0,0
BRDA:28,0,1,0
BRDA:37,1,0,0
BRDA:37,1,1,0
BRDA:41,2,0,0
BRDA:41,2,1,0
BRF:6
BRH:0
end_of_record
TN:
SF:../packages/core/src/components/Collapsible/Collapsible.tsx
FN:9,(anonymous_0)
FNF:1
FNH:0
FNDA:0,(anonymous_0)
DA:9,49
DA:16,0
DA:25,49
LF:3
LH:2
BRDA:13,0,0,0
BRF:1
BRH:0
end_of_record
TN:
SF:../packages/core/src/components/Collapsible/StyledCollapsible.ts
FN:5,(anonymous_0)
FNF:1
FNH:0
FNDA:0,(anonymous_0)
DA:5,49
DA:6,0
DA:8,0
DA:12,0
DA:17,0
DA:23,49
LF:6
LH:2
BRDA:6,0,0,0
BRDA:6,0,1,0
BRDA:6,0,2,0
BRDA:6,0,3,0
BRF:4
BRH:0
end_of_record
TN:
SF:../packages/core/src/components/CollapsibleBody/CollapsibleBody.tsx
FN:9,(anonymous_0)
FNF:1
FNH:0
FNDA:0,(anonymous_0)
DA:9,49
DA:13,0
DA:15,0
DA:24,49
LF:4
LH:2
BRF:0
BRH:0
end_of_record
TN:
SF:../packages/core/src/components/CollapsibleBody/StyledCollapsibleBody.ts
FN:13,(anonymous_0)
FNF:1
FNH:0
FNDA:0,(anonymous_0)
DA:13,49
DA:14,0
DA:15,0
DA:23,0
DA:30,49
LF:5
LH:2
BRDA:14,0,0,0
BRDA:14,0,1,0
BRF:2
BRH:0
end_of_record
TN:
SF:../packages/core/src/components/CollapsibleButton/CollapsibleButton.tsx
FN:10,(anonymous_0)
FNF:1
FNH:0
FNDA:0,(anonymous_0)
DA:10,49
DA:16,0
DA:18,0
DA:33,49
LF:4
LH:2
BRDA:13,0,0,0
BRDA:28,1,0,0
BRDA:28,1,1,0
BRF:3
BRH:0
end_of_record
TN:
SF:../packages/core/src/components/CollapsibleButton/StyledCollapsibleButton.ts
FN:11,(anonymous_0)
FN:13,(anonymous_1)
FN:14,(anonymous_2)
FNF:3
FNH:0
FNDA:0,(anonymous_0)
FNDA:0,(anonymous_1)
FNDA:0,(anonymous_2)
DA:8,49
DA:12,0
DA:13,0
DA:14,0
LF:4
LH:1
BRDA:12,0,0,0
BRDA:12,0,1,0
BRDA:13,1,0,0
BRDA:13,1,1,0
BRDA:14,2,0,0
BRDA:14,2,1,0
BRF:6
BRH:0
end_of_record
TN:
SF:../packages/core/src/components/CollapsibleContext/CollapsibleContext.tsx
FN:14,(anonymous_0)
FN:19,(anonymous_1)
FNF:2
FNH:0
FNDA:0,(anonymous_0)
FNDA:0,(anonymous_1)
DA:9,49
DA:14,49
DA:19,0
DA:21,0
LF:4
LH:2
BRDA:16,0,0,0
BRDA:17,1,0,0
BRF:2
BRH:0
end_of_record
TN:
SF:../packages/core/src/components/CollapsibleHeader/CollapsibleHeader.tsx
FN:6,(anonymous_0)
FNF:1
FNH:0
FNDA:0,(anonymous_0)
DA:6,49
DA:10,0
DA:16,49
LF:3
LH:2
BRF:0
BRH:0
end_of_record
TN:
SF:../packages/core/src/components/CollapsibleHeaderText/CollapsibleHeaderText.tsx
FN:7,(anonymous_0)
FNF:1
FNH:0
FNDA:0,(anonymous_0)
DA:7,49
DA:11,0
DA:17,49
LF:3
LH:2
BRF:0
BRH:0
end_of_record
TN:
SF:../packages/core/src/components/CollapsibleHeaderText/StyledCollapsibleHeaderText.ts
FNF:0
FNH:0
DA:11,49
LF:1
LH:1
BRF:0
BRH:0
end_of_record
TN:
SF:../packages/core/src/components/CollapsibleIconButton/CollapsibleIconButton.tsx
FN:9,(anonymous_0)
FNF:1
FNH:0
FNDA:0,(anonymous_0)
DA:9,49
DA:13,0
DA:15,0
DA:25,49
LF:4
LH:2
BRDA:19,0,0,0
BRDA:19,0,1,0
BRF:2
BRH:0
end_of_record
TN:
SF:../packages/core/src/components/CollapsibleList/CollapsibleList.tsx
FN:9,(anonymous_0)
FNF:1
FNH:0
FNDA:0,(anonymous_0)
DA:9,49
DA:15,0
DA:28,49
LF:3
LH:2
BRDA:19,0,0,0
BRDA:19,0,1,0
BRF:2
BRH:0
end_of_record
TN:
SF:../packages/core/src/components/CollapsibleList/StyledCollapsibleList.ts
FNF:0
FNH:0
DA:5,49
LF:1
LH:1
BRF:0
BRH:0
end_of_record
TN:
SF:../packages/core/src/components/CollapsibleListItem/CollapsibleListItem.tsx
FN:7,(anonymous_0)
FNF:1
FNH:0
FNDA:0,(anonymous_0)
DA:7,49
DA:11,0
DA:17,49
LF:3
LH:2
BRF:0
BRH:0
end_of_record
TN:
SF:../packages/core/src/components/CollapsibleListItem/StyledCollapsibleListItem.ts
FNF:0
FNH:0
DA:10,49
LF:1
LH:1
BRF:0
BRH:0
end_of_record
TN:
SF:../packages/core/src/components/CopyField/CopyField.tsx
FN:21,(anonymous_0)
FN:33,(anonymous_1)
FN:49,(anonymous_2)
FN:70,(anonymous_3)
FN:84,(anonymous_4)
FN:101,(anonymous_5)
FN:124,(anonymous_6)
FN:129,(anonymous_7)
FN:133,(anonymous_8)
FNF:9
FNH:0
FNDA:0,(anonymous_0)
FNDA:0,(anonymous_1)
FNDA:0,(anonymous_2)
FNDA:0,(anonymous_3)
FNDA:0,(anonymous_4)
FNDA:0,(anonymous_5)
FNDA:0,(anonymous_6)
FNDA:0,(anonymous_7)
FNDA:0,(anonymous_8)
DA:21,49
DA:24,0
DA:26,0
DA:29,0
DA:33,49
DA:36,0
DA:38,0
DA:41,0
DA:45,49
DA:49,49
DA:61,0
DA:62,0
DA:63,0
DA:64,0
DA:65,0
DA:70,0
DA:72,0
DA:75,0
DA:83,0
DA:86,0
DA:89,0
DA:100,0
DA:103,0
DA:106,0
DA:109,0
DA:112,0
DA:115,0
DA:124,0
DA:125,0
DA:126,0
DA:129,0
DA:130,0
DA:133,0
DA:134,0
DA:138,0
DA:186,49
LF:36
LH:5
BRDA:24,0,0,0
BRDA:24,0,1,0
BRDA:24,0,2,0
BRDA:36,1,0,0
BRDA:36,1,1,0
BRDA:36,1,2,0
BRDA:54,2,0,0
BRDA:65,3,0,0
BRDA:65,3,1,0
BRDA:125,4,0,0
BRDA:125,4,1,0
BRDA:156,5,0,0
BRDA:156,5,1,0
BRDA:164,6,0,0
BRDA:164,6,1,0
BRDA:171,7,0,0
BRDA:171,7,1,0
BRDA:172,8,0,0
BRDA:172,8,1,0
BRDA:178,9,0,0
BRDA:178,9,1,0
BRF:21
BRH:0
end_of_record
TN:
SF:../packages/core/src/components/CopyField/StyledCopyField.ts
FN:17,(anonymous_0)
FN:38,(anonymous_1)
FNF:2
FNH:0
FNDA:0,(anonymous_0)
FNDA:0,(anonymous_1)
DA:13,49
DA:17,0
DA:38,0
LF:3
LH:1
BRDA:17,0,0,0
BRDA:17,0,1,0
BRDA:38,1,0,0
BRDA:38,1,1,0
BRF:4
BRH:0
end_of_record
TN:
SF:../packages/core/src/components/EmptyState/EmptyState.ts
FN:8,(anonymous_0)
FNF:1
FNH:0
FNDA:0,(anonymous_0)
DA:8,49
DA:17,49
DA:19,49
LF:3
LH:3
BRF:0
BRH:0
end_of_record
TN:
SF:../packages/core/src/components/EmptyStateButtonGroup/EmptyStateButtonGroup.tsx
FN:9,(anonymous_0)
FNF:1
FNH:0
FNDA:0,(anonymous_0)
DA:9,49
DA:11,0
DA:16,49
DA:22,49
LF:4
LH:3
BRF:0
BRH:0
end_of_record
TN:
SF:../packages/core/src/components/EmptyStateHeading/EmptyStateHeading.tsx
FN:15,(anonymous_0)
FNF:1
FNH:0
FNDA:0,(anonymous_0)
DA:15,49
DA:18,0
DA:23,49
DA:33,49
LF:4
LH:3
BRF:0
BRH:0
end_of_record
TN:
SF:../packages/core/src/components/EmptyStateIcon/EmptyStateIcon.tsx
FN:9,(anonymous_0)
FNF:1
FNH:0
FNDA:0,(anonymous_0)
DA:9,49
DA:12,0
DA:17,49
DA:21,49
LF:4
LH:3
BRF:0
BRH:0
end_of_record
TN:
SF:../packages/core/src/components/EmptyStateText/EmptyStateText.tsx
FN:14,(anonymous_0)
FNF:1
FNH:0
FNDA:0,(anonymous_0)
DA:14,49
DA:22,49
DA:31,49
LF:3
LH:3
BRF:0
BRH:0
end_of_record
TN:
SF:../packages/core/src/components/FieldLabel/FieldLabel.tsx
FN:13,(anonymous_0)
FN:32,(anonymous_1)
FNF:2
FNH:0
FNDA:0,(anonymous_0)
FNDA:0,(anonymous_1)
DA:13,49
DA:30,0
DA:32,0
DA:33,0
DA:35,0
DA:36,0
DA:40,0
LF:7
LH:1
BRDA:23,0,0,0
BRDA:25,1,0,0
BRDA:33,2,0,0
BRDA:33,2,1,0
BRDA:35,3,0,0
BRDA:35,3,1,0
BRDA:46,4,0,0
BRDA:46,4,1,0
BRDA:55,5,0,0
BRDA:55,5,1,0
BRDA:61,6,0,0
BRDA:61,6,1,0
BRDA:67,7,0,0
BRDA:67,7,1,0
BRDA:67,7,2,0
BRDA:68,8,0,0
BRDA:68,8,1,0
BRDA:68,8,2,0
BRF:18
BRH:0
end_of_record
TN:
SF:../packages/core/src/components/FieldLabel/FieldLabelEnforceText.tsx
FN:7,(anonymous_0)
FNF:1
FNH:0
FNDA:0,(anonymous_0)
DA:7,49
DA:10,0
DA:12,0
DA:13,0
DA:21,0
DA:22,0
DA:30,0
LF:7
LH:1
BRDA:12,0,0,0
BRDA:12,0,1,0
BRDA:21,1,0,0
BRDA:21,1,1,0
BRF:4
BRH:0
end_of_record
TN:
SF:../packages/core/src/components/FieldLabel/FieldLabelInfoIconAndPopover.tsx
FN:16,(anonymous_0)
FNF:1
FNH:0
FNDA:0,(anonymous_0)
DA:11,49
DA:12,49
DA:13,49
DA:14,49
DA:16,49
DA:22,0
DA:23,0
DA:24,0
DA:25,0
DA:29,0
DA:36,0
DA:37,0
DA:40,0
LF:13
LH:5
BRDA:36,0,0,0
BRDA:36,0,1,0
BRDA:48,1,0,0
BRDA:48,1,1,0
BRDA:68,2,0,0
BRDA:68,2,1,0
BRDA:71,3,0,0
BRDA:71,3,1,0
BRF:8
BRH:0
end_of_record
TN:
SF:../packages/core/src/components/FieldLabel/FieldLabelInfoIconButton.tsx
FN:9,(anonymous_0)
FNF:1
FNH:0
FNDA:0,(anonymous_0)
DA:8,49
DA:13,0
DA:27,49
LF:3
LH:2
BRF:0
BRH:0
end_of_record
TN:
SF:../packages/core/src/components/FieldLabel/StyledFieldLabel.ts
FNF:0
FNH:0
DA:11,49
DA:17,49
DA:23,49
LF:3
LH:3
BRF:0
BRH:0
end_of_record
TN:
SF:../packages/core/src/components/FieldLabel/StyledFieldLabelInfoIconButton.tsx
FN:10,(anonymous_0)
FNF:1
FNH:0
FNDA:0,(anonymous_0)
DA:6,49
DA:11,0
LF:2
LH:1
BRDA:11,0,0,0
BRDA:11,0,1,0
BRF:2
BRH:0
end_of_record
TN:
SF:../packages/core/src/components/FieldLabel/storybookHelpers.tsx
FNF:0
FNH:0
DA:9,49
DA:12,49
LF:2
LH:2
BRF:0
BRH:0
end_of_record
TN:
SF:../packages/core/src/components/FieldLabel/hooks/useFieldLabelPopoverKeyboardAccessibilityEvents.ts
FN:12,(anonymous_0)
FN:21,(anonymous_1)
FN:33,(anonymous_2)
FN:43,(anonymous_3)
FN:62,(anonymous_4)
FN:79,(anonymous_5)
FN:95,(anonymous_6)
FN:112,(anonymous_7)
FN:115,(anonymous_8)
FNF:9
FNH:0
FNDA:0,(anonymous_0)
FNDA:0,(anonymous_1)
FNDA:0,(anonymous_2)
FNDA:0,(anonymous_3)
FNDA:0,(anonymous_4)
FNDA:0,(anonymous_5)
FNDA:0,(anonymous_6)
FNDA:0,(anonymous_7)
FNDA:0,(anonymous_8)
DA:12,49
DA:19,0
DA:21,0
DA:23,0
DA:26,0
DA:30,0
DA:33,0
DA:34,0
DA:43,0
DA:44,0
DA:46,0
DA:47,0
DA:48,0
DA:50,0
DA:53,0
DA:62,0
DA:63,0
DA:65,0
DA:66,0
DA:67,0
DA:69,0
DA:72,0
DA:79,0
DA:80,0
DA:82,0
DA:83,0
DA:84,0
DA:86,0
DA:89,0
DA:95,0
DA:96,0
DA:100,0
DA:105,0
DA:110,0
DA:112,0
DA:113,0
DA:115,0
DA:116,0
DA:119,0
DA:124,0
LF:40
LH:1
BRDA:30,0,0,0
BRDA:30,0,1,0
BRDA:44,1,0,0
BRDA:44,1,1,0
BRDA:47,2,0,0
BRDA:47,2,1,0
BRDA:63,3,0,0
BRDA:63,3,1,0
BRDA:66,4,0,0
BRDA:66,4,1,0
BRDA:80,5,0,0
BRDA:80,5,1,0
BRDA:83,6,0,0
BRDA:83,6,1,0
BRDA:113,7,0,0
BRDA:113,7,1,0
BRF:16
BRH:0
end_of_record
TN:
SF:../packages/core/src/components/Flex/Flex.tsx
FN:8,(anonymous_0)
FN:12,(anonymous_1)
FN:17,(anonymous_2)
FNF:3
FNH:3
FNDA:114,(anonymous_0)
FNDA:114,(anonymous_1)
FNDA:86,(anonymous_2)
DA:7,49
DA:12,114
DA:13,114
DA:14,28
DA:17,86
DA:18,86
DA:21,86
DA:23,0
DA:29,114
DA:40,49
LF:10
LH:9
BRDA:13,0,0,28
BRDA:13,0,1,86
BRDA:18,1,0,86
BRDA:18,1,1,86
BRDA:21,2,0,0
BRDA:21,2,1,86
BRDA:21,3,0,86
BRDA:21,3,1,0
BRF:8
BRH:6
end_of_record
TN:
SF:../packages/core/src/components/Flex/StyledFlex.tsx
FN:9,(anonymous_0)
FNF:1
FNH:1
FNDA:114,(anonymous_0)
DA:6,49
DA:9,114
LF:2
LH:2
BRF:0
BRH:0
end_of_record
TN:
SF:../packages/core/src/components/Flex/getFlexCss/getFlexCss.ts
FN:12,getAlignItemsCss
FN:18,getFlexDirectionCss
FN:24,getFlexWrapCss
FN:32,getJustifyContentCss
FN:40,getTextAlignCss
FN:46,getFlexDisplayCss
FN:52,(anonymous_6)
FNF:7
FNH:7
FNDA:122,getAlignItemsCss
FNDA:122,getFlexDirectionCss
FNDA:122,getFlexWrapCss
FNDA:122,getJustifyContentCss
FNDA:122,getTextAlignCss
FNDA:122,getFlexDisplayCss
FNDA:122,(anonymous_6)
DA:13,122
DA:19,122
DA:27,122
DA:35,122
DA:41,122
DA:47,122
DA:52,49
DA:60,122
DA:61,122
DA:62,122
DA:63,122
DA:64,122
DA:65,122
DA:67,122
LF:14
LH:14
BRDA:46,0,0,122
BRDA:48,1,0,0
BRDA:48,1,1,122
BRF:3
BRH:2
end_of_record
TN:
SF:../packages/core/src/components/FlexBox/FlexBox.tsx
FN:8,(anonymous_0)
FNF:1
FNH:1
FNDA:8,(anonymous_0)
DA:7,49
DA:12,8
DA:20,49
LF:3
LH:3
BRF:0
BRH:0
end_of_record
TN:
SF:../packages/core/src/components/FlexBox/StyledFlexBox.tsx
FN:10,(anonymous_0)
FN:13,(anonymous_1)
FNF:2
FNH:2
FNDA:8,(anonymous_0)
FNDA:8,(anonymous_1)
DA:8,49
DA:11,8
DA:13,8
LF:3
LH:3
BRF:0
BRH:0
end_of_record
TN:
SF:../packages/core/src/components/FormGroup/FormGroup.tsx
FN:7,(anonymous_0)
FNF:1
FNH:0
FNDA:0,(anonymous_0)
DA:7,49
DA:11,0
LF:2
LH:1
BRF:0
BRH:0
end_of_record
TN:
SF:../packages/core/src/components/FormGroup/StyledFormGroup.ts
FNF:0
FNH:0
DA:6,49
LF:1
LH:1
BRF:0
BRH:0
end_of_record
TN:
SF:../packages/core/src/components/FormGroupLegend/FormGroupLegend.tsx
FN:7,(anonymous_0)
FNF:1
FNH:0
FNDA:0,(anonymous_0)
DA:7,49
DA:11,0
LF:2
LH:1
BRF:0
BRH:0
end_of_record
TN:
SF:../packages/core/src/components/FormGroupLegend/StyledFormGroupLegend.ts
FNF:0
FNH:0
DA:11,49
LF:1
LH:1
BRF:0
BRH:0
end_of_record
TN:
SF:../packages/core/src/components/Heading/Heading.tsx
FN:7,(anonymous_0)
FNF:1
FNH:1
FNDA:36,(anonymous_0)
DA:7,49
DA:14,36
LF:2
LH:2
BRDA:8,0,0,0
BRDA:9,1,0,8
BRF:2
BRH:1
end_of_record
TN:
SF:../packages/core/src/components/Heading/StyledHeading.ts
FN:11,(anonymous_0)
FN:21,(anonymous_1)
FN:46,(anonymous_2)
FNF:3
FNH:3
FNDA:36,(anonymous_0)
FNDA:36,(anonymous_1)
FNDA:36,(anonymous_2)
DA:11,49
DA:12,36
DA:14,28
DA:17,8
DA:21,49
DA:22,36
DA:24,0
DA:26,0
DA:28,0
DA:30,0
DA:32,28
DA:34,8
DA:36,0
DA:40,49
DA:46,36
LF:15
LH:10
BRDA:12,0,0,28
BRDA:12,0,1,8
BRDA:12,0,2,8
BRDA:22,1,0,0
BRDA:22,1,1,0
BRDA:22,1,2,0
BRDA:22,1,3,0
BRDA:22,1,4,28
BRDA:22,1,5,8
BRDA:22,1,6,0
BRF:10
BRH:5
end_of_record
TN:
SF:../packages/core/src/components/HelpText/HelpText.tsx
FN:7,(anonymous_0)
FNF:1
FNH:0
FNDA:0,(anonymous_0)
DA:7,49
DA:11,0
LF:2
LH:1
BRF:0
BRH:0
end_of_record
TN:
SF:../packages/core/src/components/HelpText/StyledHelpText.ts
FN:10,(anonymous_0)
FNF:1
FNH:0
FNDA:0,(anonymous_0)
DA:8,49
DA:11,0
LF:2
LH:1
BRDA:11,0,0,0
BRDA:11,0,1,0
BRF:2
BRH:0
end_of_record
TN:
SF:../packages/core/src/components/Icon/Icon.tsx
FN:18,(anonymous_0)
FNF:1
FNH:1
FNDA:10,(anonymous_0)
DA:15,49
DA:17,49
DA:22,10
DA:33,49
LF:4
LH:4
BRDA:19,0,0,0
BRF:1
BRH:0
end_of_record
TN:
SF:../packages/core/src/components/Icon/StyledIcon.tsx
FN:13,(anonymous_0)
FN:28,(anonymous_1)
FNF:2
FNH:2
FNDA:10,(anonymous_0)
FNDA:10,(anonymous_1)
DA:13,49
DA:17,10
DA:18,0
DA:21,10
DA:24,49
DA:28,10
LF:6
LH:5
BRDA:17,0,0,0
BRDA:17,0,1,10
BRDA:21,1,0,10
BRDA:21,1,1,0
BRF:4
BRH:2
end_of_record
TN:
SF:../packages/core/src/components/Icon/braze-icons/brazeIcons.ts
FNF:0
FNH:0
DA:7,49
LF:1
LH:1
BRF:0
BRH:0
end_of_record
TN:
SF:../packages/core/src/components/Icon/braze-icons/create.ts
FN:3,(anonymous_0)
FNF:1
FNH:1
FNDA:147,(anonymous_0)
DA:3,49
DA:9,147
LF:2
LH:2
BRF:0
BRH:0
end_of_record
TN:
SF:../packages/core/src/components/Icon/braze-icons/dragAndDrop.ts
FNF:0
FNH:0
DA:5,49
DA:7,49
LF:2
LH:2
BRF:0
BRH:0
end_of_record
TN:
SF:../packages/core/src/components/Icon/braze-icons/html.ts
FNF:0
FNH:0
DA:5,49
DA:7,49
LF:2
LH:2
BRF:0
BRH:0
end_of_record
TN:
SF:../packages/core/src/components/Icon/braze-icons/push.ts
FNF:0
FNH:0
DA:5,49
DA:7,49
LF:2
LH:2
BRF:0
BRH:0
end_of_record
TN:
SF:../packages/core/src/components/IconButton/IconButton.tsx
FN:11,(anonymous_0)
FN:41,(anonymous_1)
FN:42,(anonymous_2)
FN:45,(anonymous_3)
FNF:4
FNH:0
FNDA:0,(anonymous_0)
FNDA:0,(anonymous_1)
FNDA:0,(anonymous_2)
FNDA:0,(anonymous_3)
DA:10,49
DA:25,0
DA:31,0
DA:33,0
DA:39,0
DA:41,0
DA:42,0
DA:44,0
DA:46,0
DA:50,0
DA:76,49
LF:11
LH:2
BRDA:19,0,0,0
BRDA:20,1,0,0
BRDA:31,2,0,0
BRDA:31,2,1,0
BRDA:31,3,0,0
BRDA:31,3,1,0
BRDA:39,4,0,0
BRDA:39,4,1,0
BRDA:42,5,0,0
BRDA:42,5,1,0
BRDA:44,6,0,0
BRDA:44,6,1,0
BRDA:46,7,0,0
BRDA:46,7,1,0
BRDA:57,8,0,0
BRDA:57,8,1,0
BRDA:58,9,0,0
BRDA:58,9,1,0
BRDA:60,10,0,0
BRDA:60,10,1,0
BRDA:61,11,0,0
BRDA:61,11,1,0
BRDA:61,11,2,0
BRF:23
BRH:0
end_of_record
TN:
SF:../packages/core/src/components/IconButton/StyledIconButton.ts
FN:12,(anonymous_0)
FN:27,(anonymous_1)
FN:50,(anonymous_2)
FNF:3
FNH:0
FNDA:0,(anonymous_0)
FNDA:0,(anonymous_1)
FNDA:0,(anonymous_2)
DA:12,49
DA:13,0
DA:14,0
DA:17,0
DA:27,49
DA:28,0
DA:29,0
DA:37,0
DA:45,49
DA:50,0
LF:10
LH:3
BRDA:13,0,0,0
BRDA:13,0,1,0
BRDA:28,1,0,0
BRDA:28,1,1,0
BRDA:50,2,0,0
BRDA:50,2,1,0
BRF:6
BRH:0
end_of_record
TN:
SF:../packages/core/src/components/InlineInput/InlineInput.tsx
FN:18,(anonymous_0)
FN:46,(anonymous_1)
FN:89,(anonymous_2)
FN:123,(anonymous_3)
FN:142,(anonymous_4)
FN:159,(anonymous_5)
FN:174,(anonymous_6)
FN:196,(anonymous_7)
FN:211,(anonymous_8)
FN:225,(anonymous_9)
FN:247,(anonymous_10)
FN:257,(anonymous_11)
FN:267,(anonymous_12)
FN:286,(anonymous_13)
FN:297,(anonymous_14)
FN:312,(anonymous_15)
FNF:16
FNH:0
FNDA:0,(anonymous_0)
FNDA:0,(anonymous_1)
FNDA:0,(anonymous_2)
FNDA:0,(anonymous_3)
FNDA:0,(anonymous_4)
FNDA:0,(anonymous_5)
FNDA:0,(anonymous_6)
FNDA:0,(anonymous_7)
FNDA:0,(anonymous_8)
FNDA:0,(anonymous_9)
FNDA:0,(anonymous_10)
FNDA:0,(anonymous_11)
FNDA:0,(anonymous_12)
FNDA:0,(anonymous_13)
FNDA:0,(anonymous_14)
FNDA:0,(anonymous_15)
DA:12,49
DA:18,49
DA:22,0
DA:24,0
DA:26,0
DA:28,0
DA:34,0
DA:36,0
DA:38,0
DA:40,0
DA:42,0
DA:46,49
DA:60,0
DA:61,0
DA:62,0
DA:65,0
DA:88,0
DA:90,0
DA:93,0
DA:94,0
DA:98,0
DA:101,0
DA:106,0
DA:122,0
DA:125,0
DA:126,0
DA:130,0
DA:133,0
DA:141,0
DA:144,0
DA:147,0
DA:150,0
DA:159,0
DA:161,0
DA:162,0
DA:166,0
DA:174,0
DA:176,0
DA:182,0
DA:186,0
DA:189,0
DA:195,0
DA:198,0
DA:201,0
DA:210,0
DA:213,0
DA:216,0
DA:219,0
DA:224,0
DA:227,0
DA:228,0
DA:231,0
DA:233,0
DA:236,0
DA:238,0
DA:247,0
DA:248,0
DA:249,0
DA:257,0
DA:258,0
DA:259,0
DA:267,0
DA:269,0
DA:270,0
DA:275,0
DA:276,0
DA:286,0
DA:287,0
DA:288,0
DA:297,0
DA:298,0
DA:301,0
DA:304,0
DA:312,0
DA:313,0
DA:316,0
DA:319,0
DA:323,0
DA:324,0
DA:338,0
DA:364,49
LF:81
LH:4
BRDA:22,0,0,0
BRDA:22,0,1,0
BRDA:22,0,2,0
BRDA:22,0,3,0
BRDA:22,0,4,0
BRDA:22,0,5,0
BRDA:22,0,6,0
BRDA:22,0,7,0
BRDA:55,1,0,0
BRDA:93,2,0,0
BRDA:93,2,1,0
BRDA:125,3,0,0
BRDA:125,3,1,0
BRDA:161,4,0,0
BRDA:161,4,1,0
BRDA:176,5,0,0
BRDA:176,5,1,0
BRDA:177,6,0,0
BRDA:177,6,1,0
BRDA:177,6,2,0
BRDA:177,6,3,0
BRDA:227,7,0,0
BRDA:227,7,1,0
BRDA:231,8,0,0
BRDA:231,8,1,0
BRDA:236,9,0,0
BRDA:236,9,1,0
BRDA:248,10,0,0
BRDA:248,10,1,0
BRDA:258,11,0,0
BRDA:258,11,1,0
BRDA:269,12,0,0
BRDA:269,12,1,0
BRDA:275,13,0,0
BRDA:275,13,1,0
BRDA:275,14,0,0
BRDA:275,14,1,0
BRDA:287,15,0,0
BRDA:287,15,1,0
BRDA:298,16,0,0
BRDA:298,16,1,0
BRDA:313,17,0,0
BRDA:313,17,1,0
BRDA:323,18,0,0
BRDA:323,18,1,0
BRDA:323,19,0,0
BRDA:323,19,1,0
BRDA:353,20,0,0
BRDA:353,20,1,0
BRDA:355,21,0,0
BRDA:355,21,1,0
BRF:51
BRH:0
end_of_record
TN:
SF:../packages/core/src/components/InlineInput/InlineInputEditMode/InlineInputEditMode.tsx
FN:14,(anonymous_0)
FN:30,(anonymous_1)
FNF:2
FNH:0
FNDA:0,(anonymous_0)
FNDA:0,(anonymous_1)
DA:14,49
DA:29,0
DA:31,0
DA:36,0
DA:91,49
LF:5
LH:2
BRDA:26,0,0,0
BRF:1
BRH:0
end_of_record
TN:
SF:../packages/core/src/components/InlineInput/InlineInputEditMode/StyledInlineInputEditMode.ts
FN:9,(anonymous_0)
FN:54,(anonymous_1)
FNF:2
FNH:0
FNDA:0,(anonymous_0)
FNDA:0,(anonymous_1)
DA:9,49
DA:10,0
DA:12,0
DA:25,0
DA:39,49
DA:54,0
LF:6
LH:2
BRDA:10,0,0,0
BRDA:10,0,1,0
BRDA:10,0,2,0
BRDA:54,1,0,0
BRDA:54,1,1,0
BRF:5
BRH:0
end_of_record
TN:
SF:../packages/core/src/components/InlineInput/InlineInputViewMode/InlineInputViewMode.tsx
FN:10,(anonymous_0)
FNF:1
FNH:0
FNDA:0,(anonymous_0)
DA:10,49
DA:17,0
DA:40,49
LF:3
LH:2
BRDA:23,0,0,0
BRDA:23,0,1,0
BRDA:26,1,0,0
BRDA:26,1,1,0
BRDA:26,2,0,0
BRDA:26,2,1,0
BRDA:28,3,0,0
BRDA:28,3,1,0
BRF:8
BRH:0
end_of_record
TN:
SF:../packages/core/src/components/InlineInput/InlineInputViewMode/StyledInlineInputViewMode.ts
FN:7,(anonymous_0)
FN:26,(anonymous_1)
FNF:2
FNH:0
FNDA:0,(anonymous_0)
FNDA:0,(anonymous_1)
DA:7,49
DA:8,0
DA:10,0
DA:15,0
DA:21,49
DA:27,0
LF:6
LH:2
BRDA:8,0,0,0
BRDA:8,0,1,0
BRDA:8,0,2,0
BRDA:27,1,0,0
BRDA:27,1,1,0
BRF:5
BRH:0
end_of_record
TN:
SF:../packages/core/src/components/Input/Input.tsx
FN:11,(anonymous_0)
FNF:1
FNH:0
FNDA:0,(anonymous_0)
DA:10,49
DA:30,0
DA:32,0
DA:40,0
DA:42,0
DA:65,49
LF:6
LH:2
BRDA:15,0,0,0
BRDA:40,1,0,0
BRDA:40,1,1,0
BRDA:40,1,2,0
BRDA:52,2,0,0
BRDA:52,2,1,0
BRDA:56,3,0,0
BRDA:56,3,1,0
BRDA:59,4,0,0
BRDA:59,4,1,0
BRDA:59,5,0,0
BRDA:59,5,1,0
BRF:12
BRH:0
end_of_record
TN:
SF:../packages/core/src/components/Input/StyledInput.ts
FN:15,(anonymous_0)
FN:29,(anonymous_1)
FN:32,(anonymous_2)
FN:38,(anonymous_3)
FN:45,(anonymous_4)
FN:73,(anonymous_5)
FNF:6
FNH:0
FNDA:0,(anonymous_0)
FNDA:0,(anonymous_1)
FNDA:0,(anonymous_2)
FNDA:0,(anonymous_3)
FNDA:0,(anonymous_4)
FNDA:0,(anonymous_5)
DA:15,49
DA:16,0
DA:18,0
DA:20,0
DA:22,0
DA:26,49
DA:30,0
DA:33,0
DA:36,49
DA:38,0
DA:46,0
DA:74,0
LF:12
LH:3
BRDA:16,0,0,0
BRDA:16,0,1,0
BRDA:16,0,2,0
BRDA:30,1,0,0
BRDA:30,1,1,0
BRDA:33,2,0,0
BRDA:33,2,1,0
BRDA:38,3,0,0
BRDA:38,3,1,0
BRDA:46,4,0,0
BRDA:46,4,1,0
BRDA:74,5,0,0
BRDA:74,5,1,0
BRF:13
BRH:0
end_of_record
TN:
SF:../packages/core/src/components/InputGroup/InputGroup.tsx
FN:10,(anonymous_0)
FNF:1
FNH:0
FNDA:0,(anonymous_0)
DA:9,49
DA:21,0
DA:42,49
LF:3
LH:2
BRF:0
BRH:0
end_of_record
TN:
SF:../packages/core/src/components/InputGroup/StyledInputGroup.ts
FN:31,(anonymous_0)
FN:60,(anonymous_1)
FN:75,(anonymous_2)
FNF:3
FNH:0
FNDA:0,(anonymous_0)
FNDA:0,(anonymous_1)
FNDA:0,(anonymous_2)
DA:14,49
DA:20,49
DA:27,49
DA:31,0
DA:61,0
DA:76,0
LF:6
LH:3
BRDA:31,0,0,0
BRDA:31,0,1,0
BRDA:61,1,0,0
BRDA:61,1,1,0
BRDA:76,2,0,0
BRDA:76,2,1,0
BRF:6
BRH:0
end_of_record
TN:
SF:../packages/core/src/components/InputGroupAddon/InputGroupAddon.tsx
FN:9,(anonymous_0)
FNF:1
FNH:0
FNDA:0,(anonymous_0)
DA:9,49
DA:13,0
DA:15,0
DA:25,49
LF:4
LH:2
BRF:0
BRH:0
end_of_record
TN:
SF:../packages/core/src/components/InputGroupAddon/StyledInputGroupAddon.ts
FN:13,(anonymous_0)
FN:36,(anonymous_1)
FN:43,(anonymous_2)
FN:53,(anonymous_3)
FN:63,(anonymous_4)
FNF:5
FNH:0
FNDA:0,(anonymous_0)
FNDA:0,(anonymous_1)
FNDA:0,(anonymous_2)
FNDA:0,(anonymous_3)
FNDA:0,(anonymous_4)
DA:13,49
DA:14,0
DA:15,0
DA:18,0
DA:26,49
DA:37,0
DA:44,0
DA:54,0
DA:63,0
LF:9
LH:2
BRDA:14,0,0,0
BRDA:14,0,1,0
BRDA:37,1,0,0
BRDA:37,1,1,0
BRDA:44,2,0,0
BRDA:44,2,1,0
BRDA:54,3,0,0
BRDA:54,3,1,0
BRF:8
BRH:0
end_of_record
TN:
SF:../packages/core/src/components/InputGroupContext/InputGroupContext.tsx
FN:10,(anonymous_0)
FNF:1
FNH:0
FNDA:0,(anonymous_0)
DA:8,49
DA:10,49
DA:17,0
LF:3
LH:2
BRF:0
BRH:0
end_of_record
TN:
SF:../packages/core/src/components/Label/Label.tsx
FN:7,(anonymous_0)
FNF:1
FNH:0
FNDA:0,(anonymous_0)
DA:7,49
DA:11,0
LF:2
LH:1
BRF:0
BRH:0
end_of_record
TN:
SF:../packages/core/src/components/Label/StyledLabel.ts
FNF:0
FNH:0
DA:11,49
LF:1
LH:1
BRF:0
BRH:0
end_of_record
TN:
SF:../packages/core/src/components/LevelsContext/LevelsContext.tsx
FN:30,(anonymous_0)
FN:40,(anonymous_1)
FNF:2
FNH:0
FNDA:0,(anonymous_0)
FNDA:0,(anonymous_1)
DA:21,49
DA:30,49
DA:31,0
DA:33,0
DA:34,0
DA:37,0
DA:40,49
DA:46,0
DA:48,0
LF:9
LH:3
BRDA:33,0,0,0
BRDA:33,0,1,0
BRDA:49,1,0,0
BRDA:49,1,1,0
BRF:4
BRH:0
end_of_record
TN:
SF:../packages/core/src/components/Link/Link.tsx
FN:11,(anonymous_0)
FNF:1
FNH:0
FNDA:0,(anonymous_0)
DA:10,49
DA:15,0
DA:17,0
DA:18,0
DA:42,0
DA:46,49
LF:6
LH:2
BRDA:17,0,0,0
BRDA:17,0,1,0
BRDA:26,1,0,0
BRDA:26,1,1,0
BRDA:30,2,0,0
BRDA:30,2,1,0
BRF:6
BRH:0
end_of_record
TN:
SF:../packages/core/src/components/Link/StyledLink.tsx
FN:13,(anonymous_0)
FN:30,(anonymous_1)
FN:37,(anonymous_2)
FN:39,(anonymous_3)
FN:44,(anonymous_4)
FNF:5
FNH:0
FNDA:0,(anonymous_0)
FNDA:0,(anonymous_1)
FNDA:0,(anonymous_2)
FNDA:0,(anonymous_3)
FNDA:0,(anonymous_4)
DA:13,49
DA:14,0
DA:15,0
DA:21,0
DA:30,49
DA:34,49
DA:38,0
DA:40,0
DA:45,0
LF:9
LH:3
BRDA:14,0,0,0
BRDA:14,0,1,0
BRDA:38,1,0,0
BRDA:38,1,1,0
BRDA:40,2,0,0
BRDA:40,2,1,0
BRDA:45,3,0,0
BRDA:45,3,1,0
BRF:8
BRH:0
end_of_record
TN:
SF:../packages/core/src/components/LoremIpsum/LoremIpsum.tsx
FN:20,(anonymous_0)
FN:27,(anonymous_1)
FNF:2
FNH:0
FNDA:0,(anonymous_0)
FNDA:0,(anonymous_1)
DA:8,49
DA:20,49
DA:25,0
DA:28,0
LF:4
LH:2
BRDA:22,0,0,0
BRF:1
BRH:0
end_of_record
TN:
SF:../packages/core/src/components/Menu/Menu.tsx
FN:36,(anonymous_0)
FN:89,(anonymous_1)
FN:91,(anonymous_2)
FNF:3
FNH:3
FNDA:189,(anonymous_0)
FNDA:250,(anonymous_1)
FNDA:169,(anonymous_2)
DA:19,49
DA:21,49
DA:22,49
DA:28,49
DA:35,49
DA:59,189
DA:61,189
DA:69,189
DA:90,250
DA:92,169
DA:121,49
LF:11
LH:11
BRDA:49,0,0,189
BRDA:81,1,0,189
BRDA:81,1,1,189
BRDA:87,2,0,0
BRDA:87,2,1,189
BRDA:105,3,0,0
BRDA:105,3,1,169
BRDA:109,4,0,0
BRDA:109,4,1,169
BRF:9
BRH:6
end_of_record
TN:
SF:../packages/core/src/components/Menu/StyledMenu.ts
FN:12,(anonymous_0)
FN:39,(anonymous_1)
FNF:2
FNH:2
FNDA:169,(anonymous_0)
FNDA:169,(anonymous_1)
DA:6,49
DA:12,49
DA:13,169
DA:14,0
DA:20,169
DA:27,49
DA:39,169
LF:7
LH:6
BRDA:13,0,0,0
BRDA:13,0,1,169
BRDA:39,1,0,169
BRDA:39,1,1,0
BRF:4
BRH:2
end_of_record
TN:
SF:../packages/core/src/components/Menu/getKey/getKey.ts
FN:9,(anonymous_0)
FNF:1
FNH:1
FNDA:61,(anonymous_0)
DA:9,49
DA:10,61
DA:11,15
DA:14,46
DA:15,10
DA:18,36
DA:19,2
DA:22,34
DA:23,6
DA:26,28
DA:27,6
DA:30,22
DA:31,6
DA:34,16
DA:35,10
DA:38,6
LF:16
LH:16
BRDA:10,0,0,15
BRDA:10,0,1,46
BRDA:10,1,0,61
BRDA:10,1,1,46
BRDA:14,2,0,10
BRDA:14,2,1,36
BRDA:14,3,0,46
BRDA:14,3,1,36
BRDA:18,4,0,2
BRDA:18,4,1,34
BRDA:18,5,0,36
BRDA:18,5,1,34
BRDA:22,6,0,6
BRDA:22,6,1,28
BRDA:22,7,0,34
BRDA:22,7,1,28
BRDA:26,8,0,6
BRDA:26,8,1,22
BRDA:26,9,0,28
BRDA:26,9,1,22
BRDA:30,10,0,6
BRDA:30,10,1,16
BRDA:30,11,0,22
BRDA:30,11,1,16
BRDA:34,12,0,10
BRDA:34,12,1,6
BRDA:34,13,0,16
BRDA:34,13,1,12
BRF:28
BRH:28
end_of_record
TN:
SF:../packages/core/src/components/Menu/useMenuA11y/useMenuA11y.ts
FN:35,(anonymous_0)
FN:56,(anonymous_1)
FN:66,(anonymous_2)
FN:120,(anonymous_3)
FN:126,(anonymous_4)
FN:137,(anonymous_5)
FN:151,(anonymous_6)
FN:163,(anonymous_7)
FN:198,(anonymous_8)
FN:211,(anonymous_9)
FN:214,(anonymous_10)
FN:242,(anonymous_11)
FN:263,(anonymous_12)
FN:280,(anonymous_13)
FN:290,(anonymous_14)
FN:295,(anonymous_15)
FN:361,(anonymous_16)
FNF:17
FNH:17
FNDA:189,(anonymous_0)
FNDA:118,(anonymous_1)
FNDA:41,(anonymous_2)
FNDA:69,(anonymous_3)
FNDA:118,(anonymous_4)
FNDA:468,(anonymous_5)
FNDA:1018,(anonymous_6)
FNDA:33,(anonymous_7)
FNDA:8,(anonymous_8)
FNDA:32,(anonymous_9)
FNDA:4,(anonymous_10)
FNDA:164,(anonymous_11)
FNDA:132,(anonymous_12)
FNDA:164,(anonymous_13)
FNDA:20,(anonymous_14)
FNDA:43,(anonymous_15)
FNDA:68,(anonymous_16)
DA:12,49
DA:26,49
DA:27,49
DA:35,49
DA:46,189
DA:48,189
DA:53,189
DA:56,189
DA:58,118
DA:61,118
DA:62,0
DA:66,118
DA:68,41
DA:71,41
DA:72,4
DA:76,37
DA:77,37
DA:81,37
DA:82,33
DA:86,37
DA:87,19
DA:91,37
DA:92,13
DA:95,24
DA:96,6
DA:99,18
DA:100,2
DA:103,16
DA:104,2
DA:107,14
DA:108,8
DA:111,6
DA:112,2
DA:117,118
DA:120,118
DA:121,69
DA:126,189
DA:127,118
DA:128,71
DA:137,189
DA:141,468
DA:144,468
DA:145,215
DA:149,253
DA:151,1018
DA:153,253
DA:162,189
DA:170,33
DA:180,33
DA:183,33
DA:184,23
DA:187,33
DA:197,189
DA:200,8
DA:203,8
DA:204,0
DA:208,8
DA:211,32
DA:214,8
DA:218,8
DA:223,8
DA:224,6
DA:228,8
DA:229,4
DA:233,4
DA:236,4
DA:242,189
DA:244,164
DA:247,164
DA:248,71
DA:252,93
DA:253,15
DA:257,93
DA:258,8
DA:263,189
DA:265,132
DA:268,132
DA:269,73
DA:274,59
DA:275,6
DA:280,189
DA:282,164
DA:285,164
DA:286,71
DA:290,93
DA:292,20
DA:294,20
DA:295,43
DA:299,20
DA:300,18
DA:302,18
DA:306,20
DA:307,2
DA:314,18
DA:315,4
DA:324,14
DA:325,2
DA:329,12
DA:330,2
DA:334,10
DA:336,2
DA:338,2
DA:342,8
DA:344,4
DA:346,4
DA:348,4
DA:352,4
DA:353,2
DA:358,93
DA:361,93
DA:362,68
DA:376,189
LF:112
LH:110
BRDA:61,0,0,0
BRDA:61,0,1,118
BRDA:71,1,0,4
BRDA:71,1,1,37
BRDA:71,2,0,41
BRDA:71,2,1,37
BRDA:76,3,0,37
BRDA:76,3,1,4
BRDA:77,4,0,37
BRDA:77,4,1,4
BRDA:81,5,0,33
BRDA:81,5,1,4
BRDA:81,6,0,37
BRDA:81,6,1,35
BRDA:86,7,0,19
BRDA:86,7,1,18
BRDA:91,8,0,13
BRDA:91,8,1,24
BRDA:95,9,0,6
BRDA:95,9,1,18
BRDA:99,10,0,2
BRDA:99,10,1,16
BRDA:99,11,0,18
BRDA:99,11,1,4
BRDA:103,12,0,2
BRDA:103,12,1,14
BRDA:103,13,0,16
BRDA:103,13,1,4
BRDA:107,14,0,8
BRDA:107,14,1,6
BRDA:111,15,0,2
BRDA:111,15,1,4
BRDA:127,16,0,71
BRDA:127,16,1,47
BRDA:144,17,0,215
BRDA:144,17,1,253
BRDA:144,18,0,468
BRDA:144,18,1,253
BRDA:166,19,0,10
BRDA:170,20,0,17
BRDA:170,20,1,16
BRDA:173,21,0,10
BRDA:173,21,1,6
BRDA:183,22,0,23
BRDA:183,22,1,10
BRDA:198,23,0,2
BRDA:203,24,0,0
BRDA:203,24,1,8
BRDA:218,25,0,7
BRDA:218,25,1,1
BRDA:223,26,0,6
BRDA:223,26,1,2
BRDA:228,27,0,4
BRDA:228,27,1,4
BRDA:247,28,0,71
BRDA:247,28,1,93
BRDA:252,29,0,15
BRDA:252,29,1,78
BRDA:257,30,0,8
BRDA:257,30,1,85
BRDA:268,31,0,73
BRDA:268,31,1,59
BRDA:274,32,0,6
BRDA:274,32,1,53
BRDA:274,33,0,59
BRDA:274,33,1,6
BRDA:285,34,0,71
BRDA:285,34,1,93
BRDA:285,35,0,164
BRDA:285,35,1,93
BRDA:299,36,0,18
BRDA:299,36,1,2
BRDA:306,37,0,2
BRDA:306,37,1,18
BRDA:314,38,0,4
BRDA:314,38,1,14
BRDA:317,39,0,2
BRDA:317,39,1,2
BRDA:324,40,0,2
BRDA:324,40,1,12
BRDA:329,41,0,2
BRDA:329,41,1,10
BRDA:334,42,0,2
BRDA:334,42,1,8
BRDA:342,43,0,4
BRDA:342,43,1,4
BRDA:352,44,0,2
BRDA:352,44,1,2
BRF:88
BRH:86
end_of_record
TN:
SF:../packages/core/src/components/MenuActionButton/MenuActionButton.tsx
FN:12,(anonymous_0)
FNF:1
FNH:1
FNDA:197,(anonymous_0)
DA:12,49
DA:18,197
DA:36,49
LF:3
LH:3
BRDA:23,0,0,197
BRDA:23,0,1,0
BRDA:26,1,0,197
BRDA:26,1,1,10
BRF:4
BRH:3
end_of_record
TN:
SF:../packages/core/src/components/MenuButton/MenuButton.tsx
FN:7,(anonymous_0)
FNF:1
FNH:1
FNDA:225,(anonymous_0)
DA:7,49
DA:11,225
DA:18,49
LF:3
LH:3
BRF:0
BRH:0
end_of_record
TN:
SF:../packages/core/src/components/MenuButton/StyledMenuButton.ts
FN:27,(anonymous_0)
FNF:1
FNH:1
FNDA:225,(anonymous_0)
DA:10,49
DA:28,225
LF:2
LH:2
BRDA:28,0,0,225
BRDA:28,0,1,39
BRF:2
BRH:2
end_of_record
TN:
SF:../packages/core/src/components/MenuCategoryButton/MenuCategoryButton.tsx
FN:14,(anonymous_0)
FNF:1
FNH:1
FNDA:28,(anonymous_0)
DA:14,49
DA:21,28
DA:53,49
LF:3
LH:3
BRDA:28,0,0,28
BRDA:28,0,1,0
BRDA:31,1,0,28
BRDA:31,1,1,8
BRF:4
BRH:3
end_of_record
TN:
SF:../packages/core/src/components/MenuGroup/MenuGroup.tsx
FN:9,(anonymous_0)
FNF:1
FNH:1
FNDA:16,(anonymous_0)
DA:9,49
DA:15,16
DA:25,49
LF:3
LH:3
BRDA:20,0,0,16
BRDA:20,0,1,8
BRF:2
BRH:2
end_of_record
TN:
SF:../packages/core/src/components/MenuGroup/StyledMenuGroup.ts
FN:24,(anonymous_0)
FNF:1
FNH:1
FNDA:16,(anonymous_0)
DA:9,49
DA:25,16
LF:2
LH:2
BRDA:25,0,0,16
BRDA:25,0,1,8
BRF:2
BRH:2
end_of_record
TN:
SF:../packages/core/src/components/Modal/Modal.tsx
FN:32,getFocusableChildren
FN:36,getFocusedChild
FN:52,setFocus
FN:67,(anonymous_3)
FN:97,(anonymous_4)
FN:114,(anonymous_5)
FN:124,(anonymous_6)
FN:168,(anonymous_7)
FN:174,(anonymous_8)
FN:177,(anonymous_9)
FNF:10
FNH:0
FNDA:0,getFocusableChildren
FNDA:0,getFocusedChild
FNDA:0,setFocus
FNDA:0,(anonymous_3)
FNDA:0,(anonymous_4)
FNDA:0,(anonymous_5)
FNDA:0,(anonymous_6)
FNDA:0,(anonymous_7)
FNDA:0,(anonymous_8)
FNDA:0,(anonymous_9)
DA:17,49
DA:33,0
DA:39,0
DA:41,0
DA:42,0
DA:49,0
DA:53,0
DA:54,0
DA:67,49
DA:72,0
DA:75,0
DA:76,0
DA:81,0
DA:85,0
DA:86,0
DA:90,0
DA:93,49
DA:97,49
DA:110,0
DA:111,0
DA:114,0
DA:115,0
DA:116,0
DA:118,0
DA:120,0
DA:124,0
DA:126,0
DA:127,0
DA:131,0
DA:133,0
DA:134,0
DA:137,0
DA:139,0
DA:140,0
DA:144,0
DA:146,0
DA:148,0
DA:149,0
DA:150,0
DA:152,0
DA:156,0
DA:158,0
DA:164,0
DA:168,0
DA:169,0
DA:170,0
DA:174,0
DA:175,0
DA:177,0
DA:178,0
DA:180,0
DA:185,0
DA:187,0
DA:227,49
LF:54
LH:5
BRDA:41,0,0,0
BRDA:41,0,1,0
BRDA:53,1,0,0
BRDA:53,1,1,0
BRDA:72,2,0,0
BRDA:72,2,1,0
BRDA:75,3,0,0
BRDA:75,3,1,0
BRDA:85,4,0,0
BRDA:85,4,1,0
BRDA:98,5,0,0
BRDA:102,6,0,0
BRDA:104,7,0,0
BRDA:115,8,0,0
BRDA:115,8,1,0
BRDA:115,9,0,0
BRDA:115,9,1,0
BRDA:115,9,2,0
BRDA:115,9,3,0
BRDA:126,10,0,0
BRDA:126,10,1,0
BRDA:126,11,0,0
BRDA:126,11,1,0
BRDA:133,12,0,0
BRDA:133,12,1,0
BRDA:139,13,0,0
BRDA:139,13,1,0
BRDA:149,14,0,0
BRDA:149,14,1,0
BRDA:169,15,0,0
BRDA:169,15,1,0
BRDA:169,16,0,0
BRDA:169,16,1,0
BRDA:175,17,0,0
BRDA:175,17,1,0
BRDA:178,18,0,0
BRDA:178,18,1,0
BRDA:189,19,0,0
BRDA:189,19,1,0
BRDA:193,20,0,0
BRDA:193,20,1,0
BRDA:213,21,0,0
BRDA:213,21,1,0
BRF:43
BRH:0
end_of_record
TN:
SF:../packages/core/src/components/Modal/StyledModal.ts
FN:6,(anonymous_0)
FNF:1
FNH:0
FNDA:0,(anonymous_0)
DA:5,49
DA:7,0
LF:2
LH:1
BRDA:7,0,0,0
BRDA:7,0,1,0
BRF:2
BRH:0
end_of_record
TN:
SF:../packages/core/src/components/Modal/ModalBackdrop/ModalBackdrop.tsx
FN:9,(anonymous_0)
FNF:1
FNH:0
FNDA:0,(anonymous_0)
DA:8,49
DA:13,0
DA:22,49
LF:3
LH:2
BRDA:10,0,0,0
BRF:1
BRH:0
end_of_record
TN:
SF:../packages/core/src/components/Modal/ModalBackdrop/StyledModalBackdrop.ts
FN:12,(anonymous_0)
FNF:1
FNH:0
FNDA:0,(anonymous_0)
DA:5,49
DA:12,0
LF:2
LH:1
BRF:0
BRH:0
end_of_record
TN:
SF:../packages/core/src/components/Modal/ModalContent/ModalContent.tsx
FN:11,isNodeFound
FN:39,findHighest
FN:72,useOnClickOutside
FN:78,initUseOnClickOutside
FN:79,outsideClickListener
FN:93,cleanupUseOnClickOutside
FN:104,(anonymous_6)
FN:116,(anonymous_7)
FNF:8
FNH:0
FNDA:0,isNodeFound
FNDA:0,findHighest
FNDA:0,useOnClickOutside
FNDA:0,initUseOnClickOutside
FNDA:0,outsideClickListener
FNDA:0,cleanupUseOnClickOutside
FNDA:0,(anonymous_6)
FNDA:0,(anonymous_7)
DA:17,0
DA:18,0
DA:32,0
DA:45,0
DA:46,0
DA:54,0
DA:55,0
DA:56,0
DA:59,0
DA:62,0
DA:77,0
DA:80,0
DA:83,0
DA:86,0
DA:89,0
DA:91,0
DA:93,0
DA:94,0
DA:96,0
DA:103,49
DA:116,0
DA:117,0
DA:118,0
DA:123,0
DA:125,0
DA:140,49
LF:26
LH:2
BRDA:17,0,0,0
BRDA:17,0,1,0
BRDA:45,1,0,0
BRDA:45,1,1,0
BRDA:55,2,0,0
BRDA:55,2,1,0
BRDA:75,3,0,0
BRDA:80,4,0,0
BRDA:80,4,1,0
BRDA:108,5,0,0
BRDA:117,6,0,0
BRDA:117,6,1,0
BRDA:117,7,0,0
BRDA:117,7,1,0
BRF:14
BRH:0
end_of_record
TN:
SF:../packages/core/src/components/Modal/ModalContent/StyledModalContent.ts
FN:15,(anonymous_0)
FN:83,(anonymous_1)
FNF:2
FNH:0
FNDA:0,(anonymous_0)
FNDA:0,(anonymous_1)
DA:15,49
DA:16,0
DA:20,0
DA:50,0
DA:83,49
DA:84,0
DA:86,0
DA:90,0
DA:94,0
DA:99,0
DA:105,49
LF:11
LH:3
BRDA:16,0,0,0
BRDA:16,0,1,0
BRDA:16,0,2,0
BRDA:16,0,3,0
BRDA:16,0,4,0
BRDA:84,1,0,0
BRDA:84,1,1,0
BRDA:84,1,2,0
BRDA:84,1,3,0
BRDA:84,1,4,0
BRF:10
BRH:0
end_of_record
TN:
SF:../packages/core/src/components/Modal/ModalDialog/ModalDialog.tsx
FN:9,(anonymous_0)
FNF:1
FNH:0
FNDA:0,(anonymous_0)
DA:8,49
DA:13,0
DA:22,49
LF:3
LH:2
BRF:0
BRH:0
end_of_record
TN:
SF:../packages/core/src/components/Modal/ModalDialog/StyledModalDialog.ts
FN:12,(anonymous_0)
FN:17,(anonymous_1)
FNF:2
FNH:0
FNDA:0,(anonymous_0)
FNDA:0,(anonymous_1)
DA:6,49
DA:12,0
DA:18,0
LF:3
LH:1
BRDA:18,0,0,0
BRDA:18,0,1,0
BRF:2
BRH:0
end_of_record
TN:
SF:../packages/core/src/components/Modal/useModalLevel/useModalLevel.ts
FN:15,(anonymous_0)
FNF:1
FNH:0
FNDA:0,(anonymous_0)
DA:5,49
DA:6,49
DA:15,49
DA:16,0
DA:18,0
DA:21,0
DA:24,0
DA:25,0
DA:28,0
LF:9
LH:3
BRDA:18,0,0,0
BRDA:18,0,1,0
BRDA:24,1,0,0
BRDA:24,1,1,0
BRF:4
BRH:0
end_of_record
TN:
SF:../packages/core/src/components/ModalBody/ModalBody.tsx
FN:7,(anonymous_0)
FNF:1
FNH:0
FNDA:0,(anonymous_0)
DA:7,49
DA:11,0
LF:2
LH:1
BRF:0
BRH:0
end_of_record
TN:
SF:../packages/core/src/components/ModalBody/StyledModalBody.ts
FNF:0
FNH:0
DA:10,49
LF:1
LH:1
BRF:0
BRH:0
end_of_record
TN:
SF:../packages/core/src/components/ModalContext/ModalContext.tsx
FN:12,(anonymous_0)
FN:17,(anonymous_1)
FNF:2
FNH:0
FNDA:0,(anonymous_0)
FNDA:0,(anonymous_1)
DA:5,49
DA:10,49
DA:12,49
DA:16,0
DA:17,0
DA:23,0
LF:6
LH:3
BRF:0
BRH:0
end_of_record
TN:
SF:../packages/core/src/components/ModalFooter/ModalFooter.tsx
FN:7,(anonymous_0)
FNF:1
FNH:0
FNDA:0,(anonymous_0)
DA:7,49
DA:11,0
DA:17,49
LF:3
LH:2
BRF:0
BRH:0
end_of_record
TN:
SF:../packages/core/src/components/ModalFooter/StyledModalFooter.ts
FN:7,(anonymous_0)
FNF:1
FNH:0
FNDA:0,(anonymous_0)
DA:7,49
DA:9,49
LF:2
LH:2
BRF:0
BRH:0
end_of_record
TN:
SF:../packages/core/src/components/ModalHeading/ModalHeading.tsx
FN:11,(anonymous_0)
FN:20,(anonymous_1)
FNF:2
FNH:0
FNDA:0,(anonymous_0)
FNDA:0,(anonymous_1)
DA:11,49
DA:12,0
DA:14,0
DA:16,0
DA:20,49
DA:27,0
DA:28,0
DA:30,0
LF:8
LH:2
BRDA:12,0,0,0
BRDA:12,0,1,0
BRDA:24,1,0,0
BRDA:36,2,0,0
BRDA:36,2,1,0
BRDA:37,3,0,0
BRDA:37,3,1,0
BRF:7
BRH:0
end_of_record
TN:
SF:../packages/core/src/components/ModalHeading/StyledModalHeading.ts
FN:13,(anonymous_0)
FNF:1
FNH:0
FNDA:0,(anonymous_0)
DA:13,49
DA:14,0
DA:16,0
DA:18,0
DA:22,49
LF:5
LH:2
BRDA:14,0,0,0
BRDA:14,0,1,0
BRF:2
BRH:0
end_of_record
TN:
SF:../packages/core/src/components/NumberInput/NumberInput.tsx
FN:10,(anonymous_0)
FN:21,(anonymous_1)
FN:28,(anonymous_2)
FN:40,(anonymous_3)
FNF:4
FNH:0
FNDA:0,(anonymous_0)
FNDA:0,(anonymous_1)
FNDA:0,(anonymous_2)
FNDA:0,(anonymous_3)
DA:10,49
DA:11,0
DA:17,0
DA:20,49
DA:25,0
DA:26,0
DA:28,0
DA:29,0
DA:30,0
DA:35,0
DA:37,0
DA:40,0
DA:41,0
DA:42,0
DA:47,0
DA:49,0
DA:52,0
DA:76,49
LF:18
LH:3
BRDA:26,0,0,0
BRDA:26,0,1,0
BRDA:29,1,0,0
BRDA:29,1,1,0
BRDA:41,2,0,0
BRDA:41,2,1,0
BRDA:57,3,0,0
BRDA:57,3,1,0
BRDA:64,4,0,0
BRDA:64,4,1,0
BRF:10
BRH:0
end_of_record
TN:
SF:../packages/core/src/components/NumberInput/StyledNumberInput.ts
FNF:0
FNH:0
DA:8,49
LF:1
LH:1
BRF:0
BRH:0
end_of_record
TN:
SF:../packages/core/src/components/NumberInput/NumberInputButton/NumberInputButton.tsx
FN:9,(anonymous_0)
FNF:1
FNH:0
FNDA:0,(anonymous_0)
DA:9,49
DA:14,0
DA:25,49
LF:3
LH:2
BRDA:19,0,0,0
BRDA:19,0,1,0
BRF:2
BRH:0
end_of_record
TN:
SF:../packages/core/src/components/NumberInput/NumberInputButton/StyledNumberInputButton.ts
FN:6,(anonymous_0)
FNF:1
FNH:0
FNDA:0,(anonymous_0)
DA:6,49
DA:7,0
DA:9,0
DA:15,0
DA:21,0
DA:25,49
LF:6
LH:2
BRDA:7,0,0,0
BRDA:7,0,1,0
BRDA:7,0,2,0
BRF:3
BRH:0
end_of_record
TN:
SF:../packages/core/src/components/Panel/Panel.tsx
FN:7,(anonymous_0)
FNF:1
FNH:0
FNDA:0,(anonymous_0)
DA:7,49
DA:12,0
LF:2
LH:1
BRDA:9,0,0,0
BRF:1
BRH:0
end_of_record
TN:
SF:../packages/core/src/components/Panel/StyledPanel.ts
FN:11,getBackground
FNF:1
FNH:0
FNDA:0,getBackground
DA:12,0
DA:14,0
DA:17,0
DA:21,49
LF:4
LH:1
BRDA:12,0,0,0
BRDA:12,0,1,0
BRDA:12,0,2,0
BRF:3
BRH:0
end_of_record
TN:
SF:../packages/core/src/components/PanelBody/PanelBody.tsx
FN:7,(anonymous_0)
FNF:1
FNH:0
FNDA:0,(anonymous_0)
DA:7,49
DA:12,0
LF:2
LH:1
BRDA:9,0,0,0
BRF:1
BRH:0
end_of_record
TN:
SF:../packages/core/src/components/PanelBody/StyledPanelBody.ts
FN:24,(anonymous_0)
FN:25,(anonymous_1)
FNF:2
FNH:0
FNDA:0,(anonymous_0)
FNDA:0,(anonymous_1)
DA:11,49
DA:22,49
DA:24,0
DA:25,0
LF:4
LH:2
BRDA:24,0,0,0
BRDA:24,0,1,0
BRF:2
BRH:0
end_of_record
TN:
SF:../packages/core/src/components/PanelHeader/PanelHeader.tsx
FN:7,(anonymous_0)
FNF:1
FNH:0
FNDA:0,(anonymous_0)
DA:7,49
DA:11,0
LF:2
LH:1
BRF:0
BRH:0
end_of_record
TN:
SF:../packages/core/src/components/PanelHeader/StyledPanelHeader.ts
FNF:0
FNH:0
DA:6,49
LF:1
LH:1
BRF:0
BRH:0
end_of_record
TN:
SF:../packages/core/src/components/Popover/Popover.tsx
FN:19,(anonymous_0)
FN:56,(anonymous_1)
FNF:2
FNH:0
FNDA:0,(anonymous_0)
FNDA:0,(anonymous_1)
DA:16,49
DA:18,49
DA:39,0
DA:40,0
DA:42,0
DA:57,0
DA:80,49
LF:7
LH:3
BRDA:26,0,0,0
BRDA:27,1,0,0
BRDA:40,2,0,0
BRDA:40,2,1,0
BRDA:71,3,0,0
BRDA:71,3,1,0
BRF:6
BRH:0
end_of_record
TN:
SF:../packages/core/src/components/Popover/StyledPopover.ts
FN:28,(anonymous_0)
FN:34,(anonymous_1)
FN:49,(anonymous_2)
FN:64,(anonymous_3)
FN:79,(anonymous_4)
FN:99,(anonymous_5)
FNF:6
FNH:0
FNDA:0,(anonymous_0)
FNDA:0,(anonymous_1)
FNDA:0,(anonymous_2)
FNDA:0,(anonymous_3)
FNDA:0,(anonymous_4)
FNDA:0,(anonymous_5)
DA:17,49
DA:28,0
DA:35,0
DA:50,0
DA:65,0
DA:80,0
DA:99,0
LF:7
LH:1
BRDA:28,0,0,0
BRDA:28,0,1,0
BRDA:35,1,0,0
BRDA:35,1,1,0
BRDA:35,1,2,0
BRDA:50,2,0,0
BRDA:50,2,1,0
BRDA:50,2,2,0
BRDA:65,3,0,0
BRDA:65,3,1,0
BRDA:65,3,2,0
BRDA:80,4,0,0
BRDA:80,4,1,0
BRDA:80,4,2,0
BRF:14
BRH:0
end_of_record
TN:
SF:../packages/core/src/components/PopoverBody/PopoverBody.tsx
FN:7,(anonymous_0)
FNF:1
FNH:0
FNDA:0,(anonymous_0)
DA:7,49
DA:9,0
DA:13,49
LF:3
LH:2
BRF:0
BRH:0
end_of_record
TN:
SF:../packages/core/src/components/PopoverHeading/PopoverHeading.tsx
FN:9,(anonymous_0)
FNF:1
FNH:0
FNDA:0,(anonymous_0)
DA:9,49
DA:14,49
LF:2
LH:2
BRF:0
BRH:0
end_of_record
TN:
SF:../packages/core/src/components/Popper/Popper.tsx
FN:10,(anonymous_0)
FNF:1
FNH:1
FNDA:189,(anonymous_0)
DA:9,49
DA:26,189
DA:27,0
DA:29,0
DA:35,189
DA:58,49
LF:6
LH:4
BRDA:14,0,0,189
BRDA:26,1,0,0
BRDA:26,1,1,189
BRDA:26,2,0,189
BRDA:26,2,1,189
BRDA:27,3,0,0
BRDA:27,3,1,0
BRF:7
BRH:4
end_of_record
TN:
SF:../packages/core/src/components/Popper/StyledPopper.ts
FN:19,(anonymous_0)
FN:28,(anonymous_1)
FN:29,(anonymous_2)
FN:49,(anonymous_3)
FN:52,(anonymous_4)
FN:56,(anonymous_5)
FN:62,(anonymous_6)
FN:64,(anonymous_7)
FN:79,(anonymous_8)
FN:94,(anonymous_9)
FN:109,(anonymous_10)
FN:125,(anonymous_11)
FNF:12
FNH:12
FNDA:163,(anonymous_0)
FNDA:163,(anonymous_1)
FNDA:163,(anonymous_2)
FNDA:163,(anonymous_3)
FNDA:163,(anonymous_4)
FNDA:163,(anonymous_5)
FNDA:163,(anonymous_6)
FNDA:163,(anonymous_7)
FNDA:163,(anonymous_8)
FNDA:163,(anonymous_9)
FNDA:163,(anonymous_10)
FNDA:163,(anonymous_11)
DA:19,49
DA:20,163
DA:25,49
DA:28,163
DA:29,163
DA:49,163
DA:52,163
DA:56,163
DA:62,163
DA:65,163
DA:80,163
DA:95,163
DA:110,163
DA:125,163
LF:14
LH:14
BRDA:20,0,0,163
BRDA:20,0,1,0
BRDA:28,1,0,163
BRDA:28,1,1,47
BRDA:29,2,0,163
BRDA:29,2,1,47
BRDA:52,3,0,163
BRDA:52,3,1,163
BRDA:56,4,0,163
BRDA:56,4,1,0
BRDA:62,5,0,163
BRDA:62,5,1,163
BRDA:65,6,0,163
BRDA:65,6,1,163
BRDA:65,6,2,0
BRDA:80,7,0,163
BRDA:80,7,1,163
BRDA:80,7,2,0
BRDA:95,8,0,163
BRDA:95,8,1,163
BRDA:95,8,2,163
BRDA:110,9,0,163
BRDA:110,9,1,163
BRDA:110,9,2,0
BRF:24
BRH:19
end_of_record
TN:
SF:../packages/core/src/components/Popper/PopperContext/PopperContext.tsx
FN:26,(anonymous_0)
FN:39,(anonymous_1)
FN:43,(anonymous_2)
FNF:3
FNH:3
FNDA:49,(anonymous_0)
FNDA:2195,(anonymous_1)
FNDA:189,(anonymous_2)
DA:10,49
DA:26,49
DA:29,49
DA:31,49
DA:37,49
DA:39,49
DA:40,2195
DA:43,49
DA:57,189
DA:58,189
DA:60,189
LF:11
LH:11
BRDA:45,0,0,189
BRDA:46,1,0,189
BRDA:47,2,0,189
BRDA:48,3,0,189
BRDA:49,4,0,189
BRDA:50,5,0,0
BRDA:51,6,0,189
BRDA:52,7,0,0
BRDA:53,8,0,0
BRDA:58,9,0,189
BRDA:58,9,1,0
BRDA:58,10,0,189
BRDA:58,10,1,189
BRF:13
BRH:9
end_of_record
TN:
SF:../packages/core/src/components/Popper/PopperManager/PopperManager.tsx
FN:9,(anonymous_0)
FNF:1
FNH:1
FNDA:189,(anonymous_0)
DA:8,49
DA:14,189
DA:15,189
DA:20,189
DA:23,189
DA:25,189
DA:29,49
LF:7
LH:7
BRDA:15,0,0,189
BRDA:15,0,1,189
BRDA:25,1,0,116
BRDA:25,1,1,73
BRF:4
BRH:4
end_of_record
TN:
SF:../packages/core/src/components/Popper/PopperRenderer/PopperRenderer.tsx
FN:12,(anonymous_0)
FN:51,(anonymous_1)
FNF:2
FNH:2
FNDA:250,(anonymous_0)
FNDA:163,(anonymous_1)
DA:11,49
DA:16,250
DA:17,250
DA:26,250
DA:32,250
DA:34,250
DA:35,250
DA:40,250
DA:45,250
DA:51,250
DA:52,163
DA:55,250
DA:79,49
LF:13
LH:13
BRDA:17,0,0,250
BRDA:17,0,1,0
BRDA:21,1,0,250
BRDA:71,2,0,250
BRDA:71,2,1,0
BRF:5
BRH:3
end_of_record
TN:
SF:../packages/core/src/components/Popper/useHandleClose/useHandleClose.ts
FN:11,(anonymous_0)
FN:26,(anonymous_1)
FN:40,(anonymous_2)
FN:51,(anonymous_3)
FN:55,(anonymous_4)
FNF:5
FNH:4
FNDA:439,(anonymous_0)
FNDA:16,(anonymous_1)
FNDA:0,(anonymous_2)
FNDA:96,(anonymous_3)
FNDA:22,(anonymous_4)
DA:11,49
DA:16,439
DA:19,439
DA:25,439
DA:27,16
DA:30,16
DA:32,0
DA:35,0
DA:36,0
DA:40,0
DA:42,0
DA:46,16
DA:51,439
DA:53,96
DA:55,96
DA:56,22
DA:58,0
DA:61,22
DA:65,439
LF:19
LH:13
BRDA:30,0,0,0
BRDA:30,0,1,16
BRDA:35,1,0,0
BRDA:35,1,1,0
BRDA:56,2,0,0
BRDA:56,2,1,22
BRF:6
BRH:2
end_of_record
TN:
SF:../packages/core/src/components/Popper/useHandleOpen/useHandleOpen.ts
FN:9,(anonymous_0)
FN:23,(anonymous_1)
FN:51,(anonymous_2)
FN:58,(anonymous_3)
FN:62,(anonymous_4)
FNF:5
FNH:3
FNDA:189,(anonymous_0)
FNDA:43,(anonymous_1)
FNDA:0,(anonymous_2)
FNDA:49,(anonymous_3)
FNDA:0,(anonymous_4)
DA:9,49
DA:14,189
DA:17,189
DA:23,189
DA:24,43
DA:27,43
DA:29,43
DA:31,43
DA:35,0
DA:38,0
DA:39,0
DA:41,0
DA:44,0
DA:47,0
DA:51,0
DA:52,0
DA:54,0
DA:58,189
DA:60,49
DA:62,49
DA:63,0
DA:65,0
DA:68,0
DA:72,189
LF:24
LH:12
BRDA:27,0,0,43
BRDA:27,0,1,0
BRDA:38,1,0,0
BRDA:38,1,1,0
BRDA:44,2,0,0
BRDA:44,2,1,0
BRDA:63,3,0,0
BRDA:63,3,1,0
BRF:8
BRH:1
end_of_record
TN:
SF:../packages/core/src/components/Popper/useMouseLeave/useMouseLeave.ts
FN:9,(anonymous_0)
FN:17,(anonymous_1)
FN:58,(anonymous_2)
FNF:3
FNH:1
FNDA:189,(anonymous_0)
FNDA:0,(anonymous_1)
FNDA:0,(anonymous_2)
DA:9,49
DA:14,189
DA:17,189
DA:19,0
DA:25,0
DA:29,0
DA:32,0
DA:34,0
DA:43,0
DA:47,0
DA:50,0
DA:58,189
DA:60,0
DA:63,0
DA:66,189
LF:15
LH:5
BRDA:19,0,0,0
BRDA:19,0,1,0
BRDA:20,1,0,0
BRDA:20,1,1,0
BRDA:20,1,2,0
BRDA:34,2,0,0
BRDA:34,2,1,0
BRDA:36,3,0,0
BRDA:36,3,1,0
BRDA:36,3,2,0
BRDA:36,3,3,0
BRDA:36,3,4,0
BRF:12
BRH:0
end_of_record
TN:
SF:../packages/core/src/components/Popper/useOutsideClick/useOutsideClick.ts
FN:7,(anonymous_0)
FN:26,(anonymous_1)
FN:36,(anonymous_2)
FN:85,(anonymous_3)
FNF:4
FNH:4
FNDA:250,(anonymous_0)
FNDA:47,(anonymous_1)
FNDA:20,(anonymous_2)
FNDA:22,(anonymous_3)
DA:7,49
DA:18,250
DA:21,250
DA:26,250
DA:29,47
DA:30,0
DA:34,47
DA:36,47
DA:40,20
DA:45,20
DA:51,20
DA:53,0
DA:57,0
DA:58,0
DA:67,20
DA:73,20
DA:76,0
DA:80,47
DA:82,47
DA:85,47
DA:86,22
DA:88,22
LF:22
LH:17
BRDA:29,0,0,0
BRDA:29,0,1,47
BRDA:40,1,0,20
BRDA:40,1,1,0
BRDA:41,2,0,20
BRDA:41,2,1,20
BRDA:57,3,0,0
BRDA:57,3,1,0
BRDA:67,4,0,20
BRDA:67,4,1,0
BRDA:68,5,0,20
BRDA:68,5,1,20
BRDA:68,5,2,4
BRDA:68,5,3,4
BRDA:68,5,4,4
BRF:15
BRH:10
end_of_record
TN:
SF:../packages/core/src/components/Popper/usePopper/usePopper.ts
FN:11,(anonymous_0)
FN:20,(anonymous_1)
FN:26,(anonymous_2)
FN:32,(anonymous_3)
FNF:4
FNH:4
FNDA:118,(anonymous_0)
FNDA:62,(anonymous_1)
FNDA:22,(anonymous_2)
FNDA:49,(anonymous_3)
DA:11,49
DA:16,118
DA:17,118
DA:18,118
DA:20,118
DA:21,62
DA:22,62
DA:26,118
DA:27,22
DA:28,22
DA:32,118
DA:33,49
DA:34,0
DA:38,118
LF:14
LH:13
BRDA:13,0,0,118
BRDA:14,1,0,118
BRDA:17,2,0,118
BRDA:17,2,1,118
BRDA:21,3,0,62
BRDA:21,3,1,0
BRDA:27,4,0,22
BRDA:27,4,1,0
BRDA:33,5,0,0
BRDA:33,5,1,49
BRF:10
BRH:7
end_of_record
TN:
SF:../packages/core/src/components/Popper/usePopperEvents/usePopperEvents.ts
FN:14,(anonymous_0)
FN:38,(anonymous_1)
FN:66,(anonymous_2)
FN:71,(anonymous_3)
FN:92,(anonymous_4)
FN:98,(anonymous_5)
FN:107,(anonymous_6)
FN:113,(anonymous_7)
FN:114,(anonymous_8)
FN:130,(anonymous_9)
FN:141,(anonymous_10)
FN:145,(anonymous_11)
FN:149,(anonymous_12)
FN:161,(anonymous_13)
FN:169,(anonymous_14)
FN:188,(anonymous_15)
FN:209,(anonymous_16)
FN:220,(anonymous_17)
FN:228,(anonymous_18)
FN:240,(anonymous_19)
FN:246,(anonymous_20)
FN:257,(anonymous_21)
FN:265,(anonymous_22)
FNF:23
FNH:16
FNDA:1281,(anonymous_0)
FNDA:189,(anonymous_1)
FNDA:37,(anonymous_2)
FNDA:250,(anonymous_3)
FNDA:0,(anonymous_4)
FNDA:189,(anonymous_5)
FNDA:542,(anonymous_6)
FNDA:140,(anonymous_7)
FNDA:417,(anonymous_8)
FNDA:189,(anonymous_9)
FNDA:43,(anonymous_10)
FNDA:71,(anonymous_11)
FNDA:61,(anonymous_12)
FNDA:0,(anonymous_13)
FNDA:0,(anonymous_14)
FNDA:189,(anonymous_15)
FNDA:189,(anonymous_16)
FNDA:0,(anonymous_17)
FNDA:0,(anonymous_18)
FNDA:140,(anonymous_19)
FNDA:140,(anonymous_20)
FNDA:0,(anonymous_21)
FNDA:0,(anonymous_22)
DA:12,49
DA:14,49
DA:17,1281
DA:19,1281
DA:20,189
DA:23,1092
DA:24,0
DA:27,1092
DA:38,49
DA:51,189
DA:54,189
DA:57,189
DA:60,189
DA:63,189
DA:65,189
DA:69,37
DA:70,37
DA:71,250
DA:74,37
DA:83,21
DA:86,16
DA:91,189
DA:93,0
DA:98,189
DA:99,189
DA:100,0
DA:102,189
DA:107,189
DA:108,542
DA:111,189
DA:113,189
DA:114,140
DA:115,417
DA:121,189
DA:130,189
DA:132,189
DA:135,189
DA:136,0
DA:139,189
DA:141,189
DA:142,43
DA:145,189
DA:146,71
DA:149,189
DA:150,61
DA:151,2
DA:154,59
DA:155,16
DA:157,43
DA:161,189
DA:162,0
DA:163,0
DA:166,0
DA:169,189
DA:170,0
DA:171,0
DA:174,0
DA:178,189
DA:179,116
DA:183,189
DA:185,189
DA:188,189
DA:190,189
DA:191,0
DA:195,189
DA:196,189
DA:197,189
DA:200,0
DA:201,0
DA:205,0
DA:209,189
DA:210,189
DA:211,189
DA:212,0
DA:213,0
DA:215,0
DA:220,189
DA:221,0
DA:222,0
DA:223,0
DA:224,0
DA:225,0
DA:226,0
DA:228,0
DA:229,0
DA:232,0
DA:237,189
DA:240,189
DA:241,140
DA:243,140
DA:246,140
DA:247,140
DA:248,140
DA:249,0
DA:250,0
DA:252,0
DA:257,140
DA:258,0
DA:259,0
DA:260,0
DA:261,0
DA:262,0
DA:263,0
DA:265,0
DA:266,0
DA:269,0
DA:274,140
LF:107
LH:69
BRDA:19,0,0,189
BRDA:19,0,1,1092
BRDA:23,1,0,0
BRDA:23,1,1,1092
BRDA:69,2,0,37
BRDA:69,2,1,0
BRDA:69,2,2,0
BRDA:74,3,0,21
BRDA:74,3,1,16
BRDA:75,4,0,37
BRDA:75,4,1,22
BRDA:75,4,2,20
BRDA:75,4,3,20
BRDA:75,4,4,20
BRDA:75,4,5,18
BRDA:99,5,0,0
BRDA:99,5,1,189
BRDA:135,6,0,0
BRDA:135,6,1,189
BRDA:150,7,0,2
BRDA:150,7,1,59
BRDA:154,8,0,16
BRDA:154,8,1,43
BRDA:162,9,0,0
BRDA:162,9,1,0
BRDA:170,10,0,0
BRDA:170,10,1,0
BRDA:178,11,0,116
BRDA:178,11,1,73
BRDA:190,12,0,0
BRDA:190,12,1,189
BRDA:195,13,0,189
BRDA:195,13,1,0
BRDA:196,14,0,189
BRDA:196,14,1,0
BRDA:200,15,0,0
BRDA:200,15,1,0
BRDA:210,16,0,189
BRDA:210,16,1,0
BRDA:212,17,0,0
BRDA:212,17,1,0
BRDA:221,18,0,0
BRDA:221,18,1,0
BRDA:223,19,0,0
BRDA:223,19,1,0
BRDA:225,20,0,0
BRDA:225,20,1,0
BRDA:247,21,0,140
BRDA:247,21,1,0
BRDA:249,22,0,0
BRDA:249,22,1,0
BRDA:258,23,0,0
BRDA:258,23,1,0
BRDA:260,24,0,0
BRDA:260,24,1,0
BRDA:262,25,0,0
BRDA:262,25,1,0
BRF:57
BRH:25
end_of_record
TN:
SF:../packages/core/src/components/Popper/usePopperPlacement/usePopperPlacement.ts
FN:28,(anonymous_0)
FN:48,(anonymous_1)
FN:72,(anonymous_2)
FNF:3
FNH:3
FNDA:163,(anonymous_0)
FNDA:250,(anonymous_1)
FNDA:163,(anonymous_2)
DA:22,49
DA:28,49
DA:32,163
DA:37,47
DA:44,116
DA:48,49
DA:52,250
DA:67,250
DA:72,250
DA:74,163
DA:77,163
DA:91,163
DA:104,250
LF:13
LH:13
BRDA:32,0,0,47
BRDA:32,0,1,116
BRDA:33,1,0,163
BRDA:33,1,1,116
BRDA:33,1,2,116
BRF:5
BRH:5
end_of_record
TN:
SF:../packages/core/src/components/Popper/useScrollListener/useScrollListener.ts
FN:5,(anonymous_0)
FN:8,(anonymous_1)
FN:20,(anonymous_2)
FN:23,(anonymous_3)
FN:31,(anonymous_4)
FN:39,(anonymous_5)
FNF:6
FNH:4
FNDA:47,(anonymous_0)
FNDA:0,(anonymous_1)
FNDA:250,(anonymous_2)
FNDA:47,(anonymous_3)
FNDA:0,(anonymous_4)
FNDA:22,(anonymous_5)
DA:5,49
DA:8,47
DA:9,0
DA:11,0
DA:13,0
DA:20,49
DA:21,250
DA:23,250
DA:25,47
DA:26,0
DA:31,47
DA:32,0
DA:36,47
DA:39,47
DA:40,22
LF:15
LH:10
BRDA:25,0,0,0
BRDA:25,0,1,47
BRF:2
BRH:1
end_of_record
TN:
SF:../packages/core/src/components/Popper/utils/extractInteractiveChildren/extractInteractiveChildren.ts
FN:11,(anonymous_0)
FN:14,(anonymous_1)
FN:41,(anonymous_2)
FN:47,(anonymous_3)
FNF:4
FNH:4
FNDA:5208,(anonymous_0)
FNDA:2604,(anonymous_1)
FNDA:2179,(anonymous_2)
FNDA:2604,(anonymous_3)
DA:2,49
DA:11,49
DA:12,5208
DA:14,49
DA:15,2604
DA:16,614
DA:19,1990
DA:21,144
DA:22,0
DA:25,144
DA:28,1846
DA:29,542
DA:32,1304
DA:41,49
DA:44,2179
DA:45,2096
DA:47,2096
DA:48,2604
DA:49,542
DA:52,2604
DA:53,1990
DA:55,1990
DA:56,658
DA:61,2096
DA:63,83
LF:25
LH:24
BRDA:15,0,0,614
BRDA:15,0,1,1990
BRDA:19,1,0,144
BRDA:19,1,1,1846
BRDA:21,2,0,0
BRDA:21,2,1,144
BRDA:28,3,0,542
BRDA:28,3,1,1304
BRDA:44,4,0,2096
BRDA:44,4,1,83
BRDA:48,5,0,542
BRDA:48,5,1,2062
BRDA:52,6,0,1990
BRDA:52,6,1,614
BRDA:55,7,0,658
BRDA:55,7,1,1332
BRF:16
BRH:15
end_of_record
TN:
SF:../packages/core/src/components/Popper/utils/getAutoPlacement/getAutoPlacement.ts
FN:3,(anonymous_0)
FNF:1
FNH:0
FNDA:0,(anonymous_0)
DA:3,49
DA:15,0
DA:18,0
DA:24,0
DA:35,0
DA:40,0
DA:42,0
DA:43,0
DA:46,0
DA:48,0
DA:50,0
DA:52,0
DA:54,0
DA:56,0
DA:58,0
DA:60,0
DA:62,0
DA:64,0
DA:66,0
DA:75,0
DA:79,0
DA:80,0
DA:81,0
DA:82,0
DA:85,0
DA:86,0
DA:91,0
DA:95,0
DA:96,0
DA:97,0
DA:98,0
DA:101,0
DA:102,0
DA:107,0
DA:110,0
DA:111,0
DA:112,0
DA:118,0
DA:120,0
DA:121,0
DA:127,0
LF:41
LH:1
BRDA:12,0,0,0
BRDA:18,1,0,0
BRDA:24,2,0,0
BRDA:66,3,0,0
BRDA:66,3,1,0
BRDA:67,4,0,0
BRDA:67,4,1,0
BRDA:67,4,2,0
BRDA:67,4,3,0
BRDA:67,4,4,0
BRDA:67,4,5,0
BRDA:79,5,0,0
BRDA:79,5,1,0
BRDA:79,6,0,0
BRDA:79,6,1,0
BRDA:80,7,0,0
BRDA:80,7,1,0
BRDA:80,8,0,0
BRDA:80,8,1,0
BRDA:81,9,0,0
BRDA:81,9,1,0
BRDA:85,10,0,0
BRDA:85,10,1,0
BRDA:95,11,0,0
BRDA:95,11,1,0
BRDA:95,12,0,0
BRDA:95,12,1,0
BRDA:96,13,0,0
BRDA:96,13,1,0
BRDA:96,14,0,0
BRDA:96,14,1,0
BRDA:97,15,0,0
BRDA:97,15,1,0
BRDA:101,16,0,0
BRDA:101,16,1,0
BRDA:110,17,0,0
BRDA:110,17,1,0
BRDA:110,18,0,0
BRDA:110,18,1,0
BRDA:111,19,0,0
BRDA:111,19,1,0
BRDA:120,20,0,0
BRDA:120,20,1,0
BRF:43
BRH:0
end_of_record
TN:
SF:../packages/core/src/components/Popper/utils/getDelay/getDelay.ts
FN:8,(anonymous_0)
FNF:1
FNH:1
FNDA:59,(anonymous_0)
DA:8,49
DA:9,59
DA:10,0
DA:13,59
DA:14,0
DA:17,59
LF:6
LH:4
BRDA:9,0,0,0
BRDA:9,0,1,59
BRDA:13,1,0,0
BRDA:13,1,1,59
BRF:4
BRH:2
end_of_record
TN:
SF:../packages/core/src/components/Popper/utils/getElement/getElement.ts
FN:8,(anonymous_0)
FN:14,(anonymous_1)
FNF:2
FNH:1
FNDA:0,(anonymous_0)
FNDA:523,(anonymous_1)
DA:8,49
DA:9,0
DA:14,49
DA:22,523
DA:23,523
DA:27,0
DA:28,0
DA:32,0
LF:8
LH:4
BRDA:9,0,0,0
BRDA:9,0,1,0
BRDA:9,1,0,0
BRDA:9,1,1,0
BRDA:22,2,0,523
BRDA:22,2,1,0
BRDA:27,3,0,0
BRDA:27,3,1,0
BRF:8
BRH:1
end_of_record
TN:
SF:../packages/core/src/components/Popper/utils/getPopperDimensions/getPopperDimensions.ts
FN:7,(anonymous_0)
FNF:1
FNH:1
FNDA:163,(anonymous_0)
DA:7,49
DA:11,163
DA:14,163
DA:18,163
LF:4
LH:4
BRDA:12,0,0,163
BRDA:12,0,1,0
BRDA:15,1,0,163
BRDA:15,1,1,0
BRF:4
BRH:2
end_of_record
TN:
SF:../packages/core/src/components/Popper/utils/getTargetCoordinates/getTargetCoordinates.ts
FN:10,(anonymous_0)
FNF:1
FNH:1
FNDA:163,(anonymous_0)
DA:10,49
DA:16,163
DA:18,163
DA:21,163
DA:25,163
DA:27,0
DA:30,0
DA:40,163
LF:8
LH:6
BRDA:16,0,0,163
BRDA:16,0,1,163
BRDA:18,1,0,163
BRDA:18,1,1,163
BRDA:25,2,0,0
BRDA:25,2,1,163
BRF:6
BRH:5
end_of_record
TN:
SF:../packages/core/src/components/Popper/utils/horizontalPlacementSelector/horizontalPlacementSelector.ts
FN:9,(anonymous_0)
FNF:1
FNH:0
FNDA:0,(anonymous_0)
DA:9,49
DA:14,0
DA:15,0
DA:16,0
DA:21,0
DA:24,0
DA:27,0
DA:28,0
DA:29,0
DA:34,0
DA:37,0
DA:40,0
LF:12
LH:1
BRDA:14,0,0,0
BRDA:14,0,1,0
BRDA:14,1,0,0
BRDA:14,1,1,0
BRDA:15,2,0,0
BRDA:15,2,1,0
BRDA:15,3,0,0
BRDA:15,3,1,0
BRDA:27,4,0,0
BRDA:27,4,1,0
BRDA:27,5,0,0
BRDA:27,5,1,0
BRDA:28,6,0,0
BRDA:28,6,1,0
BRDA:28,7,0,0
BRDA:28,7,1,0
BRF:16
BRH:0
end_of_record
TN:
SF:../packages/core/src/components/Popper/utils/isMouseOverTarget/isMouseOverTarget.ts
FN:1,(anonymous_0)
FNF:1
FNH:0
FNDA:0,(anonymous_0)
DA:1,49
DA:6,0
DA:9,0
DA:10,0
DA:13,0
DA:14,0
DA:17,0
LF:7
LH:1
BRDA:13,0,0,0
BRDA:13,0,1,0
BRDA:14,1,0,0
BRDA:14,1,1,0
BRDA:17,2,0,0
BRDA:17,2,1,0
BRF:6
BRH:0
end_of_record
TN:
SF:../packages/core/src/components/Popper/utils/makePopperPlacement/makePopperPlacement.ts
FN:6,(anonymous_0)
FNF:1
FNH:1
FNDA:163,(anonymous_0)
DA:6,49
DA:19,163
DA:20,0
DA:28,163
DA:31,163
DA:34,163
DA:38,163
DA:47,163
DA:50,163
DA:52,0
DA:58,163
DA:64,0
DA:70,0
DA:76,0
DA:82,0
DA:88,0
DA:94,0
DA:100,0
DA:106,0
DA:112,0
DA:118,0
DA:124,0
LF:22
LH:9
BRDA:11,0,0,0
BRDA:15,1,0,0
BRDA:19,2,0,0
BRDA:19,2,1,163
BRDA:28,3,0,163
BRDA:28,3,1,0
BRDA:38,4,0,163
BRDA:38,4,1,0
BRDA:50,5,0,0
BRDA:50,5,1,163
BRDA:50,5,2,0
BRDA:50,5,3,0
BRDA:50,5,4,0
BRDA:50,5,5,0
BRDA:50,5,6,0
BRDA:50,5,7,0
BRDA:50,5,8,0
BRDA:50,5,9,0
BRDA:50,5,10,0
BRDA:50,5,11,0
BRDA:50,5,12,0
BRF:21
BRH:4
end_of_record
TN:
SF:../packages/core/src/components/Popper/utils/normalizeDimension/normalizeDimension.ts
FN:18,(anonymous_0)
FNF:1
FNH:1
FNDA:326,(anonymous_0)
DA:18,49
DA:19,326
LF:2
LH:2
BRF:0
BRH:0
end_of_record
TN:
SF:../packages/core/src/components/Popper/utils/verticalPlacementSelector/verticalPlacementSelector.ts
FN:9,(anonymous_0)
FNF:1
FNH:1
FNDA:163,(anonymous_0)
DA:9,49
DA:14,163
DA:15,116
DA:16,116
DA:21,116
DA:24,0
DA:27,47
DA:28,0
DA:29,0
DA:34,0
DA:37,0
DA:40,47
LF:12
LH:7
BRDA:14,0,0,116
BRDA:14,0,1,47
BRDA:14,1,0,163
BRDA:14,1,1,163
BRDA:15,2,0,116
BRDA:15,2,1,0
BRDA:15,3,0,116
BRDA:15,3,1,116
BRDA:27,4,0,0
BRDA:27,4,1,47
BRDA:27,5,0,47
BRDA:27,5,1,47
BRDA:28,6,0,0
BRDA:28,6,1,0
BRDA:28,7,0,0
BRDA:28,7,1,0
BRF:16
BRH:10
end_of_record
TN:
SF:../packages/core/src/components/Portal/Portal.tsx
FN:21,usePortal
FN:31,(anonymous_1)
FN:52,(anonymous_2)
FN:65,(anonymous_3)
FNF:4
FNH:3
FNDA:189,usePortal
FNDA:49,(anonymous_1)
FNDA:0,(anonymous_2)
FNDA:189,(anonymous_3)
DA:9,49
DA:31,189
DA:39,49
DA:41,49
DA:46,49
DA:48,49
DA:50,49
DA:52,49
DA:53,0
DA:57,189
DA:65,49
DA:72,189
DA:73,189
DA:74,189
DA:83,189
LF:15
LH:14
BRDA:10,0,0,49
BRDA:10,0,1,49
BRDA:10,0,2,49
BRDA:46,1,0,49
BRDA:46,1,1,0
BRDA:73,2,0,189
BRDA:73,2,1,189
BRDA:83,3,0,189
BRDA:83,3,1,189
BRF:9
BRH:8
end_of_record
TN:
SF:../packages/core/src/components/RadioButton/RadioButton.tsx
FN:13,(anonymous_0)
FNF:1
FNH:0
FNDA:0,(anonymous_0)
DA:12,49
DA:31,0
DA:34,0
DA:36,0
DA:75,49
LF:5
LH:2
BRDA:34,0,0,0
BRDA:34,0,1,0
BRDA:49,1,0,0
BRDA:49,1,1,0
BRDA:49,1,2,0
BRDA:57,2,0,0
BRDA:57,2,1,0
BRDA:62,3,0,0
BRDA:62,3,1,0
BRDA:62,3,2,0
BRDA:62,3,3,0
BRDA:67,4,0,0
BRDA:67,4,1,0
BRDA:67,4,2,0
BRDA:67,4,3,0
BRF:15
BRH:0
end_of_record
TN:
SF:../packages/core/src/components/RadioButton/StyledRadioButton.ts
FNF:0
FNH:0
DA:8,49
LF:1
LH:1
BRF:0
BRH:0
end_of_record
TN:
SF:../packages/core/src/components/RadioButton/RadioLabel/RadioLabel.tsx
FN:8,(anonymous_0)
FNF:1
FNH:0
FNDA:0,(anonymous_0)
DA:8,49
DA:13,0
LF:2
LH:1
BRF:0
BRH:0
end_of_record
TN:
SF:../packages/core/src/components/RadioButton/RadioLabel/StyledRadioLabel.ts
FN:17,borderSwitch
FN:49,(anonymous_1)
FN:65,(anonymous_2)
FN:66,(anonymous_3)
FN:69,(anonymous_4)
FN:73,(anonymous_5)
FN:84,(anonymous_6)
FN:86,(anonymous_7)
FN:88,(anonymous_8)
FNF:9
FNH:0
FNDA:0,borderSwitch
FNDA:0,(anonymous_1)
FNDA:0,(anonymous_2)
FNDA:0,(anonymous_3)
FNDA:0,(anonymous_4)
FNDA:0,(anonymous_5)
FNDA:0,(anonymous_6)
FNDA:0,(anonymous_7)
FNDA:0,(anonymous_8)
DA:14,49
DA:15,49
DA:23,0
DA:24,0
DA:27,0
DA:28,0
DA:31,0
DA:32,0
DA:35,0
DA:38,49
DA:42,49
DA:50,0
DA:65,0
DA:66,0
DA:70,0
DA:74,0
DA:85,0
DA:87,0
DA:89,0
LF:19
LH:4
BRDA:23,0,0,0
BRDA:23,0,1,0
BRDA:27,1,0,0
BRDA:27,1,1,0
BRDA:31,2,0,0
BRDA:31,2,1,0
BRDA:50,3,0,0
BRDA:50,3,1,0
BRDA:65,4,0,0
BRDA:65,4,1,0
BRDA:66,5,0,0
BRDA:66,5,1,0
BRDA:70,6,0,0
BRDA:70,6,1,0
BRDA:74,7,0,0
BRDA:74,7,1,0
BRDA:85,8,0,0
BRDA:85,8,1,0
BRDA:87,9,0,0
BRDA:87,9,1,0
BRDA:89,10,0,0
BRDA:89,10,1,0
BRF:22
BRH:0
end_of_record
TN:
SF:../packages/core/src/components/RadioButtonGroup/RadioButtonGroup.tsx
FN:28,(anonymous_0)
FN:31,(anonymous_1)
FN:43,(anonymous_2)
FN:65,(anonymous_3)
FNF:4
FNH:0
FNDA:0,(anonymous_0)
FNDA:0,(anonymous_1)
FNDA:0,(anonymous_2)
FNDA:0,(anonymous_3)
DA:12,49
DA:23,49
DA:28,0
DA:31,0
DA:43,49
DA:55,0
DA:66,0
LF:7
LH:3
BRDA:28,0,0,0
BRDA:28,0,1,0
BRDA:31,1,0,0
BRDA:31,1,1,0
BRDA:51,2,0,0
BRDA:61,3,0,0
BRDA:61,3,1,0
BRDA:67,4,0,0
BRDA:67,4,1,0
BRDA:75,5,0,0
BRDA:75,5,1,0
BRDA:75,5,2,0
BRF:12
BRH:0
end_of_record
TN:
SF:../packages/core/src/components/ScreenReaderText/ScreenReaderText.ts
FN:23,(anonymous_0)
FNF:1
FNH:0
FNDA:0,(anonymous_0)
DA:22,49
DA:23,0
LF:2
LH:1
BRF:0
BRH:0
end_of_record
TN:
SF:../packages/core/src/components/SimpleBannerAlert/SimpleBannerAlert.tsx
FN:9,(anonymous_0)
FNF:1
FNH:0
FNDA:0,(anonymous_0)
DA:9,49
DA:14,0
DA:16,0
DA:26,49
LF:4
LH:2
BRDA:18,0,0,0
BRDA:18,0,1,0
BRF:2
BRH:0
end_of_record
TN:
SF:../packages/core/src/components/SimpleBannerAlert/StyledBannerAlert.ts
FNF:0
FNH:0
DA:13,49
DA:15,49
LF:2
LH:2
BRF:0
BRH:0
end_of_record
TN:
SF:../packages/core/src/components/SkeletonLoader/SkeletonLoader.ts
FN:7,(anonymous_0)
FN:49,(anonymous_1)
FNF:2
FNH:0
FNDA:0,(anonymous_0)
FNDA:0,(anonymous_1)
DA:7,49
DA:8,0
DA:10,0
DA:15,0
DA:20,0
DA:25,0
DA:32,0
DA:39,49
DA:48,49
DA:49,0
LF:10
LH:3
BRDA:8,0,0,0
BRDA:8,0,1,0
BRDA:8,0,2,0
BRDA:8,0,3,0
BRDA:8,0,4,0
BRDA:54,1,0,0
BRDA:54,1,1,0
BRF:7
BRH:0
end_of_record
TN:
SF:../packages/core/src/components/StatusText/StatusText.tsx
FN:11,getIconColor
FN:22,getIconName
FN:33,(anonymous_2)
FNF:3
FNH:0
FNDA:0,getIconColor
FNDA:0,getIconName
FNDA:0,(anonymous_2)
DA:12,0
DA:14,0
DA:16,0
DA:18,0
DA:23,0
DA:25,0
DA:27,0
DA:29,0
DA:33,49
DA:40,0
DA:41,0
DA:43,0
LF:12
LH:1
BRDA:12,0,0,0
BRDA:12,0,1,0
BRDA:12,0,2,0
BRDA:23,1,0,0
BRDA:23,1,1,0
BRDA:23,1,2,0
BRDA:36,2,0,0
BRDA:37,3,0,0
BRDA:48,4,0,0
BRDA:48,4,1,0
BRDA:48,4,2,0
BRDA:48,4,3,0
BRF:12
BRH:0
end_of_record
TN:
SF:../packages/core/src/components/StatusText/StyledStatusText.ts
FNF:0
FNH:0
DA:9,49
LF:1
LH:1
BRF:0
BRH:0
end_of_record
TN:
SF:../packages/core/src/components/Switch/StyledSwitch.ts
FN:24,(anonymous_0)
FN:48,(anonymous_1)
FNF:2
FNH:0
FNDA:0,(anonymous_0)
FNDA:0,(anonymous_1)
DA:15,49
DA:24,49
DA:25,0
DA:26,0
DA:32,0
DA:33,0
DA:39,0
DA:44,49
DA:48,0
DA:51,49
LF:10
LH:4
BRDA:25,0,0,0
BRDA:25,0,1,0
BRDA:28,1,0,0
BRDA:28,1,1,0
BRDA:32,2,0,0
BRDA:32,2,1,0
BRDA:48,3,0,0
BRDA:48,3,1,0
BRF:8
BRH:0
end_of_record
TN:
SF:../packages/core/src/components/Switch/Switch.tsx
FN:16,(anonymous_0)
FN:32,(anonymous_1)
FN:38,(anonymous_2)
FN:67,(anonymous_3)
FNF:4
FNH:0
FNDA:0,(anonymous_0)
FNDA:0,(anonymous_1)
FNDA:0,(anonymous_2)
FNDA:0,(anonymous_3)
DA:15,49
DA:29,0
DA:30,0
DA:32,0
DA:33,0
DA:34,0
DA:38,0
DA:40,0
DA:41,0
DA:46,0
DA:52,0
DA:58,0
DA:61,0
DA:64,0
DA:67,0
DA:68,0
DA:69,0
DA:71,0
DA:77,0
DA:83,0
DA:125,49
LF:21
LH:2
BRDA:19,0,0,0
BRDA:30,1,0,0
BRDA:30,1,1,0
BRDA:33,2,0,0
BRDA:33,2,1,0
BRDA:40,3,0,0
BRDA:40,3,1,0
BRDA:68,4,0,0
BRDA:68,4,1,0
BRDA:68,5,0,0
BRDA:68,5,1,0
BRDA:77,6,0,0
BRDA:77,6,1,0
BRDA:77,6,2,0
BRDA:77,6,3,0
BRDA:119,7,0,0
BRDA:119,7,1,0
BRF:17
BRH:0
end_of_record
TN:
SF:../packages/core/src/components/Switch/SwitchKnob/SwitchKnob.ts
FN:6,(anonymous_0)
FNF:1
FNH:0
FNDA:0,(anonymous_0)
DA:6,49
DA:7,0
DA:8,0
DA:11,0
DA:12,0
DA:17,0
DA:22,49
LF:7
LH:2
BRDA:7,0,0,0
BRDA:7,0,1,0
BRDA:11,1,0,0
BRDA:11,1,1,0
BRF:4
BRH:0
end_of_record
TN:
SF:../packages/core/src/components/Switch/SwitchLabel/SwitchLabel.ts
FN:12,(anonymous_0)
FNF:1
FNH:0
FNDA:0,(anonymous_0)
DA:12,49
DA:16,49
DA:23,49
LF:3
LH:3
BRF:0
BRH:0
end_of_record
TN:
SF:../packages/core/src/components/Tab/StyledTab.ts
FN:29,(anonymous_0)
FN:60,(anonymous_1)
FNF:2
FNH:0
FNDA:0,(anonymous_0)
FNDA:0,(anonymous_1)
DA:17,49
DA:29,49
DA:30,0
DA:31,0
DA:41,0
DA:42,0
DA:50,0
DA:57,49
DA:60,0
LF:9
LH:3
BRDA:30,0,0,0
BRDA:30,0,1,0
BRDA:41,1,0,0
BRDA:41,1,1,0
BRDA:60,2,0,0
BRDA:60,2,1,0
BRF:6
BRH:0
end_of_record
TN:
SF:../packages/core/src/components/Tab/Tab.tsx
FN:12,(anonymous_0)
FN:24,(anonymous_1)
FN:29,(anonymous_2)
FNF:3
FNH:0
FNDA:0,(anonymous_0)
FNDA:0,(anonymous_1)
FNDA:0,(anonymous_2)
DA:12,49
DA:21,0
DA:24,0
DA:28,0
DA:29,0
DA:31,0
LF:6
LH:1
BRDA:24,0,0,0
BRDA:24,0,1,0
BRDA:28,1,0,0
BRDA:28,1,1,0
BRDA:41,2,0,0
BRDA:41,2,1,0
BRDA:42,3,0,0
BRDA:42,3,1,0
BRDA:43,4,0,0
BRDA:43,4,1,0
BRF:10
BRH:0
end_of_record
TN:
SF:../packages/core/src/components/TabContent/StyledTabContent.ts
FN:10,(anonymous_0)
FNF:1
FNH:0
FNDA:0,(anonymous_0)
DA:10,49
LF:1
LH:1
BRF:0
BRH:0
end_of_record
TN:
SF:../packages/core/src/components/TabContent/TabContent.tsx
FN:10,(anonymous_0)
FNF:1
FNH:0
FNDA:0,(anonymous_0)
DA:10,49
DA:14,0
LF:2
LH:1
BRDA:14,0,0,0
BRDA:14,0,1,0
BRF:2
BRH:0
end_of_record
TN:
SF:../packages/core/src/components/Table/StyledTable.ts
FN:19,(anonymous_0)
FN:20,(anonymous_1)
FN:25,(anonymous_2)
FN:29,(anonymous_3)
FN:32,(anonymous_4)
FN:41,(anonymous_5)
FNF:6
FNH:0
FNDA:0,(anonymous_0)
FNDA:0,(anonymous_1)
FNDA:0,(anonymous_2)
FNDA:0,(anonymous_3)
FNDA:0,(anonymous_4)
FNDA:0,(anonymous_5)
DA:14,49
DA:19,0
DA:20,0
DA:25,0
DA:29,0
DA:33,0
DA:42,0
LF:7
LH:1
BRDA:19,0,0,0
BRDA:19,0,1,0
BRDA:20,1,0,0
BRDA:20,1,1,0
BRDA:33,2,0,0
BRDA:33,2,1,0
BRDA:42,3,0,0
BRDA:42,3,1,0
BRF:8
BRH:0
end_of_record
TN:
SF:../packages/core/src/components/Table/Table.tsx
FN:8,(anonymous_0)
FNF:1
FNH:0
FNDA:0,(anonymous_0)
DA:7,49
DA:12,0
DA:21,49
LF:3
LH:2
BRDA:9,0,0,0
BRF:1
BRH:0
end_of_record
TN:
SF:../packages/core/src/components/TableBody/TableBody.tsx
FN:6,(anonymous_0)
FNF:1
FNH:0
FNDA:0,(anonymous_0)
DA:6,49
DA:10,49
DA:12,49
LF:3
LH:3
BRF:0
BRH:0
end_of_record
TN:
SF:../packages/core/src/components/TableCaption/TableCaption.tsx
FN:6,(anonymous_0)
FNF:1
FNH:0
FNDA:0,(anonymous_0)
DA:6,49
DA:10,49
DA:12,49
LF:3
LH:3
BRF:0
BRH:0
end_of_record
TN:
SF:../packages/core/src/components/TableCell/StyledTableCell.ts
FN:8,(anonymous_0)
FN:12,(anonymous_1)
FN:15,(anonymous_2)
FN:23,(anonymous_3)
FNF:4
FNH:0
FNDA:0,(anonymous_0)
FNDA:0,(anonymous_1)
FNDA:0,(anonymous_2)
FNDA:0,(anonymous_3)
DA:8,49
DA:12,0
DA:16,0
DA:24,0
LF:4
LH:1
BRDA:16,0,0,0
BRDA:16,0,1,0
BRDA:24,1,0,0
BRDA:24,1,1,0
BRF:4
BRH:0
end_of_record
TN:
SF:../packages/core/src/components/TableCell/TableCell.tsx
FN:7,(anonymous_0)
FNF:1
FNH:0
FNDA:0,(anonymous_0)
DA:6,49
DA:17,0
DA:27,49
LF:3
LH:2
BRDA:9,0,0,0
BRDA:10,1,0,0
BRDA:22,2,0,0
BRDA:22,2,1,0
BRF:4
BRH:0
end_of_record
TN:
SF:../packages/core/src/components/TableFooter/TableFooter.tsx
FN:6,(anonymous_0)
FNF:1
FNH:0
FNDA:0,(anonymous_0)
DA:6,49
DA:10,49
DA:12,49
LF:3
LH:3
BRF:0
BRH:0
end_of_record
TN:
SF:../packages/core/src/components/TableHeader/StyledTableHeader.ts
FNF:0
FNH:0
DA:9,49
LF:1
LH:1
BRF:0
BRH:0
end_of_record
TN:
SF:../packages/core/src/components/TableHeader/TableHeader.tsx
FN:8,(anonymous_0)
FNF:1
FNH:0
FNDA:0,(anonymous_0)
DA:7,49
DA:12,0
DA:20,49
LF:3
LH:2
BRF:0
BRH:0
end_of_record
TN:
SF:../packages/core/src/components/TableHeaderCell/SortIcon.ts
FN:10,(anonymous_0)
FN:17,(anonymous_1)
FNF:2
FNH:0
FNDA:0,(anonymous_0)
FNDA:0,(anonymous_1)
DA:9,49
DA:10,0
DA:18,0
DA:24,49
LF:4
LH:2
BRDA:13,0,0,0
BRDA:13,0,1,0
BRDA:18,1,0,0
BRDA:18,1,1,0
BRF:4
BRH:0
end_of_record
TN:
SF:../packages/core/src/components/TableHeaderCell/StyledTableHeaderCell.ts
FN:18,(anonymous_0)
FN:23,(anonymous_1)
FN:65,(anonymous_2)
FNF:3
FNH:0
FNDA:0,(anonymous_0)
FNDA:0,(anonymous_1)
FNDA:0,(anonymous_2)
DA:17,49
DA:18,0
DA:24,0
DA:65,0
LF:4
LH:1
BRDA:24,0,0,0
BRDA:24,0,1,0
BRDA:65,1,0,0
BRDA:65,1,1,0
BRF:4
BRH:0
end_of_record
TN:
SF:../packages/core/src/components/TableHeaderCell/TableHeaderCell.tsx
FN:17,(anonymous_0)
FN:37,(anonymous_1)
FN:64,(anonymous_2)
FN:96,(anonymous_3)
FN:110,(anonymous_4)
FN:111,(anonymous_5)
FNF:6
FNH:0
FNDA:0,(anonymous_0)
FNDA:0,(anonymous_1)
FNDA:0,(anonymous_2)
FNDA:0,(anonymous_3)
FNDA:0,(anonymous_4)
FNDA:0,(anonymous_5)
DA:17,49
DA:21,0
DA:22,0
DA:25,0
DA:26,0
DA:29,0
DA:32,49
DA:37,49
DA:42,0
DA:43,0
DA:47,0
DA:48,0
DA:49,0
DA:54,0
DA:57,49
DA:63,49
DA:77,0
DA:78,0
DA:79,0
DA:80,0
DA:81,0
DA:82,0
DA:86,0
DA:88,0
DA:96,0
DA:97,0
DA:102,0
DA:110,0
DA:111,0
DA:149,49
LF:30
LH:6
BRDA:21,0,0,0
BRDA:21,0,1,0
BRDA:25,1,0,0
BRDA:25,1,1,0
BRDA:26,2,0,0
BRDA:26,2,1,0
BRDA:42,3,0,0
BRDA:42,3,1,0
BRDA:47,4,0,0
BRDA:47,4,1,0
BRDA:48,5,0,0
BRDA:48,5,1,0
BRDA:68,6,0,0
BRDA:69,7,0,0
BRDA:83,8,0,0
BRDA:83,8,1,0
BRDA:90,9,0,0
BRDA:90,9,1,0
BRDA:90,10,0,0
BRDA:90,10,1,0
BRDA:108,11,0,0
BRDA:108,11,1,0
BRDA:108,12,0,0
BRDA:108,12,1,0
BRDA:109,13,0,0
BRDA:109,13,1,0
BRDA:113,14,0,0
BRDA:113,14,1,0
BRDA:129,15,0,0
BRDA:129,15,1,0
BRF:30
BRH:0
end_of_record
TN:
SF:../packages/core/src/components/TableHeaderCell/utils/tooltipText.ts
FN:14,(anonymous_0)
FNF:1
FNH:0
FNDA:0,(anonymous_0)
DA:14,49
DA:21,0
DA:22,0
DA:24,0
DA:29,0
DA:34,0
DA:35,0
DA:41,0
DA:49,0
DA:51,0
DA:64,0
DA:77,0
DA:78,0
DA:88,0
LF:14
LH:1
BRDA:21,0,0,0
BRDA:21,0,1,0
BRDA:22,1,0,0
BRDA:22,1,1,0
BRDA:22,1,2,0
BRDA:34,2,0,0
BRDA:34,2,1,0
BRDA:49,3,0,0
BRDA:49,3,1,0
BRDA:49,3,2,0
BRDA:77,4,0,0
BRDA:77,4,1,0
BRF:12
BRH:0
end_of_record
TN:
SF:../packages/core/src/components/TableRow/StyledTableRow.ts
FN:9,(anonymous_0)
FN:23,(anonymous_1)
FNF:2
FNH:0
FNDA:0,(anonymous_0)
FNDA:0,(anonymous_1)
DA:9,49
DA:24,0
DA:33,49
LF:3
LH:2
BRDA:24,0,0,0
BRDA:24,0,1,0
BRF:2
BRH:0
end_of_record
TN:
SF:../packages/core/src/components/TableRow/TableRow.tsx
FN:7,(anonymous_0)
FNF:1
FNH:0
FNDA:0,(anonymous_0)
DA:6,49
DA:8,0
DA:12,49
LF:3
LH:2
BRF:0
BRH:0
end_of_record
TN:
SF:../packages/core/src/components/Tabs/Tabs.tsx
FN:12,(anonymous_0)
FNF:1
FNH:0
FNDA:0,(anonymous_0)
DA:12,49
DA:18,0
LF:2
LH:1
BRF:0
BRH:0
end_of_record
TN:
SF:../packages/core/src/components/Tabs/TabNavigator/TabNavigator.tsx
FN:9,(anonymous_0)
FNF:1
FNH:0
FNDA:0,(anonymous_0)
DA:9,49
LF:1
LH:1
BRF:0
BRH:0
end_of_record
TN:
SF:../packages/core/src/components/TabsContext/TabsContext.tsx
FN:14,(anonymous_0)
FN:18,(anonymous_1)
FNF:2
FNH:0
FNDA:0,(anonymous_0)
FNDA:0,(anonymous_1)
DA:9,49
DA:14,49
DA:18,0
DA:23,0
DA:24,0
DA:28,0
LF:6
LH:2
BRDA:23,0,0,0
BRDA:23,0,1,0
BRDA:23,1,0,0
BRDA:23,1,1,0
BRF:4
BRH:0
end_of_record
TN:
SF:../packages/core/src/components/Textarea/StyledTextarea.ts
FN:9,(anonymous_0)
FNF:1
FNH:0
FNDA:0,(anonymous_0)
DA:7,49
DA:9,49
DA:10,0
DA:12,0
DA:14,0
DA:16,0
DA:19,0
DA:23,49
LF:8
LH:3
BRDA:10,0,0,0
BRDA:10,0,1,0
BRDA:10,1,0,0
BRDA:10,1,1,0
BRDA:12,2,0,0
BRDA:12,2,1,0
BRDA:12,2,2,0
BRDA:12,2,3,0
BRF:8
BRH:0
end_of_record
TN:
SF:../packages/core/src/components/Textarea/Textarea.tsx
FN:9,(anonymous_0)
FNF:1
FNH:0
FNDA:0,(anonymous_0)
DA:8,49
DA:13,0
DA:20,0
DA:32,49
LF:4
LH:2
BRDA:10,0,0,0
BRF:1
BRH:0
end_of_record
TN:
SF:../packages/core/src/components/Toaster/StyledToaster.ts
FN:17,(anonymous_0)
FNF:1
FNH:1
FNDA:196,(anonymous_0)
DA:17,196
DA:29,49
LF:2
LH:2
BRF:0
BRH:0
end_of_record
TN:
SF:../packages/core/src/components/Toaster/Toaster.tsx
FN:10,(anonymous_0)
FN:28,(anonymous_1)
FN:32,(anonymous_2)
FNF:3
FNH:0
FNDA:0,(anonymous_0)
FNDA:0,(anonymous_1)
FNDA:0,(anonymous_2)
DA:10,49
DA:15,0
DA:17,0
DA:19,0
DA:21,0
DA:24,0
DA:28,49
DA:29,0
DA:32,49
DA:39,0
DA:55,49
LF:11
LH:4
BRDA:15,0,0,0
BRDA:15,0,1,0
BRDA:15,0,2,0
BRDA:15,0,3,0
BRDA:15,0,4,0
BRDA:33,1,0,0
BRDA:36,2,0,0
BRF:7
BRH:0
end_of_record
TN:
SF:../packages/core/src/components/Toaster/Toast/StyledToast.ts
FN:31,(anonymous_0)
FN:32,(anonymous_1)
FN:37,(anonymous_2)
FN:40,(anonymous_3)
FNF:4
FNH:0
FNDA:0,(anonymous_0)
FNDA:0,(anonymous_1)
FNDA:0,(anonymous_2)
FNDA:0,(anonymous_3)
DA:15,49
DA:31,0
DA:32,0
DA:37,0
DA:40,0
LF:5
LH:1
BRF:0
BRH:0
end_of_record
TN:
SF:../packages/core/src/components/Toaster/Toast/Toast.tsx
FN:10,(anonymous_0)
FN:24,(anonymous_1)
FNF:2
FNH:0
FNDA:0,(anonymous_0)
FNDA:0,(anonymous_1)
DA:10,49
DA:11,0
DA:13,0
DA:15,0
DA:17,0
DA:20,0
DA:24,49
DA:30,0
DA:32,0
DA:46,49
LF:10
LH:3
BRDA:11,0,0,0
BRDA:11,0,1,0
BRDA:11,0,2,0
BRDA:11,0,3,0
BRDA:11,0,4,0
BRDA:39,1,0,0
BRDA:39,1,1,0
BRF:7
BRH:0
end_of_record
TN:
SF:../packages/core/src/components/Toaster/ToastCloseButton/StyledToastCloseButton.ts
FNF:0
FNH:0
DA:6,49
LF:1
LH:1
BRF:0
BRH:0
end_of_record
TN:
SF:../packages/core/src/components/Toaster/ToastCloseButton/ToastCloseButton.tsx
FN:9,(anonymous_0)
FN:14,(anonymous_1)
FNF:2
FNH:0
FNDA:0,(anonymous_0)
FNDA:0,(anonymous_1)
DA:9,49
DA:14,0
DA:15,0
DA:17,0
DA:20,0
LF:5
LH:1
BRF:0
BRH:0
end_of_record
TN:
SF:../packages/core/src/components/Tooltip/StyledTooltip.ts
FN:22,(anonymous_0)
FNF:1
FNH:0
FNDA:0,(anonymous_0)
DA:6,49
DA:22,0
LF:2
LH:1
BRF:0
BRH:0
end_of_record
TN:
SF:../packages/core/src/components/Tooltip/Tooltip.tsx
FN:17,(anonymous_0)
FNF:1
FNH:0
FNDA:0,(anonymous_0)
DA:15,49
DA:17,49
DA:29,0
LF:3
LH:2
BRDA:21,0,0,0
BRDA:26,1,0,0
BRF:2
BRH:0
end_of_record
TN:
SF:../packages/core/src/components/UncontrolledTab/UncontrolledTab.tsx
FN:11,(anonymous_0)
FNF:1
FNH:0
FNDA:0,(anonymous_0)
DA:11,49
DA:15,0
DA:17,0
LF:3
LH:1
BRF:0
BRH:0
end_of_record
TN:
SF:../packages/core/src/components/UncontrolledTabContent/UncontrolledTabContent.tsx
FN:11,(anonymous_0)
FNF:1
FNH:0
FNDA:0,(anonymous_0)
DA:11,49
DA:15,0
DA:17,0
LF:3
LH:1
BRF:0
BRH:0
end_of_record
TN:
SF:../packages/core/src/components/UncontrolledTabs/UncontrolledTabs.tsx
FN:11,(anonymous_0)
FNF:1
FNH:0
FNDA:0,(anonymous_0)
DA:11,49
DA:14,0
DA:16,0
LF:3
LH:1
BRF:0
BRH:0
end_of_record
TN:
SF:../packages/core/src/components/UncontrolledTabsContext/UncontrolledTabsContext.tsx
FN:19,(anonymous_0)
FNF:1
FNH:0
FNDA:0,(anonymous_0)
DA:14,49
DA:19,49
DA:24,0
DA:26,0
LF:4
LH:2
BRF:0
BRH:0
end_of_record
TN:
SF:../packages/core/src/components/UncontrolledTabsContext/onChangeDefault/onChangeDefault.ts
FN:5,(anonymous_0)
FNF:1
FNH:0
FNDA:0,(anonymous_0)
DA:5,49
LF:1
LH:1
BRF:0
BRH:0
end_of_record
TN:
SF:../packages/core/src/components/UncontrolledTabsContext/useActiveTab/useActiveTab.ts
FN:12,(anonymous_0)
FN:21,(anonymous_1)
FNF:2
FNH:0
FNDA:0,(anonymous_0)
FNDA:0,(anonymous_1)
DA:12,49
DA:19,0
DA:21,0
DA:22,0
DA:24,0
DA:25,0
DA:29,0
LF:7
LH:1
BRDA:13,0,0,0
BRDA:24,1,0,0
BRDA:24,1,1,0
BRF:3
BRH:0
end_of_record
TN:
SF:../packages/core/src/components/UncontrolledTooltip/UncontrolledTooltip.tsx
FN:8,(anonymous_0)
FN:27,(anonymous_1)
FNF:2
FNH:0
FNDA:0,(anonymous_0)
FNDA:0,(anonymous_1)
DA:8,49
DA:16,0
DA:19,0
DA:20,0
DA:25,0
DA:28,0
LF:6
LH:1
BRDA:19,0,0,0
BRDA:19,0,1,0
BRF:2
BRH:0
end_of_record
TN:
SF:../packages/core/src/components/UntransitionedBannerAlert/StyledBannerContent.ts
FNF:0
FNH:0
DA:3,49
LF:1
LH:1
BRF:0
BRH:0
end_of_record
TN:
SF:../packages/core/src/components/UntransitionedBannerAlert/UntransitionedBannerAlert.tsx
FN:10,(anonymous_0)
FNF:1
FNH:0
FNDA:0,(anonymous_0)
DA:10,49
DA:15,0
DA:24,49
LF:3
LH:2
BRF:0
BRH:0
end_of_record
TN:
SF:../packages/core/src/services/getSizeSpacing/getSizeSpacing.ts
FN:7,(anonymous_0)
FNF:1
FNH:0
FNDA:0,(anonymous_0)
DA:7,49
DA:10,0
DA:12,0
DA:14,0
DA:17,0
LF:5
LH:1
BRDA:10,0,0,0
BRDA:10,0,1,0
BRDA:10,0,2,0
BRDA:10,0,3,0
BRF:4
BRH:0
end_of_record
TN:
SF:../packages/hooks/src/hooks/useIME/useIME.ts
FN:16,useIME
FN:50,(anonymous_1)
FN:82,(anonymous_2)
FN:99,(anonymous_3)
FN:102,(anonymous_4)
FNF:5
FNH:0
FNDA:0,useIME
FNDA:0,(anonymous_1)
FNDA:0,(anonymous_2)
FNDA:0,(anonymous_3)
FNDA:0,(anonymous_4)
DA:22,0
DA:23,0
DA:24,0
DA:25,0
DA:26,0
DA:27,0
DA:30,0
DA:31,0
DA:42,0
DA:45,0
DA:48,0
DA:50,0
DA:51,0
DA:53,0
DA:55,0
DA:58,0
DA:59,0
DA:66,0
DA:70,0
DA:74,0
DA:76,0
DA:81,0
DA:83,0
DA:85,0
DA:87,0
DA:89,0
DA:91,0
DA:93,0
DA:99,0
DA:100,0
DA:102,0
DA:103,0
DA:105,0
DA:107,0
DA:111,0
LF:35
LH:0
BRDA:22,0,0,0
BRDA:22,0,1,0
BRDA:22,1,0,0
BRDA:22,1,1,0
BRDA:27,2,0,0
BRDA:27,2,1,0
BRDA:53,3,0,0
BRDA:53,3,1,0
BRDA:66,4,0,0
BRDA:66,4,1,0
BRDA:67,5,0,0
BRDA:67,5,1,0
BRDA:74,6,0,0
BRDA:74,6,1,0
BRDA:87,7,0,0
BRDA:87,7,1,0
BRDA:105,8,0,0
BRDA:105,8,1,0
BRF:18
BRH:0
end_of_record
TN:
SF:../packages/hooks/src/hooks/useId/useId.ts
FN:9,(anonymous_0)
FNF:1
FNH:1
FNDA:189,(anonymous_0)
DA:9,49
DA:10,189
DA:12,189
LF:3
LH:3
BRDA:12,0,0,189
BRDA:12,0,1,0
BRF:2
BRH:1
end_of_record
TN:
SF:../packages/hooks/src/hooks/useLoadingButton/useLoadingButton.ts
FN:15,(anonymous_0)
FN:32,(anonymous_1)
FN:53,(anonymous_2)
FN:65,(anonymous_3)
FN:70,(anonymous_4)
FN:76,(anonymous_5)
FN:96,(anonymous_6)
FN:110,(anonymous_7)
FN:117,(anonymous_8)
FN:122,(anonymous_9)
FNF:10
FNH:0
FNDA:0,(anonymous_0)
FNDA:0,(anonymous_1)
FNDA:0,(anonymous_2)
FNDA:0,(anonymous_3)
FNDA:0,(anonymous_4)
FNDA:0,(anonymous_5)
FNDA:0,(anonymous_6)
FNDA:0,(anonymous_7)
FNDA:0,(anonymous_8)
FNDA:0,(anonymous_9)
DA:15,49
DA:20,0
DA:23,0
DA:26,0
DA:29,0
DA:32,0
DA:35,0
DA:36,0
DA:41,0
DA:42,0
DA:47,0
DA:48,0
DA:53,0
DA:55,0
DA:56,0
DA:60,0
DA:61,0
DA:65,0
DA:66,0
DA:70,0
DA:71,0
DA:75,0
DA:78,0
DA:81,0
DA:84,0
DA:85,0
DA:89,0
DA:92,0
DA:96,0
DA:98,0
DA:99,0
DA:103,0
DA:104,0
DA:107,0
DA:110,0
DA:111,0
DA:116,0
DA:117,0
DA:122,0
DA:123,0
DA:126,0
LF:41
LH:1
BRDA:17,0,0,0
BRDA:29,1,0,0
BRDA:29,1,1,0
BRDA:35,2,0,0
BRDA:35,2,1,0
BRDA:35,3,0,0
BRDA:35,3,1,0
BRDA:41,4,0,0
BRDA:41,4,1,0
BRDA:41,5,0,0
BRDA:41,5,1,0
BRDA:47,6,0,0
BRDA:47,6,1,0
BRDA:47,7,0,0
BRDA:47,7,1,0
BRDA:55,8,0,0
BRDA:55,8,1,0
BRDA:55,9,0,0
BRDA:55,9,1,0
BRDA:60,10,0,0
BRDA:60,10,1,0
BRDA:60,11,0,0
BRDA:60,11,1,0
BRDA:84,12,0,0
BRDA:84,12,1,0
BRDA:98,13,0,0
BRDA:98,13,1,0
BRF:27
BRH:0
end_of_record
TN:
SF:../packages/translations/src/useCoreI18nNamespace.ts
FNF:0
FNH:0
DA:11,49
LF:1
LH:1
BRF:0
BRH:0
end_of_record
